[v0.1] : 04-11-17 02:35:14 : fetchusertimeline.php : I : -------------fetchusertimeline.php-------------
[v0.1] : 04-11-17 02:35:14 : fetchusertimeline.php : I : REQUEST PARAM : user_id(1)
[v0.1] : 04-11-17 02:35:14 : fetchusertimeline.php : I : REQUEST PARAM : index(0)
[v0.1] : 04-11-17 02:35:14 : fetchusertimeline.php : I : -------------fetchusertimeline.php-------------
[v0.1] : 04-11-17 02:36:24 : fetchusertimeline.php : I : -------------fetchusertimeline.php-------------
[v0.1] : 04-11-17 02:36:24 : fetchusertimeline.php : I : REQUEST PARAM : user_id(1)
[v0.1] : 04-11-17 02:36:24 : fetchusertimeline.php : I : REQUEST PARAM : index(0)
[v0.1] : 04-11-17 02:36:24 : fetchusertimeline.php : I : -------------fetchusertimeline.php-------------
[v0.1] : 04-11-17 02:45:35 : fetchusertimeline.php : I : -------------fetchusertimeline.php-------------
[v0.1] : 04-11-17 02:45:35 : fetchusertimeline.php : I : REQUEST PARAM : user_id()
[v0.1] : 04-11-17 02:45:35 : fetchusertimeline.php : I : REQUEST PARAM : index()
[v0.1] : 04-11-17 02:48:31 : fetchusertimeline.php : I : -------------fetchusertimeline.php-------------
[v0.1] : 04-11-17 02:48:31 : fetchusertimeline.php : I : REQUEST PARAM : user_id(1)
[v0.1] : 04-11-17 02:48:31 : fetchusertimeline.php : I : REQUEST PARAM : index(0)
[v0.1] : 04-11-17 02:48:31 : fetchusertimeline.php : I : -------------fetchusertimeline.php-------------
[v0.1] : 04-11-17 02:54:52 : fetchusertimeline.php : I : -------------fetchusertimeline.php-------------
[v0.1] : 04-11-17 02:54:52 : fetchusertimeline.php : I : REQUEST PARAM : user_id(1)
[v0.1] : 04-11-17 02:54:52 : fetchusertimeline.php : I : REQUEST PARAM : index(0)
[v0.1] : 04-11-17 02:54:52 : fetchusertimeline.php : I : -------------fetchusertimeline.php-------------
[v0.1] : 04-11-17 02:56:37 : fetchusertimeline.php : I : -------------fetchusertimeline.php-------------
[v0.1] : 04-11-17 02:56:37 : fetchusertimeline.php : I : REQUEST PARAM : user_id(1)
[v0.1] : 04-11-17 02:56:37 : fetchusertimeline.php : I : REQUEST PARAM : index(0)
[v0.1] : 04-11-17 02:56:37 : fetchusertimeline.php : I : -------------fetchusertimeline.php-------------
[v0.1] : 04-11-17 02:56:47 : fetchusertimeline.php : I : -------------fetchusertimeline.php-------------
[v0.1] : 04-11-17 02:56:47 : fetchusertimeline.php : I : REQUEST PARAM : user_id(1)
[v0.1] : 04-11-17 02:56:47 : fetchusertimeline.php : I : REQUEST PARAM : index(1)
[v0.1] : 04-11-17 02:56:48 : fetchusertimeline.php : I : -------------fetchusertimeline.php-------------
04-11-17 11:40:24 : fetchfoodtype.php : I : Food Type fetched successfully
04-11-17 11:40:24 : fetchtrendingrecipes.php : I : Trending Recipes fetched successfully
04-11-17 11:40:25 : fetchcuisine.php : I : Food Cuisine fetched successfully
04-11-17 11:40:26 : fetchtrendingrecipes.php : I : Trending Recipes fetched successfully
04-11-17 11:40:27 : fetchqty.php : I : Quantity fetched successfully
04-11-17 11:40:28 : fetchtrendingrecipes.php : I : Trending Recipes fetched successfully
04-11-17 11:40:29 : fetchtastes.php : I : Tastes fetched successfully
[v0.1] : 04-11-17 11:40:36 : fetchusertimeline.php : I : 
[v0.1] : 04-11-17 11:40:36 : fetchusertimeline.php : I : -------------fetchusertimeline.php-------------
[v0.1] : 04-11-17 11:40:36 : fetchusertimeline.php : I : REQUEST PARAM : user_id(1)
[v0.1] : 04-11-17 11:40:36 : fetchusertimeline.php : I : REQUEST PARAM : index(0)
[v0.1] : 04-11-17 11:40:37 : fetchusertimeline.php : I : -------------fetchusertimeline.php-------------
[v0.1] : 04-11-17 11:45:45 : fetchusertimeline.php : I : 
[v0.1] : 04-11-17 11:45:45 : fetchusertimeline.php : I : -------------fetchusertimeline.php-------------
[v0.1] : 04-11-17 11:45:45 : fetchusertimeline.php : I : REQUEST PARAM : user_id(1)
[v0.1] : 04-11-17 11:45:45 : fetchusertimeline.php : I : REQUEST PARAM : index(1)
[v0.1] : 04-11-17 11:45:45 : fetchusertimeline.php : I : -------------fetchusertimeline.php-------------
04-11-17 11:49:19 : fetchtrendingrecipes.php : I : Trending Recipes fetched successfully
04-11-17 11:49:19 : fetchcuisine.php : I : Food Cuisine fetched successfully
04-11-17 11:49:20 : fetchqty.php : I : Quantity fetched successfully
04-11-17 11:49:22 : fetchtastes.php : I : Tastes fetched successfully
[v0.1] : 04-11-17 11:49:39 : fetchusertimeline.php : I : 
[v0.1] : 04-11-17 11:49:39 : fetchusertimeline.php : I : -------------fetchusertimeline.php-------------
[v0.1] : 04-11-17 11:49:39 : fetchusertimeline.php : I : REQUEST PARAM : user_id(1)
[v0.1] : 04-11-17 11:49:39 : fetchusertimeline.php : I : REQUEST PARAM : index(0)
[v0.1] : 04-11-17 11:49:40 : fetchusertimeline.php : I : -------------fetchusertimeline.php-------------
04-11-17 11:51:24 : fetchfoodtype.php : I : Food Type fetched successfully
04-11-17 11:51:24 : fetchtrendingrecipes.php : I : Trending Recipes fetched successfully
04-11-17 11:51:26 : fetchcuisine.php : I : Food Cuisine fetched successfully
04-11-17 11:51:26 : fetchtrendingrecipes.php : I : Trending Recipes fetched successfully
04-11-17 11:51:28 : fetchqty.php : I : Quantity fetched successfully
04-11-17 11:51:28 : fetchtrendingrecipes.php : I : Trending Recipes fetched successfully
04-11-17 11:51:30 : fetchtastes.php : I : Tastes fetched successfully
[v0.1] : 04-11-17 11:51:41 : fetchusertimeline.php : I : 
[v0.1] : 04-11-17 11:51:41 : fetchusertimeline.php : I : -------------fetchusertimeline.php-------------
[v0.1] : 04-11-17 11:51:41 : fetchusertimeline.php : I : REQUEST PARAM : user_id(1)
[v0.1] : 04-11-17 11:51:41 : fetchusertimeline.php : I : REQUEST PARAM : index(0)
[v0.1] : 04-11-17 11:51:41 : fetchusertimeline.php : I : -------------fetchusertimeline.php-------------
