22-10-17 00:13:31 : fetchuserrecipes.php : I : -------------fetchuserrecipes.php-------------
22-10-17 00:13:31 : fetchuserrecipes.php : I : REQUEST PARAM : user_id(1)
22-10-17 00:13:31 : fetchuserrecipes.php : I : Total Recipes fetched : 25
22-10-17 00:13:31 : fetchuserrecipes.php : I : -------------fetchuserrecipes.php-------------
22-10-17 00:13:31 : fetchuserrecipes.php : I : 
22-10-17 00:13:31 : fetchuserrecipes.php : I : -------------fetchuserrecipes.php-------------
22-10-17 00:13:31 : fetchuserrecipes.php : I : 
22-10-17 00:17:38 : fetchuserrecipes.php : I : -------------fetchuserrecipes.php-------------
22-10-17 00:17:38 : fetchuserrecipes.php : I : REQUEST PARAM : user_id(1)
22-10-17 00:17:38 : fetchuserrecipes.php : I : Total Recipes fetched : 25
22-10-17 00:17:38 : fetchuserrecipes.php : I : -------------fetchuserrecipes.php-------------
22-10-17 00:17:38 : fetchuserrecipes.php : I : 
22-10-17 00:17:38 : fetchuserrecipes.php : I : -------------fetchuserrecipes.php-------------
22-10-17 00:17:38 : fetchuserrecipes.php : I : 
22-10-17 00:24:31 : fetchuserrecipes.php : I : -------------fetchuserrecipes.php-------------
22-10-17 00:24:31 : fetchuserrecipes.php : I : REQUEST PARAM : user_id(1)
22-10-17 00:24:31 : fetchuserrecipes.php : I : Total Recipes fetched : 25
22-10-17 00:24:31 : fetchuserrecipes.php : I : -------------fetchuserrecipes.php-------------
22-10-17 00:24:31 : fetchuserrecipes.php : I : 
22-10-17 00:24:31 : fetchuserrecipes.php : I : -------------fetchuserrecipes.php-------------
22-10-17 00:24:31 : fetchuserrecipes.php : I : 
22-10-17 00:48:18 : fetchuserrecipes.php : I : -------------fetchuserrecipes.php-------------
22-10-17 00:48:18 : fetchuserrecipes.php : I : REQUEST PARAM : user_id(1)
22-10-17 00:48:18 : fetchuserrecipes.php : I : Total Recipes fetched : 25
22-10-17 00:48:18 : fetchuserrecipes.php : I : -------------fetchuserrecipes.php-------------
22-10-17 00:48:18 : fetchuserrecipes.php : I : 
22-10-17 00:48:18 : fetchuserrecipes.php : I : -------------fetchuserrecipes.php-------------
22-10-17 00:48:18 : fetchuserrecipes.php : I : 
22-10-17 00:56:13 : fetchuserrecipes.php : I : -------------fetchuserrecipes.php-------------
22-10-17 00:56:13 : fetchuserrecipes.php : I : REQUEST PARAM : user_id(1)
22-10-17 00:56:13 : fetchuserrecipes.php : I : Total Recipes fetched : 25
22-10-17 00:56:13 : fetchuserrecipes.php : I : -------------fetchuserrecipes.php-------------
22-10-17 00:56:13 : fetchuserrecipes.php : I : 
22-10-17 00:56:13 : fetchuserrecipes.php : I : -------------fetchuserrecipes.php-------------
22-10-17 00:56:13 : fetchuserrecipes.php : I : 
22-10-17 01:00:34 : fetchuserrecipes.php : I : -------------fetchuserrecipes.php-------------
22-10-17 01:00:34 : fetchuserrecipes.php : I : REQUEST PARAM : user_id(1)
22-10-17 01:00:34 : fetchuserrecipes.php : I : Total Recipes fetched : 25
22-10-17 01:00:34 : fetchuserrecipes.php : I : -------------fetchuserrecipes.php-------------
22-10-17 01:00:34 : fetchuserrecipes.php : I : 
22-10-17 01:00:34 : fetchuserrecipes.php : I : -------------fetchuserrecipes.php-------------
22-10-17 01:00:34 : fetchuserrecipes.php : I : 
22-10-17 01:02:03 : fetchuserrecipes.php : I : -------------fetchuserrecipes.php-------------
22-10-17 01:02:03 : fetchuserrecipes.php : I : REQUEST PARAM : user_id(1)
22-10-17 01:02:03 : fetchuserrecipes.php : I : Total Recipes fetched : 25
22-10-17 01:02:03 : fetchuserrecipes.php : I : -------------fetchuserrecipes.php-------------
22-10-17 01:02:03 : fetchuserrecipes.php : I : 
22-10-17 01:02:03 : fetchuserrecipes.php : I : -------------fetchuserrecipes.php-------------
22-10-17 01:02:03 : fetchuserrecipes.php : I : 
22-10-17 01:11:49 : fetchuserrecipes.php : I : -------------fetchuserrecipes.php-------------
22-10-17 01:11:49 : fetchuserrecipes.php : I : REQUEST PARAM : user_id(1)
22-10-17 01:11:49 : fetchuserrecipes.php : I : Total Recipes fetched : 25
22-10-17 01:11:49 : fetchuserrecipes.php : I : -------------fetchuserrecipes.php-------------
22-10-17 01:11:49 : fetchuserrecipes.php : I : 
22-10-17 01:11:49 : fetchuserrecipes.php : I : -------------fetchuserrecipes.php-------------
22-10-17 01:11:49 : fetchuserrecipes.php : I : 
22-10-17 01:14:17 : fetchuserrecipes.php : I : -------------fetchuserrecipes.php-------------
22-10-17 01:14:17 : fetchuserrecipes.php : I : REQUEST PARAM : user_id(1)
22-10-17 01:14:17 : fetchuserrecipes.php : I : Total Recipes fetched : 25
22-10-17 01:14:17 : fetchuserrecipes.php : I : -------------fetchuserrecipes.php-------------
22-10-17 01:14:17 : fetchuserrecipes.php : I : 
22-10-17 01:14:17 : fetchuserrecipes.php : I : -------------fetchuserrecipes.php-------------
22-10-17 01:14:17 : fetchuserrecipes.php : I : 
22-10-17 01:26:52 : fetchuserrecipes.php : I : -------------fetchuserrecipes.php-------------
22-10-17 01:26:52 : fetchuserrecipes.php : I : REQUEST PARAM : user_id(1)
22-10-17 01:26:52 : fetchuserrecipes.php : I : Total Recipes fetched : 25
22-10-17 01:26:52 : fetchuserrecipes.php : I : -------------fetchuserrecipes.php-------------
22-10-17 01:26:52 : fetchuserrecipes.php : I : 
22-10-17 01:26:52 : fetchuserrecipes.php : I : -------------fetchuserrecipes.php-------------
22-10-17 01:26:52 : fetchuserrecipes.php : I : 
22-10-17 01:29:47 : fetchuserrecipes.php : I : -------------fetchuserrecipes.php-------------
22-10-17 01:29:47 : fetchuserrecipes.php : I : REQUEST PARAM : user_id(1)
22-10-17 01:29:47 : fetchuserrecipes.php : I : Total Recipes fetched : 25
22-10-17 01:29:47 : fetchuserrecipes.php : I : -------------fetchuserrecipes.php-------------
22-10-17 01:29:47 : fetchuserrecipes.php : I : 
22-10-17 01:29:47 : fetchuserrecipes.php : I : -------------fetchuserrecipes.php-------------
22-10-17 01:29:47 : fetchuserrecipes.php : I : 
22-10-17 01:40:12 : fetchuserrecipes.php : I : -------------fetchuserrecipes.php-------------
22-10-17 01:40:12 : fetchuserrecipes.php : I : REQUEST PARAM : user_id(1)
22-10-17 01:40:12 : fetchuserrecipes.php : I : Total Recipes fetched : 25
22-10-17 01:40:12 : fetchuserrecipes.php : I : -------------fetchuserrecipes.php-------------
22-10-17 01:40:12 : fetchuserrecipes.php : I : 
22-10-17 01:40:12 : fetchuserrecipes.php : I : -------------fetchuserrecipes.php-------------
22-10-17 01:40:12 : fetchuserrecipes.php : I : 
22-10-17 01:49:21 : fetchuserrecipes.php : I : -------------fetchuserrecipes.php-------------
22-10-17 01:49:21 : fetchuserrecipes.php : I : REQUEST PARAM : user_id(1)
22-10-17 01:49:21 : fetchuserrecipes.php : I : Total Recipes fetched : 25
22-10-17 01:49:21 : fetchuserrecipes.php : I : -------------fetchuserrecipes.php-------------
22-10-17 01:49:21 : fetchuserrecipes.php : I : 
22-10-17 01:49:21 : fetchuserrecipes.php : I : -------------fetchuserrecipes.php-------------
22-10-17 01:49:21 : fetchuserrecipes.php : I : 
22-10-17 01:51:19 : fetchuserrecipes.php : I : -------------fetchuserrecipes.php-------------
22-10-17 01:51:19 : fetchuserrecipes.php : I : REQUEST PARAM : user_id(1)
22-10-17 01:51:19 : fetchuserrecipes.php : I : Total Recipes fetched : 25
22-10-17 01:51:19 : fetchuserrecipes.php : I : -------------fetchuserrecipes.php-------------
22-10-17 01:51:19 : fetchuserrecipes.php : I : 
22-10-17 01:51:19 : fetchuserrecipes.php : I : -------------fetchuserrecipes.php-------------
22-10-17 01:51:19 : fetchuserrecipes.php : I : 
22-10-17 02:17:19 : fetchuserfavrecipes.php : I : -------------fetchuserfavrecipes.php-------------
22-10-17 02:17:19 : fetchuserfavrecipes.php : I : REQUEST PARAM : user_id(1)
22-10-17 02:20:05 : fetchuserfavrecipes.php : I : -------------fetchuserfavrecipes.php-------------
22-10-17 02:20:05 : fetchuserfavrecipes.php : I : REQUEST PARAM : user_id(1)
22-10-17 02:20:05 : fetchuserfavrecipes.php : I : Total Recipes fetched : 1
22-10-17 02:20:05 : fetchuserfavrecipes.php : I : -------------fetchuserfavrecipes.php-------------
22-10-17 02:20:05 : fetchuserfavrecipes.php : I : 
22-10-17 02:20:05 : fetchuserfavrecipes.php : I : -------------fetchuserfavrecipes.php-------------
22-10-17 02:20:05 : fetchuserfavrecipes.php : I : 
22-10-17 02:20:07 : fetchuserfavrecipes.php : I : -------------fetchuserfavrecipes.php-------------
22-10-17 02:20:07 : fetchuserfavrecipes.php : I : REQUEST PARAM : user_id()
22-10-17 02:20:07 : fetchuserfavrecipes.php : I : Total Recipes fetched : 0
22-10-17 02:20:07 : fetchuserfavrecipes.php : I : -------------fetchuserfavrecipes.php-------------
22-10-17 02:20:07 : fetchuserfavrecipes.php : I : 
22-10-17 02:20:07 : fetchuserfavrecipes.php : I : -------------fetchuserfavrecipes.php-------------
22-10-17 02:20:07 : fetchuserfavrecipes.php : I : 
22-10-17 02:33:21 : fetchuserfavrecipes.php : I : -------------fetchuserfavrecipes.php-------------
22-10-17 02:33:21 : fetchuserfavrecipes.php : I : REQUEST PARAM : user_id(1)
22-10-17 02:33:21 : fetchuserfavrecipes.php : I : Total Recipes fetched : 1
22-10-17 02:33:21 : fetchuserfavrecipes.php : I : -------------fetchuserfavrecipes.php-------------
22-10-17 02:33:21 : fetchuserfavrecipes.php : I : 
22-10-17 02:33:21 : fetchuserfavrecipes.php : I : -------------fetchuserfavrecipes.php-------------
22-10-17 02:33:21 : fetchuserfavrecipes.php : I : 
22-10-17 02:33:43 : fetchuserviewedrecipes.php : I : -------------fetchuserviewedrecipes.php-------------
22-10-17 02:33:43 : fetchuserviewedrecipes.php : I : REQUEST PARAM : user_id(1)
22-10-17 02:33:43 : fetchuserviewedrecipes.php : I : Total Recipes fetched : 1
22-10-17 02:33:43 : fetchuserviewedrecipes.php : I : -------------fetchuserviewedrecipes.php-------------
22-10-17 02:33:43 : fetchuserviewedrecipes.php : I : 
22-10-17 02:33:43 : fetchuserviewedrecipes.php : I : -------------fetchuserviewedrecipes.php-------------
22-10-17 02:33:43 : fetchuserviewedrecipes.php : I : 
22-10-17 02:33:56 : fetchuserreviewedrecipes.php : I : -------------fetchuserreviewedrecipes.php-------------
22-10-17 02:33:56 : fetchuserreviewedrecipes.php : I : REQUEST PARAM : user_id(1)
22-10-17 02:33:56 : fetchuserreviewedrecipes.php : I : Total Recipes fetched : 1
22-10-17 02:33:56 : fetchuserreviewedrecipes.php : I : -------------fetchuserreviewedrecipes.php-------------
22-10-17 02:33:56 : fetchuserreviewedrecipes.php : I : 
22-10-17 02:33:56 : fetchuserreviewedrecipes.php : I : -------------fetchuserreviewedrecipes.php-------------
22-10-17 02:33:56 : fetchuserreviewedrecipes.php : I : 
22-10-17 02:34:02 : fetchuserviewedrecipes.php : I : -------------fetchuserviewedrecipes.php-------------
22-10-17 02:34:02 : fetchuserviewedrecipes.php : I : REQUEST PARAM : user_id(1)
22-10-17 02:34:02 : fetchuserviewedrecipes.php : I : Total Recipes fetched : 1
22-10-17 02:34:02 : fetchuserviewedrecipes.php : I : -------------fetchuserviewedrecipes.php-------------
22-10-17 02:34:02 : fetchuserviewedrecipes.php : I : 
22-10-17 02:34:02 : fetchuserviewedrecipes.php : I : -------------fetchuserviewedrecipes.php-------------
22-10-17 02:34:02 : fetchuserviewedrecipes.php : I : 
22-10-17 02:34:02 : fetchuserreviewedrecipes.php : I : -------------fetchuserreviewedrecipes.php-------------
22-10-17 02:34:02 : fetchuserreviewedrecipes.php : I : REQUEST PARAM : user_id(1)
22-10-17 02:34:02 : fetchuserreviewedrecipes.php : I : Total Recipes fetched : 1
22-10-17 02:34:02 : fetchuserreviewedrecipes.php : I : -------------fetchuserreviewedrecipes.php-------------
22-10-17 02:34:02 : fetchuserreviewedrecipes.php : I : 
22-10-17 02:34:02 : fetchuserreviewedrecipes.php : I : -------------fetchuserreviewedrecipes.php-------------
22-10-17 02:34:02 : fetchuserreviewedrecipes.php : I : 
22-10-17 02:41:18 : fetchuserfavrecipes.php : I : -------------fetchuserfavrecipes.php-------------
22-10-17 02:41:18 : fetchuserfavrecipes.php : I : REQUEST PARAM : user_id(1)
22-10-17 02:41:18 : fetchuserfavrecipes.php : I : Total Recipes fetched : 1
22-10-17 02:41:18 : fetchuserfavrecipes.php : I : -------------fetchuserfavrecipes.php-------------
22-10-17 02:41:18 : fetchuserfavrecipes.php : I : 
22-10-17 02:41:18 : fetchuserfavrecipes.php : I : -------------fetchuserfavrecipes.php-------------
22-10-17 02:41:18 : fetchuserfavrecipes.php : I : 
22-10-17 02:41:18 : fetchuserviewedrecipes.php : I : -------------fetchuserviewedrecipes.php-------------
22-10-17 02:41:18 : fetchuserviewedrecipes.php : I : REQUEST PARAM : user_id(1)
22-10-17 02:41:19 : fetchuserreviewedrecipes.php : I : -------------fetchuserreviewedrecipes.php-------------
22-10-17 02:41:19 : fetchuserreviewedrecipes.php : I : REQUEST PARAM : user_id(1)
22-10-17 02:44:21 : fetchuserfavrecipes.php : I : -------------fetchuserfavrecipes.php-------------
22-10-17 02:44:21 : fetchuserfavrecipes.php : I : REQUEST PARAM : user_id(1)
22-10-17 02:44:21 : fetchuserfavrecipes.php : I : Total Recipes fetched : 1
22-10-17 02:44:21 : fetchuserfavrecipes.php : I : -------------fetchuserfavrecipes.php-------------
22-10-17 02:44:21 : fetchuserfavrecipes.php : I : 
22-10-17 02:44:21 : fetchuserfavrecipes.php : I : -------------fetchuserfavrecipes.php-------------
22-10-17 02:44:21 : fetchuserfavrecipes.php : I : 
22-10-17 02:44:22 : fetchuserviewedrecipes.php : I : -------------fetchuserviewedrecipes.php-------------
22-10-17 02:44:22 : fetchuserviewedrecipes.php : I : REQUEST PARAM : user_id(1)
22-10-17 02:44:22 : fetchuserviewedrecipes.php : I : Total Recipes fetched : 1
22-10-17 02:44:22 : fetchuserviewedrecipes.php : I : -------------fetchuserviewedrecipes.php-------------
22-10-17 02:44:22 : fetchuserviewedrecipes.php : I : 
22-10-17 02:44:22 : fetchuserviewedrecipes.php : I : -------------fetchuserviewedrecipes.php-------------
22-10-17 02:44:22 : fetchuserviewedrecipes.php : I : 
22-10-17 02:44:22 : fetchuserreviewedrecipes.php : I : -------------fetchuserreviewedrecipes.php-------------
22-10-17 02:44:22 : fetchuserreviewedrecipes.php : I : REQUEST PARAM : user_id(1)
22-10-17 02:44:22 : fetchuserreviewedrecipes.php : I : Total Recipes fetched : 1
22-10-17 02:44:22 : fetchuserreviewedrecipes.php : I : -------------fetchuserreviewedrecipes.php-------------
22-10-17 02:44:22 : fetchuserreviewedrecipes.php : I : 
22-10-17 02:44:22 : fetchuserreviewedrecipes.php : I : -------------fetchuserreviewedrecipes.php-------------
22-10-17 02:44:22 : fetchuserreviewedrecipes.php : I : 
22-10-17 02:44:22 : fetchuserviewedrecipes.php : I : -------------fetchuserviewedrecipes.php-------------
22-10-17 02:44:22 : fetchuserviewedrecipes.php : I : REQUEST PARAM : user_id()
22-10-17 02:44:22 : fetchuserviewedrecipes.php : I : Total Recipes fetched : 0
22-10-17 02:44:22 : fetchuserviewedrecipes.php : I : -------------fetchuserviewedrecipes.php-------------
22-10-17 02:44:22 : fetchuserviewedrecipes.php : I : 
22-10-17 02:44:22 : fetchuserviewedrecipes.php : I : -------------fetchuserviewedrecipes.php-------------
22-10-17 02:44:22 : fetchuserviewedrecipes.php : I : 
22-10-17 02:44:23 : fetchuserreviewedrecipes.php : I : -------------fetchuserreviewedrecipes.php-------------
22-10-17 02:44:23 : fetchuserreviewedrecipes.php : I : REQUEST PARAM : user_id()
22-10-17 02:44:23 : fetchuserreviewedrecipes.php : I : Total Recipes fetched : 0
22-10-17 02:44:23 : fetchuserreviewedrecipes.php : I : -------------fetchuserreviewedrecipes.php-------------
22-10-17 02:44:23 : fetchuserreviewedrecipes.php : I : 
22-10-17 02:44:23 : fetchuserreviewedrecipes.php : I : -------------fetchuserreviewedrecipes.php-------------
22-10-17 02:44:23 : fetchuserreviewedrecipes.php : I : 
22-10-17 02:46:17 : fetchuserfavrecipes.php : I : -------------fetchuserfavrecipes.php-------------
22-10-17 02:46:17 : fetchuserfavrecipes.php : I : REQUEST PARAM : user_id(1)
22-10-17 02:46:17 : fetchuserfavrecipes.php : I : Total Recipes fetched : 1
22-10-17 02:46:17 : fetchuserfavrecipes.php : I : -------------fetchuserfavrecipes.php-------------
22-10-17 02:46:17 : fetchuserfavrecipes.php : I : 
22-10-17 02:46:17 : fetchuserfavrecipes.php : I : -------------fetchuserfavrecipes.php-------------
22-10-17 02:46:17 : fetchuserfavrecipes.php : I : 
22-10-17 02:46:17 : fetchuserviewedrecipes.php : I : -------------fetchuserviewedrecipes.php-------------
22-10-17 02:46:17 : fetchuserviewedrecipes.php : I : REQUEST PARAM : user_id(1)
22-10-17 02:46:17 : fetchuserviewedrecipes.php : I : Total Recipes fetched : 1
22-10-17 02:46:17 : fetchuserviewedrecipes.php : I : -------------fetchuserviewedrecipes.php-------------
22-10-17 02:46:17 : fetchuserviewedrecipes.php : I : 
22-10-17 02:46:17 : fetchuserviewedrecipes.php : I : -------------fetchuserviewedrecipes.php-------------
22-10-17 02:46:17 : fetchuserviewedrecipes.php : I : 
22-10-17 02:46:18 : fetchuserreviewedrecipes.php : I : -------------fetchuserreviewedrecipes.php-------------
22-10-17 02:46:18 : fetchuserreviewedrecipes.php : I : REQUEST PARAM : user_id(1)
22-10-17 02:46:18 : fetchuserreviewedrecipes.php : I : Total Recipes fetched : 1
22-10-17 02:46:18 : fetchuserreviewedrecipes.php : I : -------------fetchuserreviewedrecipes.php-------------
22-10-17 02:46:18 : fetchuserreviewedrecipes.php : I : 
22-10-17 02:46:18 : fetchuserreviewedrecipes.php : I : -------------fetchuserreviewedrecipes.php-------------
22-10-17 02:46:18 : fetchuserreviewedrecipes.php : I : 
