26-09-17 00:48:36 : fetchtrendingrecipes.php : I : Trending Recipes fetched successfully
26-09-17 00:48:36 : fetchfoodtype.php : I : Food Type fetched successfully
26-09-17 00:48:37 : fetchcuisine.php : I : Food Cuisine fetched successfully
26-09-17 00:48:38 : fetchqty.php : I : Quantity fetched successfully
26-09-17 00:48:38 : fetchtastes.php : I : Tastes fetched successfully
26-09-17 00:48:44 : fetchtrendingrecipes.php : I : Trending Recipes fetched successfully
26-09-17 00:49:47 : fetchfoodtype.php : I : Food Type fetched successfully
26-09-17 00:49:47 : fetchtrendingrecipes.php : I : Trending Recipes fetched successfully
26-09-17 00:49:48 : fetchcuisine.php : I : Food Cuisine fetched successfully
26-09-17 00:49:49 : fetchqty.php : I : Quantity fetched successfully
26-09-17 00:49:49 : fetchtastes.php : I : Tastes fetched successfully
26-09-17 00:49:56 : fetchtrendingrecipes.php : I : Trending Recipes fetched successfully
26-09-17 00:52:04 : fetchtrendingrecipes.php : I : Trending Recipes fetched successfully
26-09-17 00:52:04 : fetchfoodtype.php : I : Food Type fetched successfully
26-09-17 00:52:05 : fetchcuisine.php : I : Food Cuisine fetched successfully
26-09-17 00:52:06 : fetchqty.php : I : Quantity fetched successfully
26-09-17 00:52:06 : fetchtastes.php : I : Tastes fetched successfully
26-09-17 00:52:15 : fetchtrendingrecipes.php : I : Trending Recipes fetched successfully
26-09-17 00:54:45 : fetchfoodtype.php : I : Food Type fetched successfully
26-09-17 00:54:45 : fetchtrendingrecipes.php : I : Trending Recipes fetched successfully
26-09-17 00:54:45 : fetchcuisine.php : I : Food Cuisine fetched successfully
26-09-17 00:54:46 : fetchqty.php : I : Quantity fetched successfully
26-09-17 00:54:47 : fetchtastes.php : I : Tastes fetched successfully
26-09-17 00:54:51 : fetchtrendingrecipes.php : I : Trending Recipes fetched successfully
26-09-17 00:54:57 : fetchtrendingrecipes.php : I : Trending Recipes fetched successfully
26-09-17 00:57:25 : fetchtrendingrecipes.php : I : Trending Recipes fetched successfully
26-09-17 00:57:25 : fetchfoodtype.php : I : Food Type fetched successfully
26-09-17 00:57:26 : fetchcuisine.php : I : Food Cuisine fetched successfully
26-09-17 00:57:27 : fetchqty.php : I : Quantity fetched successfully
26-09-17 00:57:27 : fetchtastes.php : I : Tastes fetched successfully
26-09-17 00:57:31 : fetchtrendingrecipes.php : I : Trending Recipes fetched successfully
26-09-17 00:57:34 : fetchtrendingrecipes.php : I : Trending Recipes fetched successfully
26-09-17 00:57:55 : fetchfoodtype.php : I : Food Type fetched successfully
26-09-17 00:57:56 : fetchtrendingrecipes.php : I : Trending Recipes fetched successfully
26-09-17 00:57:56 : fetchcuisine.php : I : Food Cuisine fetched successfully
26-09-17 00:57:57 : fetchqty.php : I : Quantity fetched successfully
26-09-17 00:57:57 : fetchtastes.php : I : Tastes fetched successfully
26-09-17 00:58:06 : fetchtrendingrecipes.php : I : Trending Recipes fetched successfully
26-09-17 00:58:17 : fetchfoodtype.php : I : Food Type fetched successfully
26-09-17 00:58:17 : fetchtrendingrecipes.php : I : Trending Recipes fetched successfully
26-09-17 00:58:17 : fetchcuisine.php : I : Food Cuisine fetched successfully
26-09-17 00:58:18 : fetchqty.php : I : Quantity fetched successfully
26-09-17 00:58:19 : fetchtastes.php : I : Tastes fetched successfully
26-09-17 00:58:22 : fetchtrendingrecipes.php : I : Trending Recipes fetched successfully
26-09-17 00:58:26 : fetchtrendingrecipes.php : I : Trending Recipes fetched successfully
26-09-17 01:02:30 : fetchtrendingrecipes.php : I : Trending Recipes fetched successfully
26-09-17 01:02:30 : fetchfoodtype.php : I : Food Type fetched successfully
26-09-17 01:02:31 : fetchcuisine.php : I : Food Cuisine fetched successfully
26-09-17 01:02:32 : fetchqty.php : I : Quantity fetched successfully
26-09-17 01:02:32 : fetchtastes.php : I : Tastes fetched successfully
26-09-17 01:03:46 : fetchtrendingrecipes.php : I : Trending Recipes fetched successfully
26-09-17 01:04:55 : fetchfoodtype.php : I : Food Type fetched successfully
26-09-17 01:04:55 : fetchtrendingrecipes.php : I : Trending Recipes fetched successfully
26-09-17 01:04:55 : fetchcuisine.php : I : Food Cuisine fetched successfully
26-09-17 01:04:56 : fetchqty.php : I : Quantity fetched successfully
26-09-17 01:04:56 : fetchtastes.php : I : Tastes fetched successfully
26-09-17 01:05:32 : fetchtrendingrecipes.php : I : Trending Recipes fetched successfully
26-09-17 01:08:12 : fetchtrendingrecipes.php : I : Trending Recipes fetched successfully
26-09-17 01:08:13 : fetchfoodtype.php : I : Food Type fetched successfully
26-09-17 01:08:15 : fetchcuisine.php : I : Food Cuisine fetched successfully
26-09-17 01:08:18 : fetchqty.php : I : Quantity fetched successfully
26-09-17 01:08:20 : fetchtastes.php : I : Tastes fetched successfully
26-09-17 01:08:44 : fetchtrendingrecipes.php : I : Trending Recipes fetched successfully
26-09-17 01:09:19 : fetchtrendingrecipes.php : I : Trending Recipes fetched successfully
26-09-17 01:10:05 : getrecipedetails.php : I : Recipe data fetched successfully
26-09-17 01:10:21 : fetchtrendingrecipes.php : I : Trending Recipes fetched successfully
26-09-17 01:10:29 : fetchtrendingrecipes.php : I : Trending Recipes fetched successfully
26-09-17 01:10:45 : fetchfoodtype.php : I : Food Type fetched successfully
26-09-17 01:10:45 : fetchtrendingrecipes.php : I : Trending Recipes fetched successfully
26-09-17 01:10:45 : fetchcuisine.php : I : Food Cuisine fetched successfully
26-09-17 01:10:46 : fetchqty.php : I : Quantity fetched successfully
26-09-17 01:10:46 : fetchtastes.php : I : Tastes fetched successfully
26-09-17 01:10:55 : fetchtrendingrecipes.php : I : Trending Recipes fetched successfully
26-09-17 01:11:10 : fetchtrendingrecipes.php : I : Trending Recipes fetched successfully
26-09-17 01:11:13 : fetchfoodtype.php : I : Food Type fetched successfully
26-09-17 01:11:18 : fetchtrendingrecipes.php : I : Trending Recipes fetched successfully
26-09-17 01:11:18 : fetchcuisine.php : I : Food Cuisine fetched successfully
26-09-17 01:11:19 : fetchqty.php : I : Quantity fetched successfully
26-09-17 01:11:20 : fetchtastes.php : I : Tastes fetched successfully
