29-10-17 01:57:15 : fetchtrendingrecipes.php : I : Trending Recipes fetched successfully
29-10-17 01:57:15 : fetchqty.php : I : Quantity fetched successfully
29-10-17 01:57:15 : fetchtastes.php : I : Tastes fetched successfully
29-10-17 01:59:03 : fetchtrendingrecipes.php : I : Trending Recipes fetched successfully
29-10-17 01:59:03 : fetchtrendingrecipes.php : I : Trending Recipes fetched successfully
29-10-17 01:59:04 : fetchtrendingrecipes.php : I : Trending Recipes fetched successfully
29-10-17 01:59:09 : fetchfoodtype.php : I : Food Type fetched successfully
29-10-17 01:59:09 : fetchcuisine.php : I : Food Cuisine fetched successfully
29-10-17 01:59:09 : fetchqty.php : I : Quantity fetched successfully
29-10-17 01:59:10 : fetchtastes.php : I : Tastes fetched successfully
29-10-17 02:00:32 : fetchtrendingrecipes.php : I : Trending Recipes fetched successfully
29-10-17 02:00:32 : fetchfoodtype.php : I : Food Type fetched successfully
29-10-17 02:00:33 : fetchtrendingrecipes.php : I : Trending Recipes fetched successfully
29-10-17 02:00:33 : fetchcuisine.php : I : Food Cuisine fetched successfully
29-10-17 02:00:33 : fetchtrendingrecipes.php : I : Trending Recipes fetched successfully
29-10-17 02:00:33 : fetchqty.php : I : Quantity fetched successfully
29-10-17 02:00:34 : fetchtastes.php : I : Tastes fetched successfully
29-10-17 02:01:26 : fetchfoodtype.php : I : Food Type fetched successfully
29-10-17 02:01:27 : fetchcuisine.php : I : Food Cuisine fetched successfully
29-10-17 02:01:27 : fetchtrendingrecipes.php : I : Trending Recipes fetched successfully
29-10-17 02:01:27 : fetchqty.php : I : Quantity fetched successfully
29-10-17 02:01:27 : fetchtrendingrecipes.php : I : Trending Recipes fetched successfully
29-10-17 02:01:28 : fetchtastes.php : I : Tastes fetched successfully
29-10-17 02:01:28 : fetchtrendingrecipes.php : I : Trending Recipes fetched successfully
29-10-17 02:02:17 : fetchfoodtype.php : I : Food Type fetched successfully
29-10-17 02:02:17 : fetchcuisine.php : I : Food Cuisine fetched successfully
29-10-17 02:02:18 : fetchqty.php : I : Quantity fetched successfully
29-10-17 02:02:18 : fetchtastes.php : I : Tastes fetched successfully
29-10-17 02:02:20 : fetchtrendingrecipes.php : I : Trending Recipes fetched successfully
29-10-17 02:02:21 : fetchtrendingrecipes.php : I : Trending Recipes fetched successfully
29-10-17 02:02:21 : fetchtrendingrecipes.php : I : Trending Recipes fetched successfully
29-10-17 02:02:51 : fetchtrendingrecipes.php : I : Trending Recipes fetched successfully
29-10-17 02:02:51 : fetchtrendingrecipes.php : I : Trending Recipes fetched successfully
29-10-17 02:02:52 : fetchtrendingrecipes.php : I : Trending Recipes fetched successfully
29-10-17 02:02:53 : fetchfoodtype.php : I : Food Type fetched successfully
29-10-17 02:02:54 : fetchcuisine.php : I : Food Cuisine fetched successfully
29-10-17 02:02:54 : fetchqty.php : I : Quantity fetched successfully
29-10-17 02:02:55 : fetchtastes.php : I : Tastes fetched successfully
