15-10-17 20:19:45 : fetchfoodtype.php : I : Food Type fetched successfully
15-10-17 20:19:45 : fetchtrendingrecipes.php : I : Trending Recipes fetched successfully
15-10-17 20:19:46 : fetchtrendingrecipes.php : I : Trending Recipes fetched successfully
15-10-17 20:19:46 : fetchcuisine.php : I : Food Cuisine fetched successfully
15-10-17 20:19:46 : fetchqty.php : I : Quantity fetched successfully
15-10-17 20:19:46 : fetchtrendingrecipes.php : I : Trending Recipes fetched successfully
15-10-17 20:19:47 : fetchtastes.php : I : Tastes fetched successfully
15-10-17 20:26:36 : fetchtrendingrecipes.php : I : Trending Recipes fetched successfully
15-10-17 20:26:36 : fetchfoodtype.php : I : Food Type fetched successfully
15-10-17 20:26:37 : fetchcuisine.php : I : Food Cuisine fetched successfully
15-10-17 20:26:37 : fetchtrendingrecipes.php : I : Trending Recipes fetched successfully
15-10-17 20:26:37 : fetchqty.php : I : Quantity fetched successfully
15-10-17 20:26:37 : fetchtrendingrecipes.php : I : Trending Recipes fetched successfully
15-10-17 20:26:38 : fetchtastes.php : I : Tastes fetched successfully
15-10-17 20:27:02 : getrecipedetails.php : I : Recipe view data fetched successfully
15-10-17 20:27:02 : getrecipedetails.php : I : Recipe data fetched successfully
15-10-17 20:27:02 : getrecipedetails.php : I : Ingredient data fetched successfully
15-10-17 20:27:02 : getrecipedetails.php : I : Recipe images fetched successfully
15-10-17 20:27:02 : getrecipedetails.php : I : Like data fetched successfully
15-10-17 20:27:02 : getrecipedetails.php : I : View data fetched successfully
15-10-17 20:31:19 : fetchtrendingrecipes.php : I : Trending Recipes fetched successfully
15-10-17 20:31:19 : fetchfoodtype.php : I : Food Type fetched successfully
15-10-17 20:31:20 : fetchtrendingrecipes.php : I : Trending Recipes fetched successfully
15-10-17 20:31:20 : fetchcuisine.php : I : Food Cuisine fetched successfully
15-10-17 20:31:20 : fetchtrendingrecipes.php : I : Trending Recipes fetched successfully
15-10-17 20:31:20 : fetchqty.php : I : Quantity fetched successfully
15-10-17 20:31:21 : fetchtastes.php : I : Tastes fetched successfully
15-10-17 20:31:30 : getrecipedetails.php : I : Recipe view data fetched successfully
15-10-17 20:31:30 : getrecipedetails.php : I : Recipe data fetched successfully
15-10-17 20:31:30 : getrecipedetails.php : I : Ingredient data fetched successfully
15-10-17 20:31:30 : getrecipedetails.php : I : Recipe images fetched successfully
15-10-17 20:31:30 : getrecipedetails.php : I : Like data fetched successfully
15-10-17 20:31:30 : getrecipedetails.php : I : View data fetched successfully
15-10-17 20:32:21 : getrecipedetails.php : I : Recipe view data fetched successfully
15-10-17 20:32:21 : getrecipedetails.php : I : Recipe data fetched successfully
15-10-17 20:32:21 : getrecipedetails.php : I : Ingredient data fetched successfully
15-10-17 20:32:21 : getrecipedetails.php : I : Recipe images fetched successfully
15-10-17 20:32:21 : getrecipedetails.php : I : Like data fetched successfully
15-10-17 20:32:21 : getrecipedetails.php : I : View data fetched successfully
15-10-17 20:33:09 : fetchfoodtype.php : I : Food Type fetched successfully
15-10-17 20:33:09 : fetchtrendingrecipes.php : I : Trending Recipes fetched successfully
15-10-17 20:33:09 : fetchcuisine.php : I : Food Cuisine fetched successfully
15-10-17 20:33:09 : fetchtrendingrecipes.php : I : Trending Recipes fetched successfully
15-10-17 20:33:10 : fetchqty.php : I : Quantity fetched successfully
15-10-17 20:33:10 : fetchtrendingrecipes.php : I : Trending Recipes fetched successfully
15-10-17 20:33:10 : fetchtastes.php : I : Tastes fetched successfully
15-10-17 20:33:17 : getrecipedetails.php : I : Recipe view data fetched successfully
15-10-17 20:33:17 : getrecipedetails.php : I : Recipe data fetched successfully
15-10-17 20:33:17 : getrecipedetails.php : I : Ingredient data fetched successfully
15-10-17 20:33:17 : getrecipedetails.php : I : Recipe images fetched successfully
15-10-17 20:33:17 : getrecipedetails.php : I : Like data fetched successfully
15-10-17 20:33:17 : getrecipedetails.php : I : View data fetched successfully
15-10-17 20:37:37 : fetchtrendingrecipes.php : I : Trending Recipes fetched successfully
15-10-17 20:37:37 : fetchfoodtype.php : I : Food Type fetched successfully
15-10-17 20:37:38 : fetchtrendingrecipes.php : I : Trending Recipes fetched successfully
15-10-17 20:37:38 : fetchcuisine.php : I : Food Cuisine fetched successfully
15-10-17 20:37:38 : fetchqty.php : I : Quantity fetched successfully
15-10-17 20:37:38 : fetchtrendingrecipes.php : I : Trending Recipes fetched successfully
15-10-17 20:37:39 : fetchtastes.php : I : Tastes fetched successfully
15-10-17 20:37:47 : getrecipedetails.php : I : Recipe view data fetched successfully
15-10-17 20:37:47 : getrecipedetails.php : I : Recipe data fetched successfully
15-10-17 20:37:47 : getrecipedetails.php : I : Ingredient data fetched successfully
15-10-17 20:37:47 : getrecipedetails.php : I : Recipe images fetched successfully
15-10-17 20:37:47 : getrecipedetails.php : I : Like data fetched successfully
15-10-17 20:37:47 : getrecipedetails.php : I : View data fetched successfully
15-10-17 20:46:02 : fetchtrendingrecipes.php : I : Trending Recipes fetched successfully
15-10-17 20:46:03 : fetchtrendingrecipes.php : I : Trending Recipes fetched successfully
15-10-17 20:46:03 : fetchtrendingrecipes.php : I : Trending Recipes fetched successfully
15-10-17 20:46:03 : fetchfoodtype.php : I : Food Type fetched successfully
15-10-17 20:46:04 : fetchcuisine.php : I : Food Cuisine fetched successfully
15-10-17 20:46:05 : fetchqty.php : I : Quantity fetched successfully
15-10-17 20:46:05 : fetchtastes.php : I : Tastes fetched successfully
15-10-17 20:46:11 : getrecipedetails.php : I : Recipe view data fetched successfully
15-10-17 20:46:11 : getrecipedetails.php : I : Recipe data fetched successfully
15-10-17 20:46:11 : getrecipedetails.php : I : Ingredient data fetched successfully
15-10-17 20:46:11 : getrecipedetails.php : I : Recipe images fetched successfully
15-10-17 20:46:11 : getrecipedetails.php : I : Like data fetched successfully
15-10-17 20:46:11 : getrecipedetails.php : I : User like data fetched successfully
15-10-17 20:46:11 : getrecipedetails.php : I : View data fetched successfully
15-10-17 20:49:18 : myrecipelikes.php : I : Like added Successfully with type as RECIPE
15-10-17 21:09:06 : fetchtrendingrecipes.php : I : Trending Recipes fetched successfully
15-10-17 21:09:06 : fetchfoodtype.php : I : Food Type fetched successfully
15-10-17 21:09:06 : fetchcuisine.php : I : Food Cuisine fetched successfully
15-10-17 21:09:06 : fetchtrendingrecipes.php : I : Trending Recipes fetched successfully
15-10-17 21:09:07 : fetchqty.php : I : Quantity fetched successfully
15-10-17 21:09:07 : fetchtrendingrecipes.php : I : Trending Recipes fetched successfully
15-10-17 21:09:07 : fetchtastes.php : I : Tastes fetched successfully
15-10-17 21:09:21 : getrecipedetails.php : I : Recipe view data fetched successfully
15-10-17 21:09:21 : getrecipedetails.php : I : Recipe data fetched successfully
15-10-17 21:09:21 : getrecipedetails.php : I : Ingredient data fetched successfully
15-10-17 21:09:21 : getrecipedetails.php : I : Recipe images fetched successfully
15-10-17 21:09:21 : getrecipedetails.php : I : Like data fetched successfully
15-10-17 21:09:21 : getrecipedetails.php : I : User like data fetched successfully
15-10-17 21:09:21 : getrecipedetails.php : I : View data fetched successfully
15-10-17 21:18:42 : fetchtrendingrecipes.php : I : Trending Recipes fetched successfully
15-10-17 21:18:42 : fetchfoodtype.php : I : Food Type fetched successfully
15-10-17 21:18:43 : fetchtrendingrecipes.php : I : Trending Recipes fetched successfully
15-10-17 21:18:43 : fetchcuisine.php : I : Food Cuisine fetched successfully
15-10-17 21:18:43 : fetchtrendingrecipes.php : I : Trending Recipes fetched successfully
15-10-17 21:18:43 : fetchqty.php : I : Quantity fetched successfully
15-10-17 21:18:44 : fetchtastes.php : I : Tastes fetched successfully
15-10-17 21:18:53 : getrecipedetails.php : I : Recipe view data fetched successfully
15-10-17 21:18:53 : getrecipedetails.php : I : Recipe data fetched successfully
15-10-17 21:18:53 : getrecipedetails.php : I : Ingredient data fetched successfully
15-10-17 21:18:53 : getrecipedetails.php : I : Recipe images fetched successfully
15-10-17 21:18:53 : getrecipedetails.php : I : Like data fetched successfully
15-10-17 21:18:53 : getrecipedetails.php : I : User like data fetched successfully
15-10-17 21:18:53 : getrecipedetails.php : I : View data fetched successfully
15-10-17 21:22:12 : fetchtrendingrecipes.php : I : Trending Recipes fetched successfully
15-10-17 21:22:12 : fetchfoodtype.php : I : Food Type fetched successfully
15-10-17 21:22:12 : fetchtrendingrecipes.php : I : Trending Recipes fetched successfully
15-10-17 21:22:12 : fetchcuisine.php : I : Food Cuisine fetched successfully
15-10-17 21:22:13 : fetchtrendingrecipes.php : I : Trending Recipes fetched successfully
15-10-17 21:22:13 : fetchqty.php : I : Quantity fetched successfully
15-10-17 21:22:13 : fetchtastes.php : I : Tastes fetched successfully
15-10-17 21:22:34 : getrecipedetails.php : I : Recipe view data fetched successfully
15-10-17 21:22:34 : getrecipedetails.php : I : Recipe data fetched successfully
15-10-17 21:22:34 : getrecipedetails.php : I : Ingredient data fetched successfully
15-10-17 21:22:34 : getrecipedetails.php : I : Recipe images fetched successfully
15-10-17 21:22:34 : getrecipedetails.php : I : Like data fetched successfully
15-10-17 21:22:34 : getrecipedetails.php : I : User like data fetched successfully
15-10-17 21:22:34 : getrecipedetails.php : I : View data fetched successfully
15-10-17 22:18:07 : fetchfoodtype.php : I : Food Type fetched successfully
15-10-17 22:18:07 : fetchtrendingrecipes.php : I : Trending Recipes fetched successfully
15-10-17 22:18:08 : fetchcuisine.php : I : Food Cuisine fetched successfully
15-10-17 22:18:09 : fetchtrendingrecipes.php : I : Trending Recipes fetched successfully
15-10-17 22:18:09 : fetchqty.php : I : Quantity fetched successfully
15-10-17 22:18:09 : fetchtrendingrecipes.php : I : Trending Recipes fetched successfully
15-10-17 22:18:09 : fetchtastes.php : I : Tastes fetched successfully
15-10-17 22:18:12 : getrecipedetails.php : I : Recipe view data fetched successfully
15-10-17 22:18:12 : getrecipedetails.php : I : Recipe data fetched successfully
15-10-17 22:18:12 : getrecipedetails.php : I : Ingredient data fetched successfully
15-10-17 22:18:12 : getrecipedetails.php : I : Recipe images fetched successfully
15-10-17 22:18:12 : getrecipedetails.php : I : Like data fetched successfully
15-10-17 22:18:12 : getrecipedetails.php : I : User like data fetched successfully
15-10-17 22:18:12 : getrecipedetails.php : I : View data fetched successfully
15-10-17 22:19:50 : myrecipelikes.php : I : CHECK 1
15-10-17 22:19:50 : myrecipelikes.php : I : Like added Successfully with type as RECIPE
15-10-17 22:21:46 : myrecipelikes.php : I : Like unliked successfully with user id as 1
15-10-17 22:22:10 : myrecipelikes.php : I : Like unliked successfully with user id as 1
15-10-17 22:24:42 : myrecipelikes.php : I : Like unliked successfully with user id as 1
15-10-17 22:29:15 : fetchtrendingrecipes.php : I : Trending Recipes fetched successfully
15-10-17 22:29:15 : fetchfoodtype.php : I : Food Type fetched successfully
15-10-17 22:29:16 : fetchtrendingrecipes.php : I : Trending Recipes fetched successfully
15-10-17 22:29:16 : fetchcuisine.php : I : Food Cuisine fetched successfully
15-10-17 22:29:16 : fetchqty.php : I : Quantity fetched successfully
15-10-17 22:29:16 : fetchtrendingrecipes.php : I : Trending Recipes fetched successfully
15-10-17 22:29:17 : fetchtastes.php : I : Tastes fetched successfully
15-10-17 22:29:34 : getrecipedetails.php : I : Recipe view data fetched successfully
15-10-17 22:29:34 : getrecipedetails.php : I : Recipe data fetched successfully
15-10-17 22:29:34 : getrecipedetails.php : I : Ingredient data fetched successfully
15-10-17 22:29:34 : getrecipedetails.php : I : Recipe images fetched successfully
15-10-17 22:29:34 : getrecipedetails.php : I : Like data fetched successfully
15-10-17 22:29:34 : getrecipedetails.php : I : User like data fetched successfully
15-10-17 22:29:34 : getrecipedetails.php : I : View data fetched successfully
15-10-17 22:30:23 : fetchtrendingrecipes.php : I : Trending Recipes fetched successfully
15-10-17 22:30:23 : fetchfoodtype.php : I : Food Type fetched successfully
15-10-17 22:30:23 : fetchtrendingrecipes.php : I : Trending Recipes fetched successfully
15-10-17 22:30:23 : fetchcuisine.php : I : Food Cuisine fetched successfully
15-10-17 22:30:24 : fetchtrendingrecipes.php : I : Trending Recipes fetched successfully
15-10-17 22:30:24 : fetchqty.php : I : Quantity fetched successfully
15-10-17 22:30:24 : fetchtastes.php : I : Tastes fetched successfully
15-10-17 22:30:37 : getrecipedetails.php : I : Recipe view data fetched successfully
15-10-17 22:30:37 : getrecipedetails.php : I : Recipe data fetched successfully
15-10-17 22:30:37 : getrecipedetails.php : I : Ingredient data fetched successfully
15-10-17 22:30:37 : getrecipedetails.php : I : Recipe images fetched successfully
15-10-17 22:30:37 : getrecipedetails.php : I : Like data fetched successfully
15-10-17 22:30:37 : getrecipedetails.php : I : User like data fetched successfully
15-10-17 22:30:37 : getrecipedetails.php : I : View data fetched successfully
15-10-17 22:31:18 : myrecipelikes.php : I : Like unliked successfully with user id as 1
15-10-17 22:36:35 : fetchfoodtype.php : I : Food Type fetched successfully
15-10-17 22:36:35 : fetchtrendingrecipes.php : I : Trending Recipes fetched successfully
15-10-17 22:36:35 : fetchcuisine.php : I : Food Cuisine fetched successfully
15-10-17 22:36:35 : fetchtrendingrecipes.php : I : Trending Recipes fetched successfully
15-10-17 22:36:36 : fetchqty.php : I : Quantity fetched successfully
15-10-17 22:36:36 : fetchtrendingrecipes.php : I : Trending Recipes fetched successfully
15-10-17 22:36:36 : fetchtastes.php : I : Tastes fetched successfully
15-10-17 22:36:39 : getrecipedetails.php : I : Recipe view data fetched successfully
15-10-17 22:36:39 : getrecipedetails.php : I : Recipe data fetched successfully
15-10-17 22:36:39 : getrecipedetails.php : I : Ingredient data fetched successfully
15-10-17 22:36:39 : getrecipedetails.php : I : Recipe images fetched successfully
15-10-17 22:36:39 : getrecipedetails.php : I : Like data fetched successfully
15-10-17 22:36:39 : getrecipedetails.php : I : User like data fetched successfully
15-10-17 22:36:39 : getrecipedetails.php : I : View data fetched successfully
15-10-17 22:37:36 : fetchtrendingrecipes.php : I : Trending Recipes fetched successfully
15-10-17 22:37:36 : fetchfoodtype.php : I : Food Type fetched successfully
15-10-17 22:37:36 : fetchcuisine.php : I : Food Cuisine fetched successfully
15-10-17 22:37:36 : fetchtrendingrecipes.php : I : Trending Recipes fetched successfully
15-10-17 22:37:37 : fetchqty.php : I : Quantity fetched successfully
15-10-17 22:37:37 : fetchtrendingrecipes.php : I : Trending Recipes fetched successfully
15-10-17 22:37:37 : fetchtastes.php : I : Tastes fetched successfully
15-10-17 22:37:40 : getrecipedetails.php : I : Recipe view data fetched successfully
15-10-17 22:37:40 : getrecipedetails.php : I : Recipe data fetched successfully
15-10-17 22:37:40 : getrecipedetails.php : I : Ingredient data fetched successfully
15-10-17 22:37:40 : getrecipedetails.php : I : Recipe images fetched successfully
15-10-17 22:37:40 : getrecipedetails.php : I : Like data fetched successfully
15-10-17 22:37:40 : getrecipedetails.php : I : User like data fetched successfully
15-10-17 22:37:40 : getrecipedetails.php : I : View data fetched successfully
15-10-17 22:37:52 : myrecipelikes.php : I : Like unliked successfully with like id as 2
15-10-17 22:56:37 : fetchtrendingrecipes.php : I : Trending Recipes fetched successfully
15-10-17 22:56:37 : fetchfoodtype.php : I : Food Type fetched successfully
15-10-17 22:56:37 : fetchtrendingrecipes.php : I : Trending Recipes fetched successfully
15-10-17 22:56:37 : fetchcuisine.php : I : Food Cuisine fetched successfully
15-10-17 22:56:38 : fetchtrendingrecipes.php : I : Trending Recipes fetched successfully
15-10-17 22:56:38 : fetchqty.php : I : Quantity fetched successfully
15-10-17 22:56:38 : fetchtastes.php : I : Tastes fetched successfully
15-10-17 22:56:41 : getrecipedetails.php : I : Recipe view data fetched successfully
15-10-17 22:56:41 : getrecipedetails.php : I : Recipe data fetched successfully
15-10-17 22:56:41 : getrecipedetails.php : I : Ingredient data fetched successfully
15-10-17 22:56:41 : getrecipedetails.php : I : Recipe images fetched successfully
15-10-17 22:56:41 : getrecipedetails.php : I : Like data fetched successfully
15-10-17 22:56:41 : getrecipedetails.php : I : User like data fetched successfully
15-10-17 22:56:41 : getrecipedetails.php : I : View data fetched successfully
15-10-17 23:01:43 : fetchfoodtype.php : I : Food Type fetched successfully
15-10-17 23:01:43 : fetchtrendingrecipes.php : I : Trending Recipes fetched successfully
15-10-17 23:01:43 : fetchcuisine.php : I : Food Cuisine fetched successfully
15-10-17 23:01:43 : fetchtrendingrecipes.php : I : Trending Recipes fetched successfully
15-10-17 23:01:44 : fetchqty.php : I : Quantity fetched successfully
15-10-17 23:01:44 : fetchtrendingrecipes.php : I : Trending Recipes fetched successfully
15-10-17 23:01:44 : fetchtastes.php : I : Tastes fetched successfully
15-10-17 23:05:11 : fetchtrendingrecipes.php : I : Trending Recipes fetched successfully
15-10-17 23:05:11 : fetchfoodtype.php : I : Food Type fetched successfully
15-10-17 23:05:11 : fetchcuisine.php : I : Food Cuisine fetched successfully
15-10-17 23:05:12 : fetchqty.php : I : Quantity fetched successfully
15-10-17 23:05:12 : fetchtrendingrecipes.php : I : Trending Recipes fetched successfully
15-10-17 23:05:12 : fetchtrendingrecipes.php : I : Trending Recipes fetched successfully
15-10-17 23:05:12 : fetchtastes.php : I : Tastes fetched successfully
15-10-17 23:07:37 : fetchfoodtype.php : I : Food Type fetched successfully
15-10-17 23:07:37 : fetchtrendingrecipes.php : I : Trending Recipes fetched successfully
15-10-17 23:07:39 : fetchcuisine.php : I : Food Cuisine fetched successfully
15-10-17 23:07:39 : fetchtrendingrecipes.php : I : Trending Recipes fetched successfully
15-10-17 23:07:40 : fetchqty.php : I : Quantity fetched successfully
15-10-17 23:07:40 : fetchtrendingrecipes.php : I : Trending Recipes fetched successfully
15-10-17 23:07:40 : fetchtastes.php : I : Tastes fetched successfully
15-10-17 23:08:30 : fetchtrendingrecipes.php : I : Trending Recipes fetched successfully
15-10-17 23:08:30 : fetchfoodtype.php : I : Food Type fetched successfully
15-10-17 23:08:32 : fetchtrendingrecipes.php : I : Trending Recipes fetched successfully
15-10-17 23:08:32 : fetchcuisine.php : I : Food Cuisine fetched successfully
15-10-17 23:08:32 : fetchtrendingrecipes.php : I : Trending Recipes fetched successfully
15-10-17 23:08:32 : fetchqty.php : I : Quantity fetched successfully
15-10-17 23:08:33 : fetchtastes.php : I : Tastes fetched successfully
15-10-17 23:09:19 : fetchtrendingrecipes.php : I : Trending Recipes fetched successfully
15-10-17 23:09:19 : fetchfoodtype.php : I : Food Type fetched successfully
15-10-17 23:09:19 : fetchcuisine.php : I : Food Cuisine fetched successfully
15-10-17 23:09:19 : fetchtrendingrecipes.php : I : Trending Recipes fetched successfully
15-10-17 23:09:19 : fetchqty.php : I : Quantity fetched successfully
15-10-17 23:09:19 : fetchtrendingrecipes.php : I : Trending Recipes fetched successfully
15-10-17 23:09:20 : fetchtastes.php : I : Tastes fetched successfully
15-10-17 23:09:50 : fetchfoodtype.php : I : Food Type fetched successfully
15-10-17 23:09:50 : fetchtrendingrecipes.php : I : Trending Recipes fetched successfully
15-10-17 23:09:50 : fetchtrendingrecipes.php : I : Trending Recipes fetched successfully
15-10-17 23:09:50 : fetchcuisine.php : I : Food Cuisine fetched successfully
15-10-17 23:09:51 : fetchqty.php : I : Quantity fetched successfully
15-10-17 23:09:51 : fetchtrendingrecipes.php : I : Trending Recipes fetched successfully
15-10-17 23:09:51 : fetchtastes.php : I : Tastes fetched successfully
