07-10-17 23:49:21 : fetchtrendingrecipes.php : I : Trending Recipes fetched successfully
07-10-17 23:49:21 : fetchfoodtype.php : I : Food Type fetched successfully
07-10-17 23:49:21 : fetchcuisine.php : I : Food Cuisine fetched successfully
07-10-17 23:49:21 : fetchtrendingrecipes.php : I : Trending Recipes fetched successfully
07-10-17 23:49:22 : fetchqty.php : I : Quantity fetched successfully
07-10-17 23:49:22 : fetchtrendingrecipes.php : I : Trending Recipes fetched successfully
07-10-17 23:49:22 : fetchtastes.php : I : Tastes fetched successfully
07-10-17 23:49:38 : fetchtrendingrecipes.php : I : Trending Recipes fetched successfully
07-10-17 23:49:58 : fetchtrendingrecipes.php : I : Trending Recipes fetched successfully
07-10-17 23:50:20 : fetchtrendingrecipes.php : I : Trending Recipes fetched successfully
08-10-17 00:51:44 : fetchfoodtype.php : I : Food Type fetched successfully
08-10-17 00:51:44 : fetchtrendingrecipes.php : I : Trending Recipes fetched successfully
08-10-17 00:51:45 : fetchcuisine.php : I : Food Cuisine fetched successfully
08-10-17 00:51:45 : fetchtrendingrecipes.php : I : Trending Recipes fetched successfully
08-10-17 00:51:45 : fetchtrendingrecipes.php : I : Trending Recipes fetched successfully
08-10-17 00:51:45 : fetchqty.php : I : Quantity fetched successfully
08-10-17 00:51:45 : fetchtastes.php : I : Tastes fetched successfully
08-10-17 00:52:04 : fetchfoodtype.php : I : Food Type fetched successfully
08-10-17 00:52:04 : fetchtrendingrecipes.php : I : Trending Recipes fetched successfully
08-10-17 00:52:04 : fetchtrendingrecipes.php : I : Trending Recipes fetched successfully
08-10-17 00:52:04 : fetchcuisine.php : I : Food Cuisine fetched successfully
08-10-17 00:52:05 : fetchtrendingrecipes.php : I : Trending Recipes fetched successfully
08-10-17 00:52:05 : fetchqty.php : I : Quantity fetched successfully
08-10-17 00:52:05 : fetchtastes.php : I : Tastes fetched successfully
08-10-17 00:59:14 : fetchtrendingrecipes.php : I : Trending Recipes fetched successfully
08-10-17 00:59:14 : fetchfoodtype.php : I : Food Type fetched successfully
08-10-17 00:59:14 : fetchtrendingrecipes.php : I : Trending Recipes fetched successfully
08-10-17 00:59:14 : fetchcuisine.php : I : Food Cuisine fetched successfully
08-10-17 00:59:15 : fetchtrendingrecipes.php : I : Trending Recipes fetched successfully
08-10-17 00:59:15 : fetchqty.php : I : Quantity fetched successfully
08-10-17 00:59:15 : fetchtastes.php : I : Tastes fetched successfully
08-10-17 00:59:20 : fetchfoodtype.php : I : Food Type fetched successfully
08-10-17 00:59:20 : fetchtrendingrecipes.php : I : Trending Recipes fetched successfully
08-10-17 00:59:20 : fetchcuisine.php : I : Food Cuisine fetched successfully
08-10-17 00:59:20 : fetchtrendingrecipes.php : I : Trending Recipes fetched successfully
08-10-17 00:59:21 : fetchqty.php : I : Quantity fetched successfully
08-10-17 00:59:21 : fetchtrendingrecipes.php : I : Trending Recipes fetched successfully
08-10-17 00:59:21 : fetchtastes.php : I : Tastes fetched successfully
08-10-17 01:00:13 : fetchtrendingrecipes.php : I : Trending Recipes fetched successfully
08-10-17 01:00:13 : fetchfoodtype.php : I : Food Type fetched successfully
08-10-17 01:00:14 : fetchcuisine.php : I : Food Cuisine fetched successfully
08-10-17 01:00:14 : fetchtrendingrecipes.php : I : Trending Recipes fetched successfully
08-10-17 01:00:14 : fetchqty.php : I : Quantity fetched successfully
08-10-17 01:00:14 : fetchtrendingrecipes.php : I : Trending Recipes fetched successfully
08-10-17 01:00:14 : fetchtastes.php : I : Tastes fetched successfully
08-10-17 01:00:38 : fetchtrendingrecipes.php : I : Trending Recipes fetched successfully
08-10-17 01:00:38 : fetchfoodtype.php : I : Food Type fetched successfully
08-10-17 01:00:39 : fetchtrendingrecipes.php : I : Trending Recipes fetched successfully
08-10-17 01:00:39 : fetchcuisine.php : I : Food Cuisine fetched successfully
08-10-17 01:00:39 : fetchqty.php : I : Quantity fetched successfully
08-10-17 01:00:39 : fetchtrendingrecipes.php : I : Trending Recipes fetched successfully
08-10-17 01:00:39 : fetchtastes.php : I : Tastes fetched successfully
08-10-17 01:00:54 : fetchtrendingrecipes.php : I : Trending Recipes fetched successfully
08-10-17 01:00:54 : fetchfoodtype.php : I : Food Type fetched successfully
08-10-17 01:00:55 : fetchtrendingrecipes.php : I : Trending Recipes fetched successfully
08-10-17 01:00:55 : fetchcuisine.php : I : Food Cuisine fetched successfully
08-10-17 01:00:55 : fetchqty.php : I : Quantity fetched successfully
08-10-17 01:00:55 : fetchtrendingrecipes.php : I : Trending Recipes fetched successfully
08-10-17 01:00:56 : fetchtastes.php : I : Tastes fetched successfully
08-10-17 01:15:00 : fetchfoodtype.php : I : Food Type fetched successfully
08-10-17 01:15:00 : fetchtrendingrecipes.php : I : Trending Recipes fetched successfully
08-10-17 01:15:00 : fetchcuisine.php : I : Food Cuisine fetched successfully
08-10-17 01:15:00 : fetchtrendingrecipes.php : I : Trending Recipes fetched successfully
08-10-17 01:15:00 : fetchqty.php : I : Quantity fetched successfully
08-10-17 01:15:00 : fetchtrendingrecipes.php : I : Trending Recipes fetched successfully
08-10-17 01:15:01 : fetchtastes.php : I : Tastes fetched successfully
08-10-17 01:21:00 : fetchtrendingrecipes.php : I : Trending Recipes fetched successfully
08-10-17 01:21:01 : fetchtrendingrecipes.php : I : Trending Recipes fetched successfully
08-10-17 01:21:01 : fetchtrendingrecipes.php : I : Trending Recipes fetched successfully
08-10-17 01:21:03 : fetchfoodtype.php : I : Food Type fetched successfully
08-10-17 01:21:04 : fetchcuisine.php : I : Food Cuisine fetched successfully
08-10-17 01:21:04 : fetchqty.php : I : Quantity fetched successfully
08-10-17 01:21:05 : fetchtastes.php : I : Tastes fetched successfully
08-10-17 01:21:21 : fetchtrendingrecipes.php : I : Trending Recipes fetched successfully
08-10-17 01:21:21 : fetchfoodtype.php : I : Food Type fetched successfully
08-10-17 01:21:22 : fetchtrendingrecipes.php : I : Trending Recipes fetched successfully
08-10-17 01:21:22 : fetchcuisine.php : I : Food Cuisine fetched successfully
08-10-17 01:21:22 : fetchqty.php : I : Quantity fetched successfully
08-10-17 01:21:22 : fetchtrendingrecipes.php : I : Trending Recipes fetched successfully
08-10-17 01:21:22 : fetchtastes.php : I : Tastes fetched successfully
08-10-17 01:21:25 : fetchtrendingrecipes.php : I : Trending Recipes fetched successfully
08-10-17 01:25:44 : fetchfoodtype.php : I : Food Type fetched successfully
08-10-17 01:25:44 : fetchtrendingrecipes.php : I : Trending Recipes fetched successfully
08-10-17 01:25:44 : fetchcuisine.php : I : Food Cuisine fetched successfully
08-10-17 01:25:44 : fetchtrendingrecipes.php : I : Trending Recipes fetched successfully
08-10-17 01:25:45 : fetchtrendingrecipes.php : I : Trending Recipes fetched successfully
08-10-17 01:25:45 : fetchqty.php : I : Quantity fetched successfully
08-10-17 01:25:45 : fetchtastes.php : I : Tastes fetched successfully
08-10-17 01:44:04 : fetchtrendingrecipes.php : I : Trending Recipes fetched successfully
08-10-17 01:44:04 : fetchfoodtype.php : I : Food Type fetched successfully
08-10-17 01:44:04 : fetchtrendingrecipes.php : I : Trending Recipes fetched successfully
08-10-17 01:44:04 : fetchcuisine.php : I : Food Cuisine fetched successfully
08-10-17 01:44:04 : fetchqty.php : I : Quantity fetched successfully
08-10-17 01:44:04 : fetchtrendingrecipes.php : I : Trending Recipes fetched successfully
08-10-17 01:44:05 : fetchtastes.php : I : Tastes fetched successfully
08-10-17 01:44:59 : fetchtrendingrecipes.php : I : Trending Recipes fetched successfully
08-10-17 01:44:59 : fetchfoodtype.php : I : Food Type fetched successfully
08-10-17 01:45:00 : fetchtrendingrecipes.php : I : Trending Recipes fetched successfully
08-10-17 01:45:00 : fetchcuisine.php : I : Food Cuisine fetched successfully
08-10-17 01:45:00 : fetchqty.php : I : Quantity fetched successfully
08-10-17 01:45:00 : fetchtrendingrecipes.php : I : Trending Recipes fetched successfully
08-10-17 01:45:01 : fetchtastes.php : I : Tastes fetched successfully
