18-10-17 00:15:00 : getrecipedetails.php : I : Recipe data fetched successfully
18-10-17 00:15:00 : getrecipedetails.php : I : Ingredient data fetched successfully
18-10-17 00:15:00 : getrecipedetails.php : I : Recipe images fetched successfully
18-10-17 00:15:00 : getrecipedetails.php : I : Like data fetched successfully
18-10-17 00:15:00 : getrecipedetails.php : I : User like data fetched successfully
18-10-17 00:15:00 : getrecipedetails.php : I : View data fetched successfully
18-10-17 00:15:00 : getrecipedetails.php : I : Rating data fetched successfully
18-10-17 00:27:17 : getrecipedetails.php : I : Recipe data fetched successfully
18-10-17 00:27:17 : getrecipedetails.php : I : Ingredient data fetched successfully
18-10-17 00:27:17 : getrecipedetails.php : I : Recipe images fetched successfully
18-10-17 00:27:17 : getrecipedetails.php : I : Like data fetched successfully
18-10-17 00:27:17 : getrecipedetails.php : I : User like data fetched successfully
18-10-17 00:27:17 : getrecipedetails.php : I : View data fetched successfully
18-10-17 00:27:17 : getrecipedetails.php : I : Rating data fetched successfully
18-10-17 00:27:17 : getrecipedetails.php : I : User review data fetched successfully
18-10-17 00:28:21 : getrecipedetails.php : I : Recipe data fetched successfully
18-10-17 00:28:21 : getrecipedetails.php : I : Ingredient data fetched successfully
18-10-17 00:28:21 : getrecipedetails.php : I : Recipe images fetched successfully
18-10-17 00:28:21 : getrecipedetails.php : I : Like data fetched successfully
18-10-17 00:28:21 : getrecipedetails.php : I : User like data fetched successfully
18-10-17 00:28:21 : getrecipedetails.php : I : View data fetched successfully
18-10-17 00:28:21 : getrecipedetails.php : I : Rating data fetched successfully
18-10-17 00:28:21 : getrecipedetails.php : I : User review data fetched successfully
18-10-17 00:32:18 : getrecipedetails.php : I : Recipe data fetched successfully
18-10-17 00:32:18 : getrecipedetails.php : I : Ingredient data fetched successfully
18-10-17 00:32:18 : getrecipedetails.php : I : Recipe images fetched successfully
18-10-17 00:32:18 : getrecipedetails.php : I : Like data fetched successfully
18-10-17 00:32:18 : getrecipedetails.php : I : User like data fetched successfully
18-10-17 00:32:18 : getrecipedetails.php : I : View data fetched successfully
18-10-17 00:32:18 : getrecipedetails.php : I : Rating data fetched successfully
18-10-17 00:32:18 : getrecipedetails.php : I : User review data fetched successfully
18-10-17 00:36:31 : getrecipedetails.php : I : Recipe data fetched successfully
18-10-17 00:36:31 : getrecipedetails.php : I : Ingredient data fetched successfully
18-10-17 00:36:31 : getrecipedetails.php : I : Recipe images fetched successfully
18-10-17 00:36:31 : getrecipedetails.php : I : Like data fetched successfully
18-10-17 00:36:31 : getrecipedetails.php : I : User like data fetched successfully
18-10-17 00:36:31 : getrecipedetails.php : I : View data fetched successfully
18-10-17 00:36:31 : getrecipedetails.php : I : Rating data fetched successfully
18-10-17 00:36:31 : getrecipedetails.php : I : User review data fetched successfully
18-10-17 00:40:15 : getrecipedetails.php : I : Recipe data fetched successfully
18-10-17 00:40:15 : getrecipedetails.php : I : Ingredient data fetched successfully
18-10-17 00:40:15 : getrecipedetails.php : I : Recipe images fetched successfully
18-10-17 00:40:15 : getrecipedetails.php : I : Like data fetched successfully
18-10-17 00:40:15 : getrecipedetails.php : I : User like data fetched successfully
18-10-17 00:40:15 : getrecipedetails.php : I : View data fetched successfully
18-10-17 00:40:15 : getrecipedetails.php : I : Rating data fetched successfully
18-10-17 00:40:15 : getrecipedetails.php : I : User review data fetched successfully
18-10-17 00:43:10 : getrecipedetails.php : I : Recipe data fetched successfully
18-10-17 00:43:10 : getrecipedetails.php : I : Ingredient data fetched successfully
18-10-17 00:43:10 : getrecipedetails.php : I : Recipe images fetched successfully
18-10-17 00:43:10 : getrecipedetails.php : I : Like data fetched successfully
18-10-17 00:43:10 : getrecipedetails.php : I : User like data fetched successfully
18-10-17 00:43:10 : getrecipedetails.php : I : View data fetched successfully
18-10-17 00:43:10 : getrecipedetails.php : I : Rating data fetched successfully
18-10-17 00:43:10 : getrecipedetails.php : I : User review data fetched successfully
18-10-17 00:43:34 : getrecipedetails.php : I : Recipe data fetched successfully
18-10-17 00:43:34 : getrecipedetails.php : I : Ingredient data fetched successfully
18-10-17 00:43:34 : getrecipedetails.php : I : Recipe images fetched successfully
18-10-17 00:43:34 : getrecipedetails.php : I : Like data fetched successfully
18-10-17 00:43:34 : getrecipedetails.php : I : User like data fetched successfully
18-10-17 00:43:34 : getrecipedetails.php : I : View data fetched successfully
18-10-17 00:43:34 : getrecipedetails.php : I : Rating data fetched successfully
18-10-17 00:43:34 : getrecipedetails.php : I : User review data fetched successfully
18-10-17 00:51:03 : getrecipedetails.php : I : Recipe data fetched successfully
18-10-17 00:51:03 : getrecipedetails.php : I : Ingredient data fetched successfully
18-10-17 00:51:03 : getrecipedetails.php : I : Recipe images fetched successfully
18-10-17 00:51:03 : getrecipedetails.php : I : Like data fetched successfully
18-10-17 00:51:03 : getrecipedetails.php : I : User like data fetched successfully
18-10-17 00:51:03 : getrecipedetails.php : I : View data fetched successfully
18-10-17 00:51:03 : getrecipedetails.php : I : Rating data fetched successfully
18-10-17 00:51:03 : getrecipedetails.php : I : User review data fetched successfully
18-10-17 00:56:53 : getrecipedetails.php : I : Recipe data fetched successfully
18-10-17 00:56:53 : getrecipedetails.php : I : Ingredient data fetched successfully
18-10-17 00:56:53 : getrecipedetails.php : I : Recipe images fetched successfully
18-10-17 00:56:53 : getrecipedetails.php : I : Like data fetched successfully
18-10-17 00:56:53 : getrecipedetails.php : I : User like data fetched successfully
18-10-17 00:56:53 : getrecipedetails.php : I : View data fetched successfully
18-10-17 00:56:53 : getrecipedetails.php : I : Rating data fetched successfully
18-10-17 00:56:53 : getrecipedetails.php : I : User review data fetched successfully
18-10-17 01:00:40 : getrecipedetails.php : I : Recipe data fetched successfully
18-10-17 01:00:40 : getrecipedetails.php : I : Ingredient data fetched successfully
18-10-17 01:00:40 : getrecipedetails.php : I : Recipe images fetched successfully
18-10-17 01:00:40 : getrecipedetails.php : I : Like data fetched successfully
18-10-17 01:00:40 : getrecipedetails.php : I : User like data fetched successfully
18-10-17 01:00:40 : getrecipedetails.php : I : View data fetched successfully
18-10-17 01:00:40 : getrecipedetails.php : I : Rating data fetched successfully
18-10-17 01:00:40 : getrecipedetails.php : I : User review data fetched successfully
18-10-17 01:01:36 : getrecipedetails.php : I : Recipe data fetched successfully
18-10-17 01:01:36 : getrecipedetails.php : I : Ingredient data fetched successfully
18-10-17 01:01:36 : getrecipedetails.php : I : Recipe images fetched successfully
18-10-17 01:01:36 : getrecipedetails.php : I : Like data fetched successfully
18-10-17 01:01:36 : getrecipedetails.php : I : User like data fetched successfully
18-10-17 01:01:36 : getrecipedetails.php : I : View data fetched successfully
18-10-17 01:01:36 : getrecipedetails.php : I : Rating data fetched successfully
18-10-17 01:01:36 : getrecipedetails.php : I : User review data fetched successfully
18-10-17 01:04:25 : getrecipedetails.php : I : Recipe data fetched successfully
18-10-17 01:04:25 : getrecipedetails.php : I : Ingredient data fetched successfully
18-10-17 01:04:25 : getrecipedetails.php : I : Recipe images fetched successfully
18-10-17 01:04:25 : getrecipedetails.php : I : Like data fetched successfully
18-10-17 01:04:25 : getrecipedetails.php : I : User like data fetched successfully
18-10-17 01:04:25 : getrecipedetails.php : I : View data fetched successfully
18-10-17 01:04:25 : getrecipedetails.php : I : Rating data fetched successfully
18-10-17 01:04:25 : getrecipedetails.php : I : User review data fetched successfully
18-10-17 01:05:18 : getrecipedetails.php : I : Recipe data fetched successfully
18-10-17 01:05:18 : getrecipedetails.php : I : Ingredient data fetched successfully
18-10-17 01:05:18 : getrecipedetails.php : I : Recipe images fetched successfully
18-10-17 01:05:18 : getrecipedetails.php : I : Like data fetched successfully
18-10-17 01:05:18 : getrecipedetails.php : I : User like data fetched successfully
18-10-17 01:05:18 : getrecipedetails.php : I : View data fetched successfully
18-10-17 01:05:18 : getrecipedetails.php : I : Rating data fetched successfully
18-10-17 01:05:18 : getrecipedetails.php : I : User review data fetched successfully
18-10-17 01:07:00 : getrecipedetails.php : I : Recipe data fetched successfully
18-10-17 01:07:00 : getrecipedetails.php : I : Ingredient data fetched successfully
18-10-17 01:07:00 : getrecipedetails.php : I : Recipe images fetched successfully
18-10-17 01:07:00 : getrecipedetails.php : I : Like data fetched successfully
18-10-17 01:07:00 : getrecipedetails.php : I : User like data fetched successfully
18-10-17 01:07:00 : getrecipedetails.php : I : View data fetched successfully
18-10-17 01:07:00 : getrecipedetails.php : I : Rating data fetched successfully
18-10-17 01:07:00 : getrecipedetails.php : I : User review data fetched successfully
18-10-17 01:43:56 : submitrecipereview.php : I : The user(1) has reviewed recipe('27') successfully.
18-10-17 01:47:26 : submitlike.php : I : The user(1) has unliked the type(RECIPE) with type id(27) successfully.
18-10-17 01:47:26 : submitlike.php : I : The user(1) for the type(RECIPE) with type id(27) has liked ? 
18-10-17 01:47:26 : submitlike.php : I : The type(RECIPE) with type id(27) has been liked 0 times
18-10-17 01:47:32 : submitlike.php : I : The user(1) has liked the type(RECIPE) with type id(27) successfully.
18-10-17 01:47:32 : submitlike.php : I : The user(1) for the type(RECIPE) with type id(27) has liked ? 
18-10-17 01:47:32 : submitlike.php : I : The type(RECIPE) with type id(27) has been liked 0 times
18-10-17 01:47:36 : submitlike.php : I : The user(1) has unliked the type(RECIPE) with type id(27) successfully.
18-10-17 01:47:36 : submitlike.php : I : The user(1) for the type(RECIPE) with type id(27) has liked ? 
18-10-17 01:47:36 : submitlike.php : I : The type(RECIPE) with type id(27) has been liked 0 times
18-10-17 01:48:08 : submitlike.php : I : The user(1) has liked the type(RECIPE) with type id(27) successfully.
18-10-17 01:48:08 : submitlike.php : I : The user(1) for the type(RECIPE) with type id(27) has liked ? 
18-10-17 01:48:09 : submitlike.php : I : The type(RECIPE) with type id(27) has been liked 0 times
18-10-17 01:48:16 : submitlike.php : I : The user(1) has unliked the type(RECIPE) with type id(27) successfully.
18-10-17 01:48:16 : submitlike.php : I : The user(1) for the type(RECIPE) with type id(27) has liked ? 
18-10-17 01:48:16 : submitlike.php : I : The type(RECIPE) with type id(27) has been liked 0 times
18-10-17 01:49:31 : submitlike.php : I : The user(1) has liked the type(RECIPE) with type id(27) successfully.
18-10-17 01:49:31 : submitlike.php : I : The user(1) for the type(RECIPE) with type id(27) has liked ? 1
18-10-17 01:49:31 : submitlike.php : I : The type(RECIPE) with type id(27) has been liked 1 times
18-10-17 01:49:34 : submitlike.php : I : The user(1) has unliked the type(RECIPE) with type id(27) successfully.
18-10-17 01:49:34 : submitlike.php : I : The user(1) for the type(RECIPE) with type id(27) has liked ? 
18-10-17 01:49:34 : submitlike.php : I : The type(RECIPE) with type id(27) has been liked 0 times
18-10-17 01:49:43 : submitlike.php : I : The user(1) has liked the type(RECIPE) with type id(27) successfully.
18-10-17 01:49:43 : submitlike.php : I : The user(1) for the type(RECIPE) with type id(27) has liked ? 1
18-10-17 01:49:43 : submitlike.php : I : The type(RECIPE) with type id(27) has been liked 1 times
18-10-17 01:49:45 : submitlike.php : I : The user(1) has unliked the type(RECIPE) with type id(27) successfully.
18-10-17 01:49:45 : submitlike.php : I : The user(1) for the type(RECIPE) with type id(27) has liked ? 
18-10-17 01:49:45 : submitlike.php : I : The type(RECIPE) with type id(27) has been liked 0 times
18-10-17 01:49:47 : submitlike.php : I : The user(1) has liked the type(RECIPE) with type id(27) successfully.
18-10-17 01:49:47 : submitlike.php : I : The user(1) for the type(RECIPE) with type id(27) has liked ? 1
18-10-17 01:49:47 : submitlike.php : I : The type(RECIPE) with type id(27) has been liked 1 times
18-10-17 01:49:56 : getrecipedetails.php : I : Recipe data fetched successfully
18-10-17 01:49:56 : getrecipedetails.php : I : Ingredient data fetched successfully
18-10-17 01:49:56 : getrecipedetails.php : I : Recipe images fetched successfully
18-10-17 01:49:56 : getrecipedetails.php : I : Like data fetched successfully
18-10-17 01:49:56 : getrecipedetails.php : I : User like data fetched successfully
18-10-17 01:49:56 : getrecipedetails.php : I : View data fetched successfully
18-10-17 01:49:56 : getrecipedetails.php : I : Rating data fetched successfully
18-10-17 01:49:56 : getrecipedetails.php : I : User review data fetched successfully
