28-09-17 00:55:57 : mastersearch.php : I : Ingredient data fetched successfully
28-09-17 00:55:57 : mastersearch.php : I : Cuisine data fetched successfully
28-09-17 00:55:57 : mastersearch.php : I : Food Type fetched successfully
28-09-17 00:55:57 : mastersearch.php : I : User Data fetched successfully
28-09-17 00:55:57 : mastersearch.php : I : Full and final recipe details fetched successfully
28-09-17 00:55:57 : mastersearch.php : I : Full and final recipe details fetched successfully
28-09-17 00:55:57 : mastersearch.php : I : Full and final recipe details fetched successfully
28-09-17 00:55:57 : mastersearch.php : I : Full and final recipe details fetched successfully
28-09-17 00:55:57 : mastersearch.php : I : Full and final recipe details fetched successfully
28-09-17 00:55:57 : mastersearch.php : I : Full and final recipe details fetched successfully
28-09-17 00:55:57 : mastersearch.php : I : Full and final recipe details fetched successfully
28-09-17 00:55:57 : mastersearch.php : I : Full and final recipe details fetched successfully
28-09-17 00:55:57 : mastersearch.php : I : Full and final recipe details fetched successfully
28-09-17 00:55:57 : mastersearch.php : I : Full and final recipe details fetched successfully
28-09-17 00:55:57 : mastersearch.php : I : Full and final recipe details fetched successfully
28-09-17 00:55:57 : mastersearch.php : I : Full and final recipe details fetched successfully
28-09-17 00:55:57 : mastersearch.php : I : Full and final recipe details fetched successfully
28-09-17 00:55:57 : mastersearch.php : I : Full and final recipe details fetched successfully
28-09-17 00:55:57 : mastersearch.php : I : Full and final recipe details fetched successfully
28-09-17 00:55:57 : mastersearch.php : I : Full and final recipe details fetched successfully
28-09-17 00:55:57 : mastersearch.php : I : Full and final recipe details fetched successfully
28-09-17 00:55:57 : mastersearch.php : I : Full and final recipe details fetched successfully
28-09-17 00:55:57 : mastersearch.php : I : Full and final recipe details fetched successfully
28-09-17 00:55:57 : mastersearch.php : I : Full and final recipe details fetched successfully
28-09-17 00:55:57 : mastersearch.php : I : Full and final recipe details fetched successfully
28-09-17 00:55:57 : mastersearch.php : I : Full and final recipe details fetched successfully
28-09-17 00:55:57 : mastersearch.php : I : Full and final recipe details fetched successfully
28-09-17 00:55:57 : mastersearch.php : I : Full and final recipe details fetched successfully
28-09-17 00:55:57 : mastersearch.php : I : Full and final recipe details fetched successfully
28-09-17 00:56:04 : mastersearch.php : I : Ingredient data fetched successfully
28-09-17 00:56:04 : mastersearch.php : I : Cuisine data fetched successfully
28-09-17 00:56:04 : mastersearch.php : I : Food Type fetched successfully
28-09-17 00:56:04 : mastersearch.php : I : User Data fetched successfully
28-09-17 00:56:04 : mastersearch.php : I : Full and final recipe details fetched successfully
28-09-17 00:56:04 : mastersearch.php : I : Full and final recipe details fetched successfully
28-09-17 00:56:04 : mastersearch.php : I : Full and final recipe details fetched successfully
28-09-17 00:56:04 : mastersearch.php : I : Full and final recipe details fetched successfully
28-09-17 00:56:04 : mastersearch.php : I : Full and final recipe details fetched successfully
28-09-17 00:56:04 : mastersearch.php : I : Full and final recipe details fetched successfully
28-09-17 00:56:04 : mastersearch.php : I : Full and final recipe details fetched successfully
28-09-17 00:56:04 : mastersearch.php : I : Full and final recipe details fetched successfully
28-09-17 00:56:04 : mastersearch.php : I : Full and final recipe details fetched successfully
28-09-17 00:56:04 : mastersearch.php : I : Full and final recipe details fetched successfully
28-09-17 00:56:04 : mastersearch.php : I : Full and final recipe details fetched successfully
28-09-17 00:56:04 : mastersearch.php : I : Full and final recipe details fetched successfully
28-09-17 00:56:04 : mastersearch.php : I : Full and final recipe details fetched successfully
28-09-17 00:56:04 : mastersearch.php : I : Full and final recipe details fetched successfully
28-09-17 00:56:04 : mastersearch.php : I : Full and final recipe details fetched successfully
28-09-17 00:56:04 : mastersearch.php : I : Full and final recipe details fetched successfully
28-09-17 00:56:04 : mastersearch.php : I : Full and final recipe details fetched successfully
28-09-17 00:56:04 : mastersearch.php : I : Full and final recipe details fetched successfully
28-09-17 00:56:04 : mastersearch.php : I : Full and final recipe details fetched successfully
28-09-17 00:56:04 : mastersearch.php : I : Full and final recipe details fetched successfully
28-09-17 00:56:04 : mastersearch.php : I : Full and final recipe details fetched successfully
28-09-17 00:56:04 : mastersearch.php : I : Full and final recipe details fetched successfully
28-09-17 00:56:04 : mastersearch.php : I : Full and final recipe details fetched successfully
28-09-17 00:56:04 : mastersearch.php : I : Full and final recipe details fetched successfully
28-09-17 00:56:04 : mastersearch.php : I : Full and final recipe details fetched successfully
28-09-17 00:56:09 : mastersearch.php : I : Ingredient data fetched successfully
28-09-17 00:56:09 : mastersearch.php : I : Cuisine data fetched successfully
28-09-17 00:56:09 : mastersearch.php : I : Food Type fetched successfully
28-09-17 00:56:09 : mastersearch.php : I : User Data fetched successfully
28-09-17 00:56:09 : mastersearch.php : I : Full and final recipe details fetched successfully
28-09-17 00:56:09 : mastersearch.php : I : Full and final recipe details fetched successfully
28-09-17 00:56:09 : mastersearch.php : I : Full and final recipe details fetched successfully
28-09-17 00:56:09 : mastersearch.php : I : Full and final recipe details fetched successfully
28-09-17 00:56:09 : mastersearch.php : I : Full and final recipe details fetched successfully
28-09-17 00:56:09 : mastersearch.php : I : Full and final recipe details fetched successfully
28-09-17 00:56:09 : mastersearch.php : I : Full and final recipe details fetched successfully
28-09-17 00:56:09 : mastersearch.php : I : Full and final recipe details fetched successfully
28-09-17 00:56:09 : mastersearch.php : I : Full and final recipe details fetched successfully
28-09-17 00:56:09 : mastersearch.php : I : Full and final recipe details fetched successfully
28-09-17 00:56:09 : mastersearch.php : I : Full and final recipe details fetched successfully
28-09-17 00:56:09 : mastersearch.php : I : Full and final recipe details fetched successfully
28-09-17 00:56:09 : mastersearch.php : I : Full and final recipe details fetched successfully
28-09-17 00:56:09 : mastersearch.php : I : Full and final recipe details fetched successfully
28-09-17 00:56:09 : mastersearch.php : I : Full and final recipe details fetched successfully
28-09-17 00:56:09 : mastersearch.php : I : Full and final recipe details fetched successfully
28-09-17 00:56:09 : mastersearch.php : I : Full and final recipe details fetched successfully
28-09-17 00:56:09 : mastersearch.php : I : Full and final recipe details fetched successfully
28-09-17 00:56:09 : mastersearch.php : I : Full and final recipe details fetched successfully
28-09-17 00:56:09 : mastersearch.php : I : Full and final recipe details fetched successfully
28-09-17 00:56:09 : mastersearch.php : I : Full and final recipe details fetched successfully
28-09-17 00:56:09 : mastersearch.php : I : Full and final recipe details fetched successfully
28-09-17 00:56:09 : mastersearch.php : I : Full and final recipe details fetched successfully
28-09-17 00:56:09 : mastersearch.php : I : Full and final recipe details fetched successfully
28-09-17 00:56:09 : mastersearch.php : I : Full and final recipe details fetched successfully
28-09-17 00:56:23 : getrecipedetails.php : I : Ingredient data fetched successfully
28-09-17 00:56:23 : getrecipedetails.php : I : Recipe images fetched successfully
28-09-17 00:56:38 : mastersearch.php : I : Ingredient data fetched successfully
28-09-17 00:56:38 : mastersearch.php : I : Cuisine data fetched successfully
28-09-17 00:56:38 : mastersearch.php : I : Food Type fetched successfully
28-09-17 00:56:38 : mastersearch.php : I : User Data fetched successfully
28-09-17 00:56:38 : mastersearch.php : I : Full and final recipe details fetched successfully
28-09-17 00:56:38 : mastersearch.php : I : Full and final recipe details fetched successfully
28-09-17 00:56:38 : mastersearch.php : I : Full and final recipe details fetched successfully
28-09-17 00:56:38 : mastersearch.php : I : Full and final recipe details fetched successfully
28-09-17 00:56:38 : mastersearch.php : I : Full and final recipe details fetched successfully
28-09-17 00:56:38 : mastersearch.php : I : Full and final recipe details fetched successfully
28-09-17 00:56:38 : mastersearch.php : I : Full and final recipe details fetched successfully
28-09-17 00:56:38 : mastersearch.php : I : Full and final recipe details fetched successfully
28-09-17 00:56:38 : mastersearch.php : I : Full and final recipe details fetched successfully
28-09-17 00:56:38 : mastersearch.php : I : Full and final recipe details fetched successfully
28-09-17 00:56:38 : mastersearch.php : I : Full and final recipe details fetched successfully
28-09-17 00:56:38 : mastersearch.php : I : Full and final recipe details fetched successfully
28-09-17 00:56:38 : mastersearch.php : I : Full and final recipe details fetched successfully
28-09-17 00:56:38 : mastersearch.php : I : Full and final recipe details fetched successfully
28-09-17 00:56:38 : mastersearch.php : I : Full and final recipe details fetched successfully
28-09-17 00:56:38 : mastersearch.php : I : Full and final recipe details fetched successfully
28-09-17 00:56:38 : mastersearch.php : I : Full and final recipe details fetched successfully
28-09-17 00:56:38 : mastersearch.php : I : Full and final recipe details fetched successfully
28-09-17 00:56:38 : mastersearch.php : I : Full and final recipe details fetched successfully
28-09-17 00:56:38 : mastersearch.php : I : Full and final recipe details fetched successfully
28-09-17 00:56:38 : mastersearch.php : I : Full and final recipe details fetched successfully
28-09-17 00:56:38 : mastersearch.php : I : Full and final recipe details fetched successfully
28-09-17 00:56:38 : mastersearch.php : I : Full and final recipe details fetched successfully
28-09-17 00:56:38 : mastersearch.php : I : Full and final recipe details fetched successfully
28-09-17 00:56:38 : mastersearch.php : I : Full and final recipe details fetched successfully
28-09-17 00:56:43 : mastersearch.php : I : Ingredient data fetched successfully
28-09-17 00:56:43 : mastersearch.php : I : Cuisine data fetched successfully
28-09-17 00:56:43 : mastersearch.php : I : Food Type fetched successfully
28-09-17 00:56:43 : mastersearch.php : I : User Data fetched successfully
28-09-17 00:56:43 : mastersearch.php : I : Full and final recipe details fetched successfully
28-09-17 00:56:43 : mastersearch.php : I : Full and final recipe details fetched successfully
28-09-17 00:56:43 : mastersearch.php : I : Full and final recipe details fetched successfully
28-09-17 00:56:43 : mastersearch.php : I : Full and final recipe details fetched successfully
28-09-17 00:56:44 : mastersearch.php : I : Full and final recipe details fetched successfully
28-09-17 00:56:44 : mastersearch.php : I : Full and final recipe details fetched successfully
28-09-17 00:56:44 : mastersearch.php : I : Full and final recipe details fetched successfully
28-09-17 00:56:44 : mastersearch.php : I : Full and final recipe details fetched successfully
28-09-17 00:56:44 : mastersearch.php : I : Full and final recipe details fetched successfully
28-09-17 00:56:44 : mastersearch.php : I : Full and final recipe details fetched successfully
28-09-17 00:56:44 : mastersearch.php : I : Full and final recipe details fetched successfully
28-09-17 00:56:44 : mastersearch.php : I : Full and final recipe details fetched successfully
28-09-17 00:56:44 : mastersearch.php : I : Full and final recipe details fetched successfully
28-09-17 00:56:44 : mastersearch.php : I : Full and final recipe details fetched successfully
28-09-17 00:56:44 : mastersearch.php : I : Full and final recipe details fetched successfully
28-09-17 00:56:44 : mastersearch.php : I : Full and final recipe details fetched successfully
28-09-17 00:56:44 : mastersearch.php : I : Full and final recipe details fetched successfully
28-09-17 00:56:44 : mastersearch.php : I : Full and final recipe details fetched successfully
28-09-17 00:56:44 : mastersearch.php : I : Full and final recipe details fetched successfully
28-09-17 00:56:44 : mastersearch.php : I : Full and final recipe details fetched successfully
28-09-17 00:56:51 : getrecipedetails.php : I : Ingredient data fetched successfully
28-09-17 00:56:51 : getrecipedetails.php : I : Recipe images fetched successfully
