25-10-17 16:30:12 : myrecipecomments.php : I : 
25-10-17 16:30:12 : myrecipecomments.php : I : -------------'.myrecipecomments.php.'-------------
25-10-17 16:30:12 : myrecipecomments.php : I : REQUEST PARAM : user_id(1)
25-10-17 16:30:12 : myrecipecomments.php : I : REQUEST PARAM : rcp_id(6)
25-10-17 16:30:12 : myrecipecomments.php : I : REQUEST PARAM : comment(This comment is to test timeline)
25-10-17 16:30:12 : myrecipecomments.php : I : Comment added successfully as This comment is to test timeline
25-10-17 16:30:12 : myrecipecomments.php : I : -------------'.myrecipecomments.php.'-------------
25-10-17 16:30:12 : myrecipecomments.php : I : 
25-10-17 16:30:13 : registertimeline.php : I : 
25-10-17 16:30:13 : registertimeline.php : I : -------------'.registertimeline.php.'-------------
25-10-17 16:30:13 : registertimeline.php : I : REQUEST PARAM : user_id(1)
25-10-17 16:30:13 : registertimeline.php : I : REQUEST PARAM : type(COMMENT_RECIPE)
25-10-17 16:30:13 : registertimeline.php : I : REQUEST PARAM : type_id(1)
25-10-17 16:30:13 : registertimeline.php : I : REQUEST PARAM : action(ADD_COMMENT_RECIPE)
25-10-17 16:30:13 : registertimeline.php : I : -------------'.registertimeline.php.'-------------
25-10-17 16:30:13 : registertimeline.php : I : 
25-10-17 16:34:58 : myrecipecomments.php : I : 
25-10-17 16:34:58 : myrecipecomments.php : I : -------------'.myrecipecomments.php.'-------------
25-10-17 16:34:58 : myrecipecomments.php : I : REQUEST PARAM : user_id(1)
25-10-17 16:34:58 : myrecipecomments.php : I : REQUEST PARAM : rcp_id(6)
25-10-17 16:34:58 : myrecipecomments.php : I : REQUEST PARAM : comment(This comment is to test timeline)
25-10-17 16:34:58 : myrecipecomments.php : I : Comment added successfully as This comment is to test timeline
25-10-17 16:34:58 : myrecipecomments.php : I : -------------'.myrecipecomments.php.'-------------
25-10-17 16:34:58 : myrecipecomments.php : I : 
25-10-17 16:34:58 : registertimeline.php : I : 
25-10-17 16:34:58 : registertimeline.php : I : -------------'.registertimeline.php.'-------------
25-10-17 16:34:58 : registertimeline.php : I : REQUEST PARAM : user_id(1)
25-10-17 16:34:58 : registertimeline.php : I : REQUEST PARAM : type(COMMENT_RECIPE)
25-10-17 16:34:58 : registertimeline.php : I : REQUEST PARAM : type_id(1)
25-10-17 16:34:58 : registertimeline.php : I : REQUEST PARAM : action(ADD_COMMENT_RECIPE)
25-10-17 16:34:58 : registertimeline.php : I : -------------'.registertimeline.php.'-------------
25-10-17 16:34:58 : registertimeline.php : I : 
25-10-17 17:45:23 : myrecipecomments.php : I : 
25-10-17 17:45:23 : myrecipecomments.php : I : -------------'.myrecipecomments.php.'-------------
25-10-17 17:45:23 : myrecipecomments.php : I : REQUEST PARAM : user_id(1)
25-10-17 17:45:23 : myrecipecomments.php : I : REQUEST PARAM : rcp_id(6)
25-10-17 17:45:23 : myrecipecomments.php : I : REQUEST PARAM : comment(This comment is to test timeline)
25-10-17 17:45:23 : myrecipecomments.php : I : Comment added successfully as This comment is to test timeline
25-10-17 17:45:23 : myrecipecomments.php : I : -------------'.myrecipecomments.php.'-------------
25-10-17 17:45:23 : myrecipecomments.php : I : 
25-10-17 17:45:23 : registertimeline.php : I : 
25-10-17 17:45:23 : registertimeline.php : I : -------------'.registertimeline.php.'-------------
25-10-17 17:45:23 : registertimeline.php : I : REQUEST PARAM : user_id(1)
25-10-17 17:45:23 : registertimeline.php : I : REQUEST PARAM : type(COMMENT_RECIPE)
25-10-17 17:45:23 : registertimeline.php : I : REQUEST PARAM : type_id(1)
25-10-17 17:45:23 : registertimeline.php : I : REQUEST PARAM : action(ADD_COMMENT_RECIPE)
25-10-17 17:45:23 : registertimeline.php : I : Registered a timeline for the user(1) for the type(COMMENT_RECIPE) with type id(1) and action('.ADD_COMMENT_RECIPE.')
25-10-17 17:45:23 : registertimeline.php : I : -------------'.registertimeline.php.'-------------
25-10-17 17:45:23 : registertimeline.php : I : 
25-10-17 21:36:25 : fetchfoodtype.php : I : Food Type fetched successfully
25-10-17 21:36:25 : fetchtrendingrecipes.php : I : Trending Recipes fetched successfully
25-10-17 21:36:25 : fetchcuisine.php : I : Food Cuisine fetched successfully
25-10-17 21:36:25 : fetchtrendingrecipes.php : I : Trending Recipes fetched successfully
25-10-17 21:36:26 : fetchqty.php : I : Quantity fetched successfully
25-10-17 21:36:26 : fetchtrendingrecipes.php : I : Trending Recipes fetched successfully
25-10-17 21:36:26 : fetchtastes.php : I : Tastes fetched successfully
25-10-17 22:59:46 : config.php : I : Ingredient auto - search successully
