13-10-17 21:01:58 : fetchfoodtype.php : I : Food Type fetched successfully
13-10-17 21:01:58 : fetchtrendingrecipes.php : I : Trending Recipes fetched successfully
13-10-17 21:01:58 : fetchcuisine.php : I : Food Cuisine fetched successfully
13-10-17 21:01:58 : fetchtrendingrecipes.php : I : Trending Recipes fetched successfully
13-10-17 21:01:59 : fetchqty.php : I : Quantity fetched successfully
13-10-17 21:01:59 : fetchtrendingrecipes.php : I : Trending Recipes fetched successfully
13-10-17 21:01:59 : fetchtastes.php : I : Tastes fetched successfully
13-10-17 21:02:01 : fetchtastes.php : I : Tastes fetched successfully
13-10-17 21:02:11 : getrecipedetails.php : I : Recipe data fetched successfully
13-10-17 21:02:11 : getrecipedetails.php : I : Ingredient data fetched successfully
13-10-17 21:02:11 : getrecipedetails.php : I : Recipe images fetched successfully
13-10-17 21:02:11 : getrecipedetails.php : I : Like data fetched successfully
13-10-17 21:04:32 : getrecipedetails.php : I : Recipe data fetched successfully
13-10-17 21:04:32 : getrecipedetails.php : I : Ingredient data fetched successfully
13-10-17 21:04:32 : getrecipedetails.php : I : Recipe images fetched successfully
13-10-17 21:04:32 : getrecipedetails.php : I : Like data fetched successfully
13-10-17 21:05:34 : getrecipedetails.php : I : Recipe data fetched successfully
13-10-17 21:05:34 : getrecipedetails.php : I : Ingredient data fetched successfully
13-10-17 21:05:34 : getrecipedetails.php : I : Recipe images fetched successfully
13-10-17 21:05:34 : getrecipedetails.php : I : Like data fetched successfully
13-10-17 21:09:06 : getrecipedetails.php : I : Recipe data fetched successfully
13-10-17 21:09:06 : getrecipedetails.php : I : Ingredient data fetched successfully
13-10-17 21:09:06 : getrecipedetails.php : I : Recipe images fetched successfully
13-10-17 21:09:06 : getrecipedetails.php : I : Like data fetched successfully
13-10-17 21:09:32 : getrecipedetails.php : I : Recipe data fetched successfully
13-10-17 21:09:32 : getrecipedetails.php : I : Ingredient data fetched successfully
13-10-17 21:09:32 : getrecipedetails.php : I : Recipe images fetched successfully
13-10-17 21:09:32 : getrecipedetails.php : I : Like data fetched successfully
13-10-17 21:29:53 : getrecipedetails.php : I : Recipe view data fetched successfully
13-10-17 21:32:05 : getrecipedetails.php : I : Recipe view data fetched successfully
13-10-17 21:32:05 : getrecipedetails.php : I : Recipe data fetched successfully
13-10-17 21:32:05 : getrecipedetails.php : I : Ingredient data fetched successfully
13-10-17 21:32:05 : getrecipedetails.php : I : Recipe images fetched successfully
13-10-17 21:32:05 : getrecipedetails.php : I : Like data fetched successfully
13-10-17 21:32:05 : getrecipedetails.php : I : View data fetched successfully
13-10-17 21:33:59 : getrecipedetails.php : I : Recipe view data fetched successfully
13-10-17 21:33:59 : getrecipedetails.php : I : Recipe data fetched successfully
13-10-17 21:33:59 : getrecipedetails.php : I : Ingredient data fetched successfully
13-10-17 21:33:59 : getrecipedetails.php : I : Recipe images fetched successfully
13-10-17 21:33:59 : getrecipedetails.php : I : Like data fetched successfully
13-10-17 21:33:59 : getrecipedetails.php : I : View data fetched successfully
13-10-17 21:34:56 : getrecipedetails.php : I : Recipe view data fetched successfully
13-10-17 21:34:56 : getrecipedetails.php : I : Recipe data fetched successfully
13-10-17 21:34:56 : getrecipedetails.php : I : Ingredient data fetched successfully
13-10-17 21:34:56 : getrecipedetails.php : I : Recipe images fetched successfully
13-10-17 21:34:56 : getrecipedetails.php : I : Like data fetched successfully
13-10-17 21:34:56 : getrecipedetails.php : I : View data fetched successfully
13-10-17 21:37:20 : getrecipedetails.php : I : Recipe view data fetched successfully
13-10-17 21:37:20 : getrecipedetails.php : I : Recipe data fetched successfully
13-10-17 21:37:20 : getrecipedetails.php : I : Ingredient data fetched successfully
13-10-17 21:37:20 : getrecipedetails.php : I : Recipe images fetched successfully
13-10-17 21:37:20 : getrecipedetails.php : I : Like data fetched successfully
13-10-17 21:37:20 : getrecipedetails.php : I : View data fetched successfully
13-10-17 21:42:27 : fetchtrendingrecipes.php : I : Trending Recipes fetched successfully
13-10-17 21:42:29 : fetchtrendingrecipes.php : I : Trending Recipes fetched successfully
13-10-17 21:42:29 : fetchtrendingrecipes.php : I : Trending Recipes fetched successfully
13-10-17 21:42:30 : fetchfoodtype.php : I : Food Type fetched successfully
13-10-17 21:42:31 : fetchcuisine.php : I : Food Cuisine fetched successfully
13-10-17 21:42:31 : fetchtrendingrecipes.php : I : Trending Recipes fetched successfully
13-10-17 21:42:31 : fetchqty.php : I : Quantity fetched successfully
13-10-17 21:42:31 : fetchfoodtype.php : I : Food Type fetched successfully
13-10-17 21:42:31 : fetchtastes.php : I : Tastes fetched successfully
13-10-17 21:45:28 : fetchtrendingrecipes.php : I : Trending Recipes fetched successfully
13-10-17 21:45:28 : fetchfoodtype.php : I : Food Type fetched successfully
13-10-17 21:45:29 : fetchtrendingrecipes.php : I : Trending Recipes fetched successfully
13-10-17 21:45:29 : fetchcuisine.php : I : Food Cuisine fetched successfully
13-10-17 21:45:29 : fetchqty.php : I : Quantity fetched successfully
13-10-17 21:45:29 : fetchtrendingrecipes.php : I : Trending Recipes fetched successfully
13-10-17 21:45:29 : fetchtastes.php : I : Tastes fetched successfully
13-10-17 21:45:51 : getrecipedetails.php : I : Recipe view data fetched successfully
13-10-17 21:45:51 : getrecipedetails.php : I : Recipe data fetched successfully
13-10-17 21:45:51 : getrecipedetails.php : I : Ingredient data fetched successfully
13-10-17 21:45:51 : getrecipedetails.php : I : Recipe images fetched successfully
13-10-17 21:45:51 : getrecipedetails.php : I : Like data fetched successfully
13-10-17 21:45:51 : getrecipedetails.php : I : View data fetched successfully
13-10-17 23:21:27 : fetchtrendingrecipes.php : I : Trending Recipes fetched successfully
13-10-17 23:21:27 : fetchfoodtype.php : I : Food Type fetched successfully
13-10-17 23:21:27 : fetchcuisine.php : I : Food Cuisine fetched successfully
13-10-17 23:21:27 : fetchtrendingrecipes.php : I : Trending Recipes fetched successfully
13-10-17 23:21:28 : fetchqty.php : I : Quantity fetched successfully
13-10-17 23:21:28 : fetchtrendingrecipes.php : I : Trending Recipes fetched successfully
13-10-17 23:21:28 : fetchtastes.php : I : Tastes fetched successfully
13-10-17 23:24:24 : fetchtrendingrecipes.php : I : Trending Recipes fetched successfully
13-10-17 23:24:24 : fetchtrendingrecipes.php : I : Trending Recipes fetched successfully
13-10-17 23:24:25 : fetchtrendingrecipes.php : I : Trending Recipes fetched successfully
13-10-17 23:24:25 : fetchfoodtype.php : I : Food Type fetched successfully
13-10-17 23:24:26 : fetchcuisine.php : I : Food Cuisine fetched successfully
13-10-17 23:24:26 : fetchqty.php : I : Quantity fetched successfully
13-10-17 23:24:31 : fetchtastes.php : I : Tastes fetched successfully
13-10-17 23:24:35 : getrecipedetails.php : I : Recipe view data fetched successfully
13-10-17 23:24:35 : getrecipedetails.php : I : Recipe data fetched successfully
13-10-17 23:24:35 : getrecipedetails.php : I : Ingredient data fetched successfully
13-10-17 23:24:35 : getrecipedetails.php : I : Recipe images fetched successfully
13-10-17 23:24:35 : getrecipedetails.php : I : Like data fetched successfully
13-10-17 23:24:35 : getrecipedetails.php : I : View data fetched successfully
13-10-17 23:25:08 : fetchtrendingrecipes.php : I : Trending Recipes fetched successfully
13-10-17 23:25:08 : fetchfoodtype.php : I : Food Type fetched successfully
13-10-17 23:25:08 : fetchcuisine.php : I : Food Cuisine fetched successfully
13-10-17 23:25:08 : fetchtrendingrecipes.php : I : Trending Recipes fetched successfully
13-10-17 23:25:09 : fetchqty.php : I : Quantity fetched successfully
13-10-17 23:25:09 : fetchtrendingrecipes.php : I : Trending Recipes fetched successfully
13-10-17 23:25:09 : fetchtastes.php : I : Tastes fetched successfully
13-10-17 23:25:24 : getrecipedetails.php : I : Recipe view data fetched successfully
13-10-17 23:25:24 : getrecipedetails.php : I : Recipe data fetched successfully
13-10-17 23:25:24 : getrecipedetails.php : I : Ingredient data fetched successfully
13-10-17 23:25:24 : getrecipedetails.php : I : Recipe images fetched successfully
13-10-17 23:25:24 : getrecipedetails.php : I : Like data fetched successfully
13-10-17 23:25:24 : getrecipedetails.php : I : View data fetched successfully
13-10-17 23:27:05 : getrecipedetails.php : I : Recipe view data fetched successfully
13-10-17 23:27:05 : getrecipedetails.php : I : Recipe data fetched successfully
13-10-17 23:27:05 : getrecipedetails.php : I : Ingredient data fetched successfully
13-10-17 23:27:05 : getrecipedetails.php : I : Recipe images fetched successfully
13-10-17 23:27:05 : getrecipedetails.php : I : Like data fetched successfully
13-10-17 23:27:05 : getrecipedetails.php : I : View data fetched successfully
13-10-17 23:29:49 : getrecipedetails.php : I : Recipe view data fetched successfully
13-10-17 23:29:49 : getrecipedetails.php : I : Recipe data fetched successfully
13-10-17 23:29:49 : getrecipedetails.php : I : Ingredient data fetched successfully
13-10-17 23:29:49 : getrecipedetails.php : I : Recipe images fetched successfully
13-10-17 23:29:49 : getrecipedetails.php : I : Like data fetched successfully
13-10-17 23:29:49 : getrecipedetails.php : I : View data fetched successfully
13-10-17 23:33:01 : getrecipedetails.php : I : Recipe view data fetched successfully
13-10-17 23:33:01 : getrecipedetails.php : I : Recipe data fetched successfully
13-10-17 23:33:01 : getrecipedetails.php : I : Ingredient data fetched successfully
13-10-17 23:33:01 : getrecipedetails.php : I : Recipe images fetched successfully
13-10-17 23:33:01 : getrecipedetails.php : I : Like data fetched successfully
13-10-17 23:33:01 : getrecipedetails.php : I : View data fetched successfully
13-10-17 23:33:59 : getrecipedetails.php : I : Recipe view data fetched successfully
13-10-17 23:33:59 : getrecipedetails.php : I : Recipe View data fetched successfully
13-10-17 23:33:59 : getrecipedetails.php : I : Recipe data fetched successfully
13-10-17 23:33:59 : getrecipedetails.php : I : Ingredient data fetched successfully
13-10-17 23:33:59 : getrecipedetails.php : I : Recipe images fetched successfully
13-10-17 23:33:59 : getrecipedetails.php : I : Like data fetched successfully
13-10-17 23:33:59 : getrecipedetails.php : I : View data fetched successfully
13-10-17 23:38:01 : getrecipedetails.php : I : Recipe view data fetched successfully
13-10-17 23:38:01 : getrecipedetails.php : I : Recipe data fetched successfully
13-10-17 23:38:01 : getrecipedetails.php : I : Ingredient data fetched successfully
13-10-17 23:38:01 : getrecipedetails.php : I : Recipe images fetched successfully
13-10-17 23:38:01 : getrecipedetails.php : I : Like data fetched successfully
13-10-17 23:38:01 : getrecipedetails.php : I : View data fetched successfully
13-10-17 23:38:14 : getrecipedetails.php : I : Recipe view data fetched successfully
13-10-17 23:38:14 : getrecipedetails.php : I : Recipe data fetched successfully
13-10-17 23:38:14 : getrecipedetails.php : I : Ingredient data fetched successfully
13-10-17 23:38:14 : getrecipedetails.php : I : Recipe images fetched successfully
13-10-17 23:38:14 : getrecipedetails.php : I : Like data fetched successfully
13-10-17 23:38:14 : getrecipedetails.php : I : View data fetched successfully
14-10-17 00:14:13 : fetchfoodtype.php : I : Food Type fetched successfully
14-10-17 00:14:13 : fetchtrendingrecipes.php : I : Trending Recipes fetched successfully
14-10-17 00:14:13 : fetchcuisine.php : I : Food Cuisine fetched successfully
14-10-17 00:14:13 : fetchtrendingrecipes.php : I : Trending Recipes fetched successfully
14-10-17 00:14:13 : fetchqty.php : I : Quantity fetched successfully
14-10-17 00:14:14 : fetchtastes.php : I : Tastes fetched successfully
14-10-17 00:14:14 : fetchtrendingrecipes.php : I : Trending Recipes fetched successfully
14-10-17 00:14:18 : getrecipedetails.php : I : Recipe view data fetched successfully
14-10-17 00:17:58 : fetchfoodtype.php : I : Food Type fetched successfully
14-10-17 00:17:58 : fetchtrendingrecipes.php : I : Trending Recipes fetched successfully
14-10-17 00:17:59 : fetchtrendingrecipes.php : I : Trending Recipes fetched successfully
14-10-17 00:17:59 : fetchcuisine.php : I : Food Cuisine fetched successfully
14-10-17 00:17:59 : fetchqty.php : I : Quantity fetched successfully
14-10-17 00:17:59 : fetchtrendingrecipes.php : I : Trending Recipes fetched successfully
14-10-17 00:17:59 : fetchtastes.php : I : Tastes fetched successfully
14-10-17 00:20:16 : fetchtrendingrecipes.php : I : Trending Recipes fetched successfully
14-10-17 00:20:16 : fetchfoodtype.php : I : Food Type fetched successfully
14-10-17 00:20:17 : fetchtrendingrecipes.php : I : Trending Recipes fetched successfully
14-10-17 00:20:17 : fetchtrendingrecipes.php : I : Trending Recipes fetched successfully
14-10-17 00:20:18 : fetchcuisine.php : I : Food Cuisine fetched successfully
14-10-17 00:20:18 : fetchqty.php : I : Quantity fetched successfully
14-10-17 00:20:18 : fetchtastes.php : I : Tastes fetched successfully
14-10-17 00:20:24 : getrecipedetails.php : I : Recipe view data fetched successfully
14-10-17 00:43:02 : fetchtrendingrecipes.php : I : Trending Recipes fetched successfully
14-10-17 00:43:02 : fetchfoodtype.php : I : Food Type fetched successfully
14-10-17 00:43:02 : fetchcuisine.php : I : Food Cuisine fetched successfully
14-10-17 00:43:02 : fetchtrendingrecipes.php : I : Trending Recipes fetched successfully
14-10-17 00:43:03 : fetchtrendingrecipes.php : I : Trending Recipes fetched successfully
14-10-17 00:43:03 : fetchqty.php : I : Quantity fetched successfully
14-10-17 00:43:03 : fetchtastes.php : I : Tastes fetched successfully
14-10-17 00:43:06 : getrecipedetails.php : I : Recipe view data fetched successfully
14-10-17 00:43:59 : fetchtrendingrecipes.php : I : Trending Recipes fetched successfully
14-10-17 00:43:59 : fetchtrendingrecipes.php : I : Trending Recipes fetched successfully
14-10-17 00:44:00 : fetchfoodtype.php : I : Food Type fetched successfully
14-10-17 00:44:00 : fetchtrendingrecipes.php : I : Trending Recipes fetched successfully
14-10-17 00:44:00 : fetchcuisine.php : I : Food Cuisine fetched successfully
14-10-17 00:44:01 : fetchqty.php : I : Quantity fetched successfully
14-10-17 00:44:01 : fetchtastes.php : I : Tastes fetched successfully
14-10-17 00:45:00 : getrecipedetails.php : I : Recipe view data fetched successfully
14-10-17 00:47:10 : fetchfoodtype.php : I : Food Type fetched successfully
14-10-17 00:47:10 : fetchtrendingrecipes.php : I : Trending Recipes fetched successfully
14-10-17 00:47:11 : fetchcuisine.php : I : Food Cuisine fetched successfully
14-10-17 00:47:11 : fetchtrendingrecipes.php : I : Trending Recipes fetched successfully
14-10-17 00:47:11 : fetchtrendingrecipes.php : I : Trending Recipes fetched successfully
14-10-17 00:47:11 : fetchqty.php : I : Quantity fetched successfully
14-10-17 00:47:12 : fetchtastes.php : I : Tastes fetched successfully
14-10-17 00:47:14 : getrecipedetails.php : I : Recipe view data fetched successfully
