[v0.1] : 08-11-17 22:41:26 : fetchfoodtype.php : I : Food Type fetched successfully
[v0.1] : 08-11-17 22:41:27 : fetchtrendingrecipes.php : I : Trending Recipes fetched successfully
[v0.1] : 08-11-17 22:41:27 : fetchcuisine.php : I : Food Cuisine fetched successfully
[v0.1] : 08-11-17 22:41:28 : fetchtrendingrecipes.php : I : Trending Recipes fetched successfully
[v0.1] : 08-11-17 22:41:28 : fetchqty.php : I : Quantity fetched successfully
[v0.1] : 08-11-17 22:41:30 : fetchtastes.php : I : Tastes fetched successfully
[v0.1] : 08-11-17 22:41:31 : fetchtrendingrecipes.php : I : Trending Recipes fetched successfully
[v0.1] : 08-11-17 22:41:35 : fetchrecipedetails.php : I : 
[v0.1] : 08-11-17 22:41:35 : fetchrecipedetails.php : I : -------------fetchrecipedetails.php-------------
[v0.1] : 08-11-17 22:41:36 : fetchrecipedetails.php : I : -------------fetchrecipedetails.php-------------
[v0.1] : 08-11-17 22:50:18 : fetchfoodtype.php : I : Food Type fetched successfully
[v0.1] : 08-11-17 22:50:18 : fetchtrendingrecipes.php : I : Trending Recipes fetched successfully
[v0.1] : 08-11-17 22:50:19 : fetchcuisine.php : I : Food Cuisine fetched successfully
[v0.1] : 08-11-17 22:50:19 : fetchtrendingrecipes.php : I : Trending Recipes fetched successfully
[v0.1] : 08-11-17 22:50:21 : fetchqty.php : I : Quantity fetched successfully
[v0.1] : 08-11-17 22:50:21 : fetchtrendingrecipes.php : I : Trending Recipes fetched successfully
[v0.1] : 08-11-17 22:50:22 : fetchtastes.php : I : Tastes fetched successfully
[v0.1] : 08-11-17 22:53:40 : fetchrecipedetails.php : I : 
[v0.1] : 08-11-17 22:53:40 : fetchrecipedetails.php : I : -------------fetchrecipedetails.php-------------
[v0.1] : 08-11-17 22:53:41 : fetchrecipedetails.php : I : -------------fetchrecipedetails.php-------------
[v0.1] : 08-11-17 22:55:42 : fetchfoodtype.php : I : Food Type fetched successfully
[v0.1] : 08-11-17 22:55:42 : fetchtrendingrecipes.php : I : Trending Recipes fetched successfully
[v0.1] : 08-11-17 22:55:44 : fetchcuisine.php : I : Food Cuisine fetched successfully
[v0.1] : 08-11-17 22:55:44 : fetchtrendingrecipes.php : I : Trending Recipes fetched successfully
[v0.1] : 08-11-17 22:55:45 : fetchqty.php : I : Quantity fetched successfully
[v0.1] : 08-11-17 22:55:46 : fetchtrendingrecipes.php : I : Trending Recipes fetched successfully
[v0.1] : 08-11-17 22:55:48 : fetchtastes.php : I : Tastes fetched successfully
[v0.1] : 08-11-17 23:43:31 : fetchfoodtype.php : I : Food Type fetched successfully
[v0.1] : 08-11-17 23:43:31 : fetchtrendingrecipes.php : I : Trending Recipes fetched successfully
[v0.1] : 08-11-17 23:43:32 : fetchcuisine.php : I : Food Cuisine fetched successfully
[v0.1] : 08-11-17 23:43:32 : fetchtrendingrecipes.php : I : Trending Recipes fetched successfully
[v0.1] : 08-11-17 23:43:34 : fetchqty.php : I : Quantity fetched successfully
[v0.1] : 08-11-17 23:43:34 : fetchtrendingrecipes.php : I : Trending Recipes fetched successfully
[v0.1] : 08-11-17 23:43:35 : fetchtastes.php : I : Tastes fetched successfully
