05-11-17 11:50:58 : fetchfoodtype.php : I : Food Type fetched successfully
05-11-17 11:50:58 : fetchtrendingrecipes.php : I : Trending Recipes fetched successfully
05-11-17 11:50:59 : fetchcuisine.php : I : Food Cuisine fetched successfully
05-11-17 11:50:59 : fetchtrendingrecipes.php : I : Trending Recipes fetched successfully
05-11-17 11:51:00 : fetchqty.php : I : Quantity fetched successfully
05-11-17 11:51:00 : fetchtrendingrecipes.php : I : Trending Recipes fetched successfully
05-11-17 11:51:01 : fetchtastes.php : I : Tastes fetched successfully
05-11-17 11:54:06 : fetchtrendingrecipes.php : I : Trending Recipes fetched successfully
05-11-17 11:54:07 : fetchtrendingrecipes.php : I : Trending Recipes fetched successfully
05-11-17 11:54:07 : fetchfoodtype.php : I : Food Type fetched successfully
05-11-17 11:54:07 : fetchtrendingrecipes.php : I : Trending Recipes fetched successfully
05-11-17 11:54:08 : fetchcuisine.php : I : Food Cuisine fetched successfully
05-11-17 11:54:08 : fetchqty.php : I : Quantity fetched successfully
05-11-17 11:54:11 : fetchtastes.php : I : Tastes fetched successfully
05-11-17 11:55:00 : fetchtrendingrecipes.php : I : Trending Recipes fetched successfully
05-11-17 11:55:00 : fetchfoodtype.php : I : Food Type fetched successfully
05-11-17 11:55:01 : fetchtrendingrecipes.php : I : Trending Recipes fetched successfully
05-11-17 11:55:01 : fetchcuisine.php : I : Food Cuisine fetched successfully
05-11-17 11:55:02 : fetchqty.php : I : Quantity fetched successfully
05-11-17 11:55:02 : fetchtrendingrecipes.php : I : Trending Recipes fetched successfully
05-11-17 11:55:05 : fetchtastes.php : I : Tastes fetched successfully
05-11-17 12:03:28 : fetchfoodtype.php : I : Food Type fetched successfully
05-11-17 12:03:28 : fetchtrendingrecipes.php : I : Trending Recipes fetched successfully
05-11-17 12:03:29 : fetchcuisine.php : I : Food Cuisine fetched successfully
05-11-17 12:03:29 : fetchtrendingrecipes.php : I : Trending Recipes fetched successfully
05-11-17 12:03:30 : fetchqty.php : I : Quantity fetched successfully
05-11-17 12:03:31 : fetchtrendingrecipes.php : I : Trending Recipes fetched successfully
05-11-17 12:03:32 : fetchtastes.php : I : Tastes fetched successfully
05-11-17 12:07:37 : fetchfoodtype.php : I : Food Type fetched successfully
05-11-17 12:07:37 : fetchtrendingrecipes.php : I : Trending Recipes fetched successfully
05-11-17 12:07:40 : fetchcuisine.php : I : Food Cuisine fetched successfully
05-11-17 12:07:40 : fetchtrendingrecipes.php : I : Trending Recipes fetched successfully
05-11-17 12:07:44 : fetchtrendingrecipes.php : I : Trending Recipes fetched successfully
05-11-17 12:07:44 : fetchqty.php : I : Quantity fetched successfully
05-11-17 12:07:46 : fetchtastes.php : I : Tastes fetched successfully
[v0.1] : 05-11-17 12:08:11 : fetchusertimeline.php : I : 
[v0.1] : 05-11-17 12:08:11 : fetchusertimeline.php : I : -------------fetchusertimeline.php-------------
[v0.1] : 05-11-17 12:08:11 : fetchusertimeline.php : I : REQUEST PARAM : user_id(1)
[v0.1] : 05-11-17 12:08:11 : fetchusertimeline.php : I : REQUEST PARAM : index(0)
[v0.1] : 05-11-17 12:08:11 : fetchusertimeline.php : I : -------------fetchusertimeline.php-------------
05-11-17 12:09:54 : fetchfoodtype.php : I : Food Type fetched successfully
05-11-17 12:09:55 : fetchtrendingrecipes.php : I : Trending Recipes fetched successfully
05-11-17 12:09:55 : fetchcuisine.php : I : Food Cuisine fetched successfully
05-11-17 12:09:55 : fetchtrendingrecipes.php : I : Trending Recipes fetched successfully
05-11-17 12:09:56 : fetchqty.php : I : Quantity fetched successfully
05-11-17 12:09:56 : fetchtrendingrecipes.php : I : Trending Recipes fetched successfully
05-11-17 12:10:03 : fetchtastes.php : I : Tastes fetched successfully
[v0.1] : 05-11-17 12:10:09 : fetchusertimeline.php : I : 
[v0.1] : 05-11-17 12:10:09 : fetchusertimeline.php : I : -------------fetchusertimeline.php-------------
[v0.1] : 05-11-17 12:10:09 : fetchusertimeline.php : I : REQUEST PARAM : user_id(1)
[v0.1] : 05-11-17 12:10:09 : fetchusertimeline.php : I : REQUEST PARAM : index(0)
[v0.1] : 05-11-17 12:10:09 : fetchusertimeline.php : I : -------------fetchusertimeline.php-------------
