27-09-17 00:02:21 : getrecipedetails.php : I : Ingredient data fetched successfully
27-09-17 00:02:21 : getrecipedetails.php : I : Recipe images fetched successfully
27-09-17 00:30:11 : mastersearch.php : I : Ingredient data fetched successfully
27-09-17 00:30:11 : mastersearch.php : I : Cuisine data fetched successfully
27-09-17 00:30:11 : mastersearch.php : I : Food Type fetched successfully
27-09-17 00:30:11 : mastersearch.php : I : User Data fetched successfully
27-09-17 00:30:11 : mastersearch.php : I : Full and final recipe details fetched successfully
27-09-17 23:41:13 : fetchtrendingrecipes.php : I : Trending Recipes fetched successfully
27-09-17 23:41:13 : fetchfoodtype.php : I : Food Type fetched successfully
27-09-17 23:41:14 : fetchtrendingrecipes.php : I : Trending Recipes fetched successfully
27-09-17 23:41:14 : fetchcuisine.php : I : Food Cuisine fetched successfully
27-09-17 23:41:14 : fetchtrendingrecipes.php : I : Trending Recipes fetched successfully
27-09-17 23:41:14 : fetchqty.php : I : Quantity fetched successfully
27-09-17 23:41:14 : fetchtastes.php : I : Tastes fetched successfully
27-09-17 23:41:46 : fetchtrendingrecipes.php : I : Trending Recipes fetched successfully
28-09-17 00:54:17 : fetchfoodtype.php : I : Food Type fetched successfully
28-09-17 00:54:17 : fetchtrendingrecipes.php : I : Trending Recipes fetched successfully
28-09-17 00:54:17 : fetchcuisine.php : I : Food Cuisine fetched successfully
28-09-17 00:54:17 : fetchtrendingrecipes.php : I : Trending Recipes fetched successfully
28-09-17 00:54:17 : fetchtrendingrecipes.php : I : Trending Recipes fetched successfully
28-09-17 00:54:17 : fetchqty.php : I : Quantity fetched successfully
28-09-17 00:54:18 : fetchtastes.php : I : Tastes fetched successfully
28-09-17 00:54:28 : fetchtrendingrecipes.php : I : Trending Recipes fetched successfully
28-09-17 00:54:51 : fetchtrendingrecipes.php : I : Trending Recipes fetched successfully
28-09-17 00:55:11 : fetchtrendingrecipes.php : I : Trending Recipes fetched successfully
28-09-17 00:55:15 : fetchtrendingrecipes.php : I : Trending Recipes fetched successfully
28-09-17 00:55:57 : mastersearch.php : I : Recipe data fetched successfully
28-09-17 00:56:04 : mastersearch.php : I : Recipe data fetched successfully
28-09-17 00:56:09 : mastersearch.php : I : Recipe data fetched successfully
28-09-17 00:56:23 : getrecipedetails.php : I : Recipe data fetched successfully
28-09-17 00:56:38 : mastersearch.php : I : Recipe data fetched successfully
28-09-17 00:56:43 : mastersearch.php : I : Recipe data fetched successfully
28-09-17 00:56:51 : getrecipedetails.php : I : Recipe data fetched successfully
28-09-17 00:57:36 : fetchtrendingrecipes.php : I : Trending Recipes fetched successfully
