[v0.1] : 02-11-17 14:35:25 : fetchusertimelinedetails.php : I : 
[v0.1] : 02-11-17 14:35:25 : fetchusertimelinedetails.php : I : -------------fetchusertimelinedetails.php-------------
[v0.1] : 02-11-17 14:35:25 : fetchusertimelinedetails.php : I : REQUEST PARAM : user_id(17)
[v0.1] : 02-11-17 14:45:18 : fetchusertimelinedetails.php : I : 
[v0.1] : 02-11-17 14:45:18 : fetchusertimelinedetails.php : I : -------------fetchusertimelinedetails.php-------------
[v0.1] : 02-11-17 14:45:18 : fetchusertimelinedetails.php : I : REQUEST PARAM : user_id(17)
[v0.1] : 02-11-17 14:45:22 : fetchusertimelinedetails.php : I : 
[v0.1] : 02-11-17 14:45:22 : fetchusertimelinedetails.php : I : -------------fetchusertimelinedetails.php-------------
[v0.1] : 02-11-17 14:45:22 : fetchusertimelinedetails.php : I : REQUEST PARAM : user_id(17)
[v0.1] : 02-11-17 14:47:10 : fetchusertimelinedetails.php : I : 
[v0.1] : 02-11-17 14:47:10 : fetchusertimelinedetails.php : I : -------------fetchusertimelinedetails.php-------------
[v0.1] : 02-11-17 14:47:10 : fetchusertimelinedetails.php : I : REQUEST PARAM : user_id(17)
[v0.1] : 02-11-17 14:48:30 : fetchusertimelinedetails.php : I : 
[v0.1] : 02-11-17 14:48:30 : fetchusertimelinedetails.php : I : -------------fetchusertimelinedetails.php-------------
[v0.1] : 02-11-17 14:48:30 : fetchusertimelinedetails.php : I : REQUEST PARAM : user_id(17)
[v0.1] : 02-11-17 14:51:57 : fetchusertimelinedetails.php : I : 
[v0.1] : 02-11-17 14:51:57 : fetchusertimelinedetails.php : I : -------------fetchusertimelinedetails.php-------------
[v0.1] : 02-11-17 14:51:57 : fetchusertimelinedetails.php : I : REQUEST PARAM : user_id(17)
[v0.1] : 02-11-17 14:51:57 : fetchusertimelinedetails.php : I : -------------fetchusertimelinedetails.php-------------
[v0.1] : 02-11-17 14:55:27 : fetchusertimelinedetails.php : I : 
[v0.1] : 02-11-17 14:55:27 : fetchusertimelinedetails.php : I : -------------fetchusertimelinedetails.php-------------
[v0.1] : 02-11-17 14:55:27 : fetchusertimelinedetails.php : I : REQUEST PARAM : user_id()
02-11-17 15:05:46 : fetchrecipedetails.php : I : Recipe view data fetched successfully
02-11-17 15:05:46 : fetchrecipedetails.php : I : Recipe data fetched successfully
02-11-17 15:05:46 : fetchrecipedetails.php : I : Ingredient data fetched successfully
02-11-17 15:05:46 : fetchrecipedetails.php : I : Recipe images fetched successfully
02-11-17 15:05:46 : fetchrecipedetails.php : I : Like data fetched successfully
02-11-17 15:05:46 : fetchrecipedetails.php : I : User like data fetched successfully
02-11-17 15:05:46 : fetchrecipedetails.php : I : View data fetched successfully
02-11-17 15:05:46 : fetchrecipedetails.php : I : Rating data fetched successfully
02-11-17 15:05:46 : fetchrecipedetails.php : I : User review data fetched successfully
