07-11-17 00:25:18 : fetchfoodtype.php : I : Food Type fetched successfully
07-11-17 00:25:18 : fetchtrendingrecipes.php : I : Trending Recipes fetched successfully
07-11-17 00:25:19 : fetchcuisine.php : I : Food Cuisine fetched successfully
07-11-17 00:25:19 : fetchtrendingrecipes.php : I : Trending Recipes fetched successfully
07-11-17 00:25:20 : fetchqty.php : I : Quantity fetched successfully
07-11-17 00:25:20 : fetchtrendingrecipes.php : I : Trending Recipes fetched successfully
07-11-17 00:25:20 : fetchtastes.php : I : Tastes fetched successfully
[v0.1] : 07-11-17 00:25:45 : fetchusertimeline.php : I : 
[v0.1] : 07-11-17 00:25:54 : fetchuserrecipes.php : I : 
[v0.1] : 07-11-17 00:26:03 : fetchuserfavrecipes.php : I : 
[v0.1] : 07-11-17 00:26:04 : fetchuserviewedrecipes.php : I : -------------fetchuserviewedrecipes.php-------------
[v0.1] : 07-11-17 00:26:06 : fetchuserreviewedrecipes.php : I : 
07-11-17 00:26:38 : fetchfoodtype.php : I : Food Type fetched successfully
07-11-17 00:26:39 : fetchtrendingrecipes.php : I : Trending Recipes fetched successfully
07-11-17 00:26:39 : fetchcuisine.php : I : Food Cuisine fetched successfully
07-11-17 00:26:40 : fetchtrendingrecipes.php : I : Trending Recipes fetched successfully
07-11-17 00:26:40 : fetchqty.php : I : Quantity fetched successfully
07-11-17 00:26:41 : fetchtrendingrecipes.php : I : Trending Recipes fetched successfully
07-11-17 00:26:41 : fetchtastes.php : I : Tastes fetched successfully
[v0.1] : 07-11-17 00:27:26 : fetchrecipedetails.php : I : 
07-11-17 00:33:59 : fetchfoodtype.php : I : Food Type fetched successfully
07-11-17 00:33:59 : fetchtrendingrecipes.php : I : Trending Recipes fetched successfully
07-11-17 00:34:00 : fetchcuisine.php : I : Food Cuisine fetched successfully
07-11-17 00:34:00 : fetchtrendingrecipes.php : I : Trending Recipes fetched successfully
07-11-17 00:34:01 : fetchqty.php : I : Quantity fetched successfully
07-11-17 00:34:01 : fetchtrendingrecipes.php : I : Trending Recipes fetched successfully
07-11-17 00:34:02 : fetchtastes.php : I : Tastes fetched successfully
[v0.1] : 07-11-17 00:34:20 : fetchusertimeline.php : I : 
[v0.1] : 07-11-17 00:34:28 : fetchuserrecipesreviews.php : I : 
[v0.1] : 07-11-17 00:34:59 : fetchuserrecipes.php : I : 
[v0.1] : 07-11-17 00:36:18 : fetchuserrecipes.php : I : 
[v0.1] : 07-11-17 00:36:49 : fetchuserrecipesreviews.php : I : 
[v0.1] : 07-11-17 00:36:57 : fetchrecipedetails.php : I : 
07-11-17 00:37:06 : fetchfoodtype.php : I : Food Type fetched successfully
07-11-17 00:37:06 : fetchtrendingrecipes.php : I : Trending Recipes fetched successfully
07-11-17 00:37:07 : fetchcuisine.php : I : Food Cuisine fetched successfully
07-11-17 00:37:07 : fetchtrendingrecipes.php : I : Trending Recipes fetched successfully
07-11-17 00:37:08 : fetchqty.php : I : Quantity fetched successfully
07-11-17 00:37:08 : fetchtrendingrecipes.php : I : Trending Recipes fetched successfully
07-11-17 00:37:09 : fetchtastes.php : I : Tastes fetched successfully
[v0.1] : 07-11-17 00:37:18 : fetchrecipedetails.php : I : 
07-11-17 00:37:22 : fetchfoodtype.php : I : Food Type fetched successfully
07-11-17 00:37:22 : fetchtrendingrecipes.php : I : Trending Recipes fetched successfully
07-11-17 00:37:23 : fetchcuisine.php : I : Food Cuisine fetched successfully
07-11-17 00:37:23 : fetchtrendingrecipes.php : I : Trending Recipes fetched successfully
07-11-17 00:37:24 : fetchqty.php : I : Quantity fetched successfully
07-11-17 00:37:24 : fetchtrendingrecipes.php : I : Trending Recipes fetched successfully
07-11-17 00:37:25 : fetchtastes.php : I : Tastes fetched successfully
[v0.1] : 07-11-17 00:37:27 : fetchrecipedetails.php : I : 
07-11-17 00:37:31 : fetchfoodtype.php : I : Food Type fetched successfully
07-11-17 00:37:31 : fetchtrendingrecipes.php : I : Trending Recipes fetched successfully
07-11-17 00:37:32 : fetchcuisine.php : I : Food Cuisine fetched successfully
07-11-17 00:37:32 : fetchtrendingrecipes.php : I : Trending Recipes fetched successfully
07-11-17 00:37:33 : fetchqty.php : I : Quantity fetched successfully
07-11-17 00:37:33 : fetchtrendingrecipes.php : I : Trending Recipes fetched successfully
07-11-17 00:37:34 : fetchtastes.php : I : Tastes fetched successfully
[v0.1] : 07-11-17 00:37:36 : fetchrecipedetails.php : I : 
07-11-17 00:37:44 : fetchtrendingrecipes.php : I : Trending Recipes fetched successfully
07-11-17 00:37:44 : fetchfoodtype.php : I : Food Type fetched successfully
07-11-17 00:37:45 : fetchcuisine.php : I : Food Cuisine fetched successfully
07-11-17 00:37:45 : fetchtrendingrecipes.php : I : Trending Recipes fetched successfully
07-11-17 00:37:46 : fetchqty.php : I : Quantity fetched successfully
07-11-17 00:37:46 : fetchtrendingrecipes.php : I : Trending Recipes fetched successfully
07-11-17 00:37:47 : fetchtastes.php : I : Tastes fetched successfully
[v0.1] : 07-11-17 00:38:15 : fetchrecipedetails.php : I : 
[v0.1] : 07-11-17 00:43:36 : fetchrecipedetails.php : I : 
07-11-17 00:43:36 : fetchfoodtype.php : I : Food Type fetched successfully
07-11-17 00:43:37 : fetchcuisine.php : I : Food Cuisine fetched successfully
07-11-17 00:43:38 : fetchqty.php : I : Quantity fetched successfully
07-11-17 00:43:38 : fetchtrendingrecipes.php : I : Trending Recipes fetched successfully
07-11-17 00:43:39 : fetchtastes.php : I : Tastes fetched successfully
[v0.1] : 07-11-17 00:43:39 : fetchrecipedetails.php : I : 
07-11-17 00:43:39 : fetchtrendingrecipes.php : I : Trending Recipes fetched successfully
07-11-17 00:43:40 : fetchtrendingrecipes.php : I : Trending Recipes fetched successfully
[v0.1] : 07-11-17 00:43:51 : fetchrecipedetails.php : I : 
07-11-17 00:45:32 : fetchfoodtype.php : I : Food Type fetched successfully
07-11-17 00:45:32 : fetchtrendingrecipes.php : I : Trending Recipes fetched successfully
07-11-17 00:45:33 : fetchcuisine.php : I : Food Cuisine fetched successfully
07-11-17 00:45:34 : fetchtrendingrecipes.php : I : Trending Recipes fetched successfully
07-11-17 00:45:34 : fetchqty.php : I : Quantity fetched successfully
07-11-17 00:45:35 : fetchtrendingrecipes.php : I : Trending Recipes fetched successfully
07-11-17 00:45:35 : fetchtastes.php : I : Tastes fetched successfully
[v0.1] : 07-11-17 00:45:56 : fetchrecipedetails.php : I : 
[v0.1] : 07-11-17 00:46:45 : fetchrecipedetails.php : I : 
[v0.1] : 07-11-17 00:47:13 : fetchrecipedetails.php : I : 
[v0.1] : 07-11-17 00:47:33 : fetchrecipedetails.php : I : 
[v0.1] : 07-11-17 00:49:01 : fetchrecipedetails.php : I : 
[v0.1] : 07-11-17 00:49:27 : fetchrecipedetails.php : I : 
[v0.1] : 07-11-17 00:49:56 : fetchrecipedetails.php : I : 
[v0.1] : 07-11-17 00:50:03 : fetchrecipedetails.php : I : 
[v0.1] : 07-11-17 00:51:45 : fetchrecipereview.php : I : 
[v0.1] : 07-11-17 00:52:08 : submitlike.php : I : 
[v0.1] : 07-11-17 00:52:08 : submitlike.php : I : 
07-11-17 00:52:17 : fetchfoodtype.php : I : Food Type fetched successfully
07-11-17 00:52:17 : fetchtrendingrecipes.php : I : Trending Recipes fetched successfully
07-11-17 00:52:17 : fetchcuisine.php : I : Food Cuisine fetched successfully
07-11-17 00:52:18 : fetchtrendingrecipes.php : I : Trending Recipes fetched successfully
07-11-17 00:52:18 : fetchqty.php : I : Quantity fetched successfully
07-11-17 00:52:19 : fetchtrendingrecipes.php : I : Trending Recipes fetched successfully
07-11-17 00:52:19 : fetchtastes.php : I : Tastes fetched successfully
[v0.1] : 07-11-17 00:52:22 : fetchrecipedetails.php : I : 
[v0.1] : 07-11-17 00:55:06 : fetchrecipedetails.php : I : 
[v0.1] : 07-11-17 00:55:09 : fetchrecipereview.php : I : 
[v0.1] : 07-11-17 00:55:29 : submitlike.php : I : 
[v0.1] : 07-11-17 00:55:30 : submitlike.php : I : 
[v0.1] : 07-11-17 00:55:31 : submitlike.php : I : 
07-11-17 00:55:34 : fetchfoodtype.php : I : Food Type fetched successfully
07-11-17 00:55:34 : fetchtrendingrecipes.php : I : Trending Recipes fetched successfully
07-11-17 00:55:35 : fetchcuisine.php : I : Food Cuisine fetched successfully
07-11-17 00:55:35 : fetchtrendingrecipes.php : I : Trending Recipes fetched successfully
07-11-17 00:55:35 : fetchqty.php : I : Quantity fetched successfully
07-11-17 00:55:36 : fetchtrendingrecipes.php : I : Trending Recipes fetched successfully
07-11-17 00:55:36 : fetchtastes.php : I : Tastes fetched successfully
[v0.1] : 07-11-17 00:56:04 : fetchusertimeline.php : I : 
[v0.1] : 07-11-17 00:57:39 : fetchusertimeline.php : I : 
07-11-17 00:59:34 : fetchfoodtype.php : I : Food Type fetched successfully
07-11-17 00:59:34 : fetchtrendingrecipes.php : I : Trending Recipes fetched successfully
07-11-17 00:59:35 : fetchcuisine.php : I : Food Cuisine fetched successfully
07-11-17 00:59:35 : fetchtrendingrecipes.php : I : Trending Recipes fetched successfully
07-11-17 00:59:36 : fetchqty.php : I : Quantity fetched successfully
07-11-17 00:59:37 : fetchtrendingrecipes.php : I : Trending Recipes fetched successfully
07-11-17 00:59:37 : fetchtastes.php : I : Tastes fetched successfully
[v0.1] : 07-11-17 00:59:46 : fetchusertimeline.php : I : 
[v0.1] : 07-11-17 01:00:20 : fetchusertimeline.php : I : 
[v0.1] : 07-11-17 01:00:22 : fetchusertimeline.php : I : 
[v0.1] : 07-11-17 01:00:24 : fetchusertimeline.php : I : 
[v0.1] : 07-11-17 01:00:27 : fetchusertimeline.php : I : 
[v0.1] : 07-11-17 01:00:30 : fetchusertimeline.php : I : 
[v0.1] : 07-11-17 01:00:46 : fetchuserrecipesreviews.php : I : 
07-11-17 01:01:57 : fetchfoodtype.php : I : Food Type fetched successfully
07-11-17 01:01:57 : fetchtrendingrecipes.php : I : Trending Recipes fetched successfully
07-11-17 01:01:58 : fetchcuisine.php : I : Food Cuisine fetched successfully
07-11-17 01:01:58 : fetchtrendingrecipes.php : I : Trending Recipes fetched successfully
07-11-17 01:01:59 : fetchqty.php : I : Quantity fetched successfully
07-11-17 01:01:59 : fetchtrendingrecipes.php : I : Trending Recipes fetched successfully
07-11-17 01:02:01 : fetchtastes.php : I : Tastes fetched successfully
[v0.1] : 07-11-17 01:02:08 : fetchusertimeline.php : I : 
07-11-17 01:02:37 : fetchfoodtype.php : I : Food Type fetched successfully
07-11-17 01:02:37 : fetchtrendingrecipes.php : I : Trending Recipes fetched successfully
07-11-17 01:02:38 : fetchcuisine.php : I : Food Cuisine fetched successfully
07-11-17 01:02:38 : fetchtrendingrecipes.php : I : Trending Recipes fetched successfully
07-11-17 01:02:39 : fetchqty.php : I : Quantity fetched successfully
07-11-17 01:02:39 : fetchtrendingrecipes.php : I : Trending Recipes fetched successfully
07-11-17 01:02:40 : fetchtastes.php : I : Tastes fetched successfully
[v0.1] : 07-11-17 01:02:48 : fetchuserrecipes.php : I : 
07-11-17 01:03:33 : fetchfoodtype.php : I : Food Type fetched successfully
07-11-17 01:03:33 : fetchtrendingrecipes.php : I : Trending Recipes fetched successfully
07-11-17 01:03:34 : fetchcuisine.php : I : Food Cuisine fetched successfully
07-11-17 01:03:34 : fetchtrendingrecipes.php : I : Trending Recipes fetched successfully
07-11-17 01:03:35 : fetchqty.php : I : Quantity fetched successfully
07-11-17 01:03:35 : fetchtrendingrecipes.php : I : Trending Recipes fetched successfully
07-11-17 01:03:36 : fetchtastes.php : I : Tastes fetched successfully
[v0.1] : 07-11-17 01:03:37 : fetchrecipedetails.php : I : 
[v0.1] : 07-11-17 01:05:47 : fetchusertimeline.php : I : 
07-11-17 01:07:17 : fetchfoodtype.php : I : Food Type fetched successfully
07-11-17 01:07:17 : fetchtrendingrecipes.php : I : Trending Recipes fetched successfully
07-11-17 01:07:18 : fetchcuisine.php : I : Food Cuisine fetched successfully
07-11-17 01:07:19 : fetchtrendingrecipes.php : I : Trending Recipes fetched successfully
07-11-17 01:07:19 : fetchqty.php : I : Quantity fetched successfully
07-11-17 01:07:20 : fetchtrendingrecipes.php : I : Trending Recipes fetched successfully
07-11-17 01:07:21 : fetchtastes.php : I : Tastes fetched successfully
[v0.1] : 07-11-17 01:07:32 : fetchrecipedetails.php : I : 
[v0.1] : 07-11-17 01:07:37 : submitlike.php : I : 
07-11-17 01:09:14 : fetchfoodtype.php : I : Food Type fetched successfully
07-11-17 01:09:14 : fetchtrendingrecipes.php : I : Trending Recipes fetched successfully
07-11-17 01:09:15 : fetchtrendingrecipes.php : I : Trending Recipes fetched successfully
07-11-17 01:09:15 : fetchcuisine.php : I : Food Cuisine fetched successfully
07-11-17 01:09:16 : fetchqty.php : I : Quantity fetched successfully
07-11-17 01:09:17 : fetchtrendingrecipes.php : I : Trending Recipes fetched successfully
07-11-17 01:09:17 : fetchtastes.php : I : Tastes fetched successfully
[v0.1] : 07-11-17 01:09:21 : fetchrecipedetails.php : I : 
[v0.1] : 07-11-17 01:09:27 : submitlike.php : I : 
[v0.1] : 07-11-17 01:09:33 : submitlike.php : I : 
07-11-17 01:11:52 : fetchtrendingrecipes.php : I : Trending Recipes fetched successfully
07-11-17 01:11:53 : fetchfoodtype.php : I : Food Type fetched successfully
07-11-17 01:11:54 : fetchtrendingrecipes.php : I : Trending Recipes fetched successfully
07-11-17 01:11:55 : fetchcuisine.php : I : Food Cuisine fetched successfully
07-11-17 01:11:56 : fetchtrendingrecipes.php : I : Trending Recipes fetched successfully
07-11-17 01:11:57 : fetchqty.php : I : Quantity fetched successfully
07-11-17 01:11:58 : fetchtastes.php : I : Tastes fetched successfully
[v0.1] : 07-11-17 01:12:01 : fetchrecipedetails.php : I : 
[v0.1] : 07-11-17 01:12:07 : submitlike.php : I : 
07-11-17 01:13:33 : fetchfoodtype.php : I : Food Type fetched successfully
07-11-17 01:13:33 : fetchtrendingrecipes.php : I : Trending Recipes fetched successfully
07-11-17 01:13:35 : fetchcuisine.php : I : Food Cuisine fetched successfully
07-11-17 01:13:35 : fetchtrendingrecipes.php : I : Trending Recipes fetched successfully
07-11-17 01:13:37 : fetchqty.php : I : Quantity fetched successfully
07-11-17 01:13:37 : fetchtrendingrecipes.php : I : Trending Recipes fetched successfully
07-11-17 01:13:38 : fetchtastes.php : I : Tastes fetched successfully
[v0.1] : 07-11-17 01:13:41 : fetchrecipedetails.php : I : 
[v0.1] : 07-11-17 01:13:45 : submitlike.php : I : 
[v0.1] : 07-11-17 01:13:46 : submitlike.php : I : 
07-11-17 01:14:40 : fetchtrendingrecipes.php : I : Trending Recipes fetched successfully
07-11-17 01:14:41 : fetchtrendingrecipes.php : I : Trending Recipes fetched successfully
07-11-17 01:14:43 : fetchtrendingrecipes.php : I : Trending Recipes fetched successfully
07-11-17 01:14:47 : fetchfoodtype.php : I : Food Type fetched successfully
07-11-17 01:14:48 : fetchcuisine.php : I : Food Cuisine fetched successfully
07-11-17 01:14:49 : fetchqty.php : I : Quantity fetched successfully
07-11-17 01:14:50 : fetchtastes.php : I : Tastes fetched successfully
[v0.1] : 07-11-17 01:14:53 : fetchrecipedetails.php : I : 
[v0.1] : 07-11-17 01:14:58 : submitlike.php : I : 
07-11-17 01:15:57 : fetchtrendingrecipes.php : I : Trending Recipes fetched successfully
07-11-17 01:15:57 : fetchfoodtype.php : I : Food Type fetched successfully
07-11-17 01:15:58 : fetchtrendingrecipes.php : I : Trending Recipes fetched successfully
07-11-17 01:15:58 : fetchcuisine.php : I : Food Cuisine fetched successfully
07-11-17 01:15:59 : fetchqty.php : I : Quantity fetched successfully
07-11-17 01:15:59 : fetchtrendingrecipes.php : I : Trending Recipes fetched successfully
07-11-17 01:16:00 : fetchtastes.php : I : Tastes fetched successfully
[v0.1] : 07-11-17 01:16:03 : fetchrecipedetails.php : I : 
[v0.1] : 07-11-17 01:16:12 : submitlike.php : I : 
07-11-17 01:16:47 : fetchfoodtype.php : I : Food Type fetched successfully
07-11-17 01:16:47 : fetchtrendingrecipes.php : I : Trending Recipes fetched successfully
07-11-17 01:16:47 : fetchcuisine.php : I : Food Cuisine fetched successfully
07-11-17 01:16:48 : fetchtrendingrecipes.php : I : Trending Recipes fetched successfully
07-11-17 01:16:49 : fetchqty.php : I : Quantity fetched successfully
07-11-17 01:16:49 : fetchtrendingrecipes.php : I : Trending Recipes fetched successfully
07-11-17 01:16:49 : fetchtastes.php : I : Tastes fetched successfully
[v0.1] : 07-11-17 01:16:59 : fetchrecipedetails.php : I : 
[v0.1] : 07-11-17 01:17:04 : submitlike.php : I : 
