23-10-17 00:30:12 : fetchuserrecipesreviews.php : I : -------------fetchuserrecipesreviews.php-------------
23-10-17 00:30:12 : fetchuserrecipesreviews.php : I : REQUEST PARAM : user_id(1)
23-10-17 00:30:12 : fetchuserrecipesreviews.php : I : Total Recipes Reviews fetched : 1
23-10-17 00:30:12 : fetchuserrecipesreviews.php : I : -------------fetchuserrecipesreviews.php-------------
23-10-17 00:30:12 : fetchuserrecipesreviews.php : I : 
23-10-17 00:30:12 : fetchuserrecipesreviews.php : I : -------------fetchuserrecipesreviews.php-------------
23-10-17 00:30:12 : fetchuserrecipesreviews.php : I : 
23-10-17 00:35:32 : fetchuserrecipesreviews.php : I : -------------fetchuserrecipesreviews.php-------------
23-10-17 00:35:32 : fetchuserrecipesreviews.php : I : REQUEST PARAM : user_id(1)
23-10-17 00:35:32 : fetchuserrecipesreviews.php : I : Total Recipes Reviews fetched : 1
23-10-17 00:35:32 : fetchuserrecipesreviews.php : I : -------------fetchuserrecipesreviews.php-------------
23-10-17 00:35:32 : fetchuserrecipesreviews.php : I : 
23-10-17 00:35:32 : fetchuserrecipesreviews.php : I : -------------fetchuserrecipesreviews.php-------------
23-10-17 00:35:32 : fetchuserrecipesreviews.php : I : 
23-10-17 00:38:51 : fetchuserrecipesreviews.php : I : -------------fetchuserrecipesreviews.php-------------
23-10-17 00:38:51 : fetchuserrecipesreviews.php : I : REQUEST PARAM : user_id(1)
23-10-17 00:38:51 : fetchuserrecipesreviews.php : I : Total Recipes Reviews fetched : 1
23-10-17 00:38:51 : fetchuserrecipesreviews.php : I : -------------fetchuserrecipesreviews.php-------------
23-10-17 00:38:51 : fetchuserrecipesreviews.php : I : 
23-10-17 00:38:51 : fetchuserrecipesreviews.php : I : -------------fetchuserrecipesreviews.php-------------
23-10-17 00:38:51 : fetchuserrecipesreviews.php : I : 
23-10-17 22:53:31 : fetchfoodtype.php : I : Food Type fetched successfully
23-10-17 22:53:31 : fetchtrendingrecipes.php : I : Trending Recipes fetched successfully
23-10-17 22:53:32 : fetchcuisine.php : I : Food Cuisine fetched successfully
23-10-17 22:53:32 : fetchtrendingrecipes.php : I : Trending Recipes fetched successfully
23-10-17 22:53:32 : fetchqty.php : I : Quantity fetched successfully
23-10-17 22:53:32 : fetchtrendingrecipes.php : I : Trending Recipes fetched successfully
23-10-17 22:53:33 : fetchtastes.php : I : Tastes fetched successfully
23-10-17 22:54:22 : fetchuserrecipesreviews.php : I : 
23-10-17 22:54:22 : fetchuserrecipesreviews.php : I : -------------fetchuserrecipesreviews.php-------------
23-10-17 22:54:22 : fetchuserrecipesreviews.php : I : REQUEST PARAM : user_id(1)
23-10-17 22:54:22 : fetchuserrecipesreviews.php : I : Total Recipes Reviews fetched : 1
23-10-17 22:54:22 : fetchuserrecipesreviews.php : I : -------------fetchuserrecipesreviews.php-------------
23-10-17 22:54:22 : fetchuserrecipesreviews.php : I : 
23-10-17 22:54:22 : fetchuserrecipesreviews.php : I : -------------fetchuserrecipesreviews.php-------------
23-10-17 22:54:22 : fetchuserrecipesreviews.php : I : 
23-10-17 23:07:31 : fetchtrendingrecipes.php : I : Trending Recipes fetched successfully
23-10-17 23:07:31 : fetchfoodtype.php : I : Food Type fetched successfully
23-10-17 23:07:31 : fetchcuisine.php : I : Food Cuisine fetched successfully
23-10-17 23:07:31 : fetchtrendingrecipes.php : I : Trending Recipes fetched successfully
23-10-17 23:07:31 : fetchqty.php : I : Quantity fetched successfully
23-10-17 23:07:31 : fetchtrendingrecipes.php : I : Trending Recipes fetched successfully
23-10-17 23:07:32 : fetchtastes.php : I : Tastes fetched successfully
23-10-17 23:07:40 : fetchuserfavrecipes.php : I : 
23-10-17 23:07:40 : fetchuserfavrecipes.php : I : -------------fetchuserfavrecipes.php-------------
23-10-17 23:07:40 : fetchuserfavrecipes.php : I : REQUEST PARAM : user_id(1)
23-10-17 23:07:40 : fetchuserfavrecipes.php : I : Total Recipes fetched : 1
23-10-17 23:07:40 : fetchuserfavrecipes.php : I : -------------fetchuserfavrecipes.php-------------
23-10-17 23:07:40 : fetchuserfavrecipes.php : I : 
23-10-17 23:07:40 : fetchuserfavrecipes.php : I : -------------fetchuserfavrecipes.php-------------
23-10-17 23:07:40 : fetchuserfavrecipes.php : I : 
23-10-17 23:07:40 : fetchuserviewedrecipes.php : I : 
23-10-17 23:07:40 : fetchuserviewedrecipes.php : I : -------------fetchuserviewedrecipes.php-------------
23-10-17 23:07:40 : fetchuserviewedrecipes.php : I : REQUEST PARAM : user_id(1)
23-10-17 23:07:40 : fetchuserviewedrecipes.php : I : Total Recipes fetched : 1
23-10-17 23:07:40 : fetchuserviewedrecipes.php : I : -------------fetchuserviewedrecipes.php-------------
23-10-17 23:07:40 : fetchuserviewedrecipes.php : I : 
23-10-17 23:07:40 : fetchuserviewedrecipes.php : I : -------------fetchuserviewedrecipes.php-------------
23-10-17 23:07:40 : fetchuserviewedrecipes.php : I : 
23-10-17 23:07:41 : fetchuserreviewedrecipes.php : I : 
23-10-17 23:07:41 : fetchuserreviewedrecipes.php : I : -------------fetchuserreviewedrecipes.php-------------
23-10-17 23:07:41 : fetchuserreviewedrecipes.php : I : REQUEST PARAM : user_id(1)
23-10-17 23:07:41 : fetchuserreviewedrecipes.php : I : Total Recipes fetched : 1
23-10-17 23:07:41 : fetchuserreviewedrecipes.php : I : -------------fetchuserreviewedrecipes.php-------------
23-10-17 23:07:41 : fetchuserreviewedrecipes.php : I : 
23-10-17 23:07:41 : fetchuserreviewedrecipes.php : I : -------------fetchuserreviewedrecipes.php-------------
23-10-17 23:07:41 : fetchuserreviewedrecipes.php : I : 
23-10-17 23:07:49 : fetchuserrecipesreviews.php : I : 
23-10-17 23:07:49 : fetchuserrecipesreviews.php : I : -------------fetchuserrecipesreviews.php-------------
23-10-17 23:07:49 : fetchuserrecipesreviews.php : I : REQUEST PARAM : user_id(1)
23-10-17 23:07:49 : fetchuserrecipesreviews.php : I : Total Recipes Reviews fetched : 1
23-10-17 23:07:49 : fetchuserrecipesreviews.php : I : -------------fetchuserrecipesreviews.php-------------
23-10-17 23:07:49 : fetchuserrecipesreviews.php : I : 
23-10-17 23:07:49 : fetchuserrecipesreviews.php : I : -------------fetchuserrecipesreviews.php-------------
23-10-17 23:07:49 : fetchuserrecipesreviews.php : I : 
23-10-17 23:21:27 : fetchfoodtype.php : I : Food Type fetched successfully
23-10-17 23:21:27 : fetchtrendingrecipes.php : I : Trending Recipes fetched successfully
23-10-17 23:21:27 : fetchcuisine.php : I : Food Cuisine fetched successfully
23-10-17 23:21:27 : fetchtrendingrecipes.php : I : Trending Recipes fetched successfully
23-10-17 23:21:28 : fetchqty.php : I : Quantity fetched successfully
23-10-17 23:21:28 : fetchtrendingrecipes.php : I : Trending Recipes fetched successfully
23-10-17 23:21:28 : fetchtastes.php : I : Tastes fetched successfully
23-10-17 23:21:55 : fetchuserrecipesreviews.php : I : 
23-10-17 23:21:55 : fetchuserrecipesreviews.php : I : -------------fetchuserrecipesreviews.php-------------
23-10-17 23:21:55 : fetchuserrecipesreviews.php : I : REQUEST PARAM : user_id(1)
23-10-17 23:21:55 : fetchuserrecipesreviews.php : I : Total Recipes Reviews fetched : 1
23-10-17 23:21:55 : fetchuserrecipesreviews.php : I : -------------fetchuserrecipesreviews.php-------------
23-10-17 23:21:55 : fetchuserrecipesreviews.php : I : 
23-10-17 23:21:55 : fetchuserrecipesreviews.php : I : -------------fetchuserrecipesreviews.php-------------
23-10-17 23:21:55 : fetchuserrecipesreviews.php : I : 
23-10-17 23:26:15 : fetchfoodtype.php : I : Food Type fetched successfully
23-10-17 23:26:15 : fetchtrendingrecipes.php : I : Trending Recipes fetched successfully
23-10-17 23:26:16 : fetchtrendingrecipes.php : I : Trending Recipes fetched successfully
23-10-17 23:26:16 : fetchcuisine.php : I : Food Cuisine fetched successfully
23-10-17 23:26:16 : fetchtrendingrecipes.php : I : Trending Recipes fetched successfully
23-10-17 23:26:16 : fetchqty.php : I : Quantity fetched successfully
23-10-17 23:26:17 : fetchtastes.php : I : Tastes fetched successfully
23-10-17 23:26:29 : fetchuserrecipesreviews.php : I : 
23-10-17 23:26:29 : fetchuserrecipesreviews.php : I : -------------fetchuserrecipesreviews.php-------------
23-10-17 23:26:29 : fetchuserrecipesreviews.php : I : REQUEST PARAM : user_id(1)
23-10-17 23:26:29 : fetchuserrecipesreviews.php : I : Total Recipes Reviews fetched : 1
23-10-17 23:26:29 : fetchuserrecipesreviews.php : I : -------------fetchuserrecipesreviews.php-------------
23-10-17 23:26:29 : fetchuserrecipesreviews.php : I : 
23-10-17 23:26:29 : fetchuserrecipesreviews.php : I : -------------fetchuserrecipesreviews.php-------------
23-10-17 23:26:29 : fetchuserrecipesreviews.php : I : 
23-10-17 23:30:27 : fetchtrendingrecipes.php : I : Trending Recipes fetched successfully
23-10-17 23:30:27 : fetchfoodtype.php : I : Food Type fetched successfully
23-10-17 23:30:28 : fetchcuisine.php : I : Food Cuisine fetched successfully
23-10-17 23:30:28 : fetchtrendingrecipes.php : I : Trending Recipes fetched successfully
23-10-17 23:30:28 : fetchqty.php : I : Quantity fetched successfully
23-10-17 23:30:28 : fetchtrendingrecipes.php : I : Trending Recipes fetched successfully
23-10-17 23:30:29 : fetchtastes.php : I : Tastes fetched successfully
23-10-17 23:30:39 : fetchuserrecipesreviews.php : I : 
23-10-17 23:30:39 : fetchuserrecipesreviews.php : I : -------------fetchuserrecipesreviews.php-------------
23-10-17 23:30:39 : fetchuserrecipesreviews.php : I : REQUEST PARAM : user_id(1)
23-10-17 23:30:39 : fetchuserrecipesreviews.php : I : Total Recipes Reviews fetched : 1
23-10-17 23:30:39 : fetchuserrecipesreviews.php : I : -------------fetchuserrecipesreviews.php-------------
23-10-17 23:30:39 : fetchuserrecipesreviews.php : I : 
23-10-17 23:30:39 : fetchuserrecipesreviews.php : I : -------------fetchuserrecipesreviews.php-------------
23-10-17 23:30:39 : fetchuserrecipesreviews.php : I : 
23-10-17 23:37:43 : fetchuserrecipesreviews.php : I : 
23-10-17 23:37:43 : fetchuserrecipesreviews.php : I : -------------fetchuserrecipesreviews.php-------------
23-10-17 23:37:43 : fetchuserrecipesreviews.php : I : REQUEST PARAM : user_id(1)
23-10-17 23:37:43 : fetchuserrecipesreviews.php : I : Total Recipes Reviews fetched : 1
23-10-17 23:37:43 : fetchuserrecipesreviews.php : I : -------------fetchuserrecipesreviews.php-------------
23-10-17 23:37:43 : fetchuserrecipesreviews.php : I : 
23-10-17 23:37:43 : fetchuserrecipesreviews.php : I : -------------fetchuserrecipesreviews.php-------------
23-10-17 23:37:43 : fetchuserrecipesreviews.php : I : 
23-10-17 23:42:20 : fetchtrendingrecipes.php : I : Trending Recipes fetched successfully
23-10-17 23:42:20 : fetchfoodtype.php : I : Food Type fetched successfully
23-10-17 23:42:21 : fetchtrendingrecipes.php : I : Trending Recipes fetched successfully
23-10-17 23:42:21 : fetchcuisine.php : I : Food Cuisine fetched successfully
23-10-17 23:42:21 : fetchqty.php : I : Quantity fetched successfully
23-10-17 23:42:21 : fetchtrendingrecipes.php : I : Trending Recipes fetched successfully
23-10-17 23:42:22 : fetchtastes.php : I : Tastes fetched successfully
23-10-17 23:42:49 : fetchuserrecipesreviews.php : I : 
23-10-17 23:42:49 : fetchuserrecipesreviews.php : I : -------------fetchuserrecipesreviews.php-------------
23-10-17 23:42:49 : fetchuserrecipesreviews.php : I : REQUEST PARAM : user_id(1)
23-10-17 23:42:49 : fetchuserrecipesreviews.php : I : Total Recipes Reviews fetched : 1
23-10-17 23:42:49 : fetchuserrecipesreviews.php : I : -------------fetchuserrecipesreviews.php-------------
23-10-17 23:42:49 : fetchuserrecipesreviews.php : I : 
23-10-17 23:42:49 : fetchuserrecipesreviews.php : I : -------------fetchuserrecipesreviews.php-------------
23-10-17 23:42:49 : fetchuserrecipesreviews.php : I : 
23-10-17 23:43:31 : fetchtrendingrecipes.php : I : Trending Recipes fetched successfully
23-10-17 23:43:31 : fetchfoodtype.php : I : Food Type fetched successfully
23-10-17 23:43:31 : fetchtrendingrecipes.php : I : Trending Recipes fetched successfully
23-10-17 23:43:32 : fetchcuisine.php : I : Food Cuisine fetched successfully
23-10-17 23:43:32 : fetchqty.php : I : Quantity fetched successfully
23-10-17 23:43:32 : fetchtrendingrecipes.php : I : Trending Recipes fetched successfully
23-10-17 23:43:32 : fetchtastes.php : I : Tastes fetched successfully
23-10-17 23:45:20 : fetchuserrecipesreviews.php : I : 
23-10-17 23:45:20 : fetchuserrecipesreviews.php : I : -------------fetchuserrecipesreviews.php-------------
23-10-17 23:45:20 : fetchuserrecipesreviews.php : I : REQUEST PARAM : user_id(1)
23-10-17 23:45:20 : fetchuserrecipesreviews.php : I : Total Recipes Reviews fetched : 1
23-10-17 23:45:20 : fetchuserrecipesreviews.php : I : -------------fetchuserrecipesreviews.php-------------
23-10-17 23:45:20 : fetchuserrecipesreviews.php : I : 
23-10-17 23:45:20 : fetchuserrecipesreviews.php : I : -------------fetchuserrecipesreviews.php-------------
23-10-17 23:45:20 : fetchuserrecipesreviews.php : I : 
23-10-17 23:49:10 : fetchtrendingrecipes.php : I : Trending Recipes fetched successfully
23-10-17 23:49:10 : fetchfoodtype.php : I : Food Type fetched successfully
23-10-17 23:49:11 : fetchtrendingrecipes.php : I : Trending Recipes fetched successfully
23-10-17 23:49:11 : fetchcuisine.php : I : Food Cuisine fetched successfully
23-10-17 23:49:11 : fetchqty.php : I : Quantity fetched successfully
23-10-17 23:49:11 : fetchtrendingrecipes.php : I : Trending Recipes fetched successfully
23-10-17 23:49:12 : fetchtastes.php : I : Tastes fetched successfully
23-10-17 23:50:57 : fetchuserrecipesreviews.php : I : 
23-10-17 23:50:57 : fetchuserrecipesreviews.php : I : -------------fetchuserrecipesreviews.php-------------
23-10-17 23:50:57 : fetchuserrecipesreviews.php : I : REQUEST PARAM : user_id(1)
23-10-17 23:50:57 : fetchuserrecipesreviews.php : I : Total Recipes Reviews fetched : 1
23-10-17 23:50:57 : fetchuserrecipesreviews.php : I : -------------fetchuserrecipesreviews.php-------------
23-10-17 23:50:57 : fetchuserrecipesreviews.php : I : 
23-10-17 23:50:57 : fetchuserrecipesreviews.php : I : -------------fetchuserrecipesreviews.php-------------
23-10-17 23:50:57 : fetchuserrecipesreviews.php : I : 
23-10-17 23:52:17 : fetchtrendingrecipes.php : I : Trending Recipes fetched successfully
23-10-17 23:52:17 : fetchfoodtype.php : I : Food Type fetched successfully
23-10-17 23:52:18 : fetchcuisine.php : I : Food Cuisine fetched successfully
23-10-17 23:52:18 : fetchtrendingrecipes.php : I : Trending Recipes fetched successfully
23-10-17 23:52:18 : fetchqty.php : I : Quantity fetched successfully
23-10-17 23:52:18 : fetchtrendingrecipes.php : I : Trending Recipes fetched successfully
23-10-17 23:52:18 : fetchtastes.php : I : Tastes fetched successfully
23-10-17 23:52:24 : fetchuserrecipesreviews.php : I : 
23-10-17 23:52:24 : fetchuserrecipesreviews.php : I : -------------fetchuserrecipesreviews.php-------------
23-10-17 23:52:24 : fetchuserrecipesreviews.php : I : REQUEST PARAM : user_id(1)
23-10-17 23:52:24 : fetchuserrecipesreviews.php : I : Total Recipes Reviews fetched : 1
23-10-17 23:52:24 : fetchuserrecipesreviews.php : I : -------------fetchuserrecipesreviews.php-------------
23-10-17 23:52:24 : fetchuserrecipesreviews.php : I : 
23-10-17 23:52:24 : fetchuserrecipesreviews.php : I : -------------fetchuserrecipesreviews.php-------------
23-10-17 23:52:24 : fetchuserrecipesreviews.php : I : 
23-10-17 23:55:56 : fetchfoodtype.php : I : Food Type fetched successfully
23-10-17 23:55:56 : fetchtrendingrecipes.php : I : Trending Recipes fetched successfully
23-10-17 23:55:57 : fetchcuisine.php : I : Food Cuisine fetched successfully
23-10-17 23:55:57 : fetchtrendingrecipes.php : I : Trending Recipes fetched successfully
23-10-17 23:55:57 : fetchqty.php : I : Quantity fetched successfully
23-10-17 23:55:57 : fetchtrendingrecipes.php : I : Trending Recipes fetched successfully
23-10-17 23:55:58 : fetchtastes.php : I : Tastes fetched successfully
23-10-17 23:56:06 : fetchuserrecipesreviews.php : I : 
23-10-17 23:56:06 : fetchuserrecipesreviews.php : I : -------------fetchuserrecipesreviews.php-------------
23-10-17 23:56:06 : fetchuserrecipesreviews.php : I : REQUEST PARAM : user_id(1)
23-10-17 23:56:06 : fetchuserrecipesreviews.php : I : Total Recipes Reviews fetched : 1
23-10-17 23:56:06 : fetchuserrecipesreviews.php : I : -------------fetchuserrecipesreviews.php-------------
23-10-17 23:56:06 : fetchuserrecipesreviews.php : I : 
23-10-17 23:56:06 : fetchuserrecipesreviews.php : I : -------------fetchuserrecipesreviews.php-------------
23-10-17 23:56:06 : fetchuserrecipesreviews.php : I : 
23-10-17 23:56:49 : fetchfoodtype.php : I : Food Type fetched successfully
23-10-17 23:56:49 : fetchtrendingrecipes.php : I : Trending Recipes fetched successfully
23-10-17 23:56:49 : fetchtrendingrecipes.php : I : Trending Recipes fetched successfully
23-10-17 23:56:49 : fetchcuisine.php : I : Food Cuisine fetched successfully
23-10-17 23:56:50 : fetchqty.php : I : Quantity fetched successfully
23-10-17 23:56:50 : fetchtrendingrecipes.php : I : Trending Recipes fetched successfully
23-10-17 23:56:50 : fetchtastes.php : I : Tastes fetched successfully
23-10-17 23:56:56 : fetchuserrecipesreviews.php : I : 
23-10-17 23:56:56 : fetchuserrecipesreviews.php : I : -------------fetchuserrecipesreviews.php-------------
23-10-17 23:56:56 : fetchuserrecipesreviews.php : I : REQUEST PARAM : user_id(1)
23-10-17 23:56:56 : fetchuserrecipesreviews.php : I : Total Recipes Reviews fetched : 1
23-10-17 23:56:56 : fetchuserrecipesreviews.php : I : -------------fetchuserrecipesreviews.php-------------
23-10-17 23:56:56 : fetchuserrecipesreviews.php : I : 
23-10-17 23:56:56 : fetchuserrecipesreviews.php : I : -------------fetchuserrecipesreviews.php-------------
23-10-17 23:56:56 : fetchuserrecipesreviews.php : I : 
23-10-17 23:57:50 : fetchtrendingrecipes.php : I : Trending Recipes fetched successfully
23-10-17 23:57:50 : fetchfoodtype.php : I : Food Type fetched successfully
23-10-17 23:57:51 : fetchcuisine.php : I : Food Cuisine fetched successfully
23-10-17 23:57:51 : fetchtrendingrecipes.php : I : Trending Recipes fetched successfully
23-10-17 23:57:51 : fetchqty.php : I : Quantity fetched successfully
23-10-17 23:57:51 : fetchtrendingrecipes.php : I : Trending Recipes fetched successfully
23-10-17 23:57:51 : fetchtastes.php : I : Tastes fetched successfully
23-10-17 23:58:06 : fetchuserrecipesreviews.php : I : 
23-10-17 23:58:06 : fetchuserrecipesreviews.php : I : -------------fetchuserrecipesreviews.php-------------
23-10-17 23:58:06 : fetchuserrecipesreviews.php : I : REQUEST PARAM : user_id(1)
23-10-17 23:58:06 : fetchuserrecipesreviews.php : I : Total Recipes Reviews fetched : 1
23-10-17 23:58:06 : fetchuserrecipesreviews.php : I : -------------fetchuserrecipesreviews.php-------------
23-10-17 23:58:06 : fetchuserrecipesreviews.php : I : 
23-10-17 23:58:06 : fetchuserrecipesreviews.php : I : -------------fetchuserrecipesreviews.php-------------
23-10-17 23:58:06 : fetchuserrecipesreviews.php : I : 
23-10-17 23:59:23 : fetchcuisine.php : I : Food Cuisine fetched successfully
23-10-17 23:59:23 : fetchqty.php : I : Quantity fetched successfully
23-10-17 23:59:24 : fetchtastes.php : I : Tastes fetched successfully
23-10-17 23:59:25 : fetchtrendingrecipes.php : I : Trending Recipes fetched successfully
23-10-17 23:59:25 : fetchtrendingrecipes.php : I : Trending Recipes fetched successfully
23-10-17 23:59:42 : fetchuserrecipesreviews.php : I : 
23-10-17 23:59:42 : fetchuserrecipesreviews.php : I : -------------fetchuserrecipesreviews.php-------------
23-10-17 23:59:42 : fetchuserrecipesreviews.php : I : REQUEST PARAM : user_id(1)
23-10-17 23:59:42 : fetchuserrecipesreviews.php : I : Total Recipes Reviews fetched : 1
23-10-17 23:59:42 : fetchuserrecipesreviews.php : I : -------------fetchuserrecipesreviews.php-------------
23-10-17 23:59:42 : fetchuserrecipesreviews.php : I : 
23-10-17 23:59:42 : fetchuserrecipesreviews.php : I : -------------fetchuserrecipesreviews.php-------------
23-10-17 23:59:42 : fetchuserrecipesreviews.php : I : 
24-10-17 00:00:46 : fetchtrendingrecipes.php : I : Trending Recipes fetched successfully
24-10-17 00:00:46 : fetchfoodtype.php : I : Food Type fetched successfully
24-10-17 00:00:47 : fetchcuisine.php : I : Food Cuisine fetched successfully
24-10-17 00:00:47 : fetchtrendingrecipes.php : I : Trending Recipes fetched successfully
24-10-17 00:00:47 : fetchqty.php : I : Quantity fetched successfully
24-10-17 00:00:48 : fetchtrendingrecipes.php : I : Trending Recipes fetched successfully
24-10-17 00:00:48 : fetchtastes.php : I : Tastes fetched successfully
24-10-17 00:01:03 : fetchuserrecipesreviews.php : I : 
24-10-17 00:01:44 : fetchtrendingrecipes.php : I : Trending Recipes fetched successfully
24-10-17 00:01:44 : fetchfoodtype.php : I : Food Type fetched successfully
24-10-17 00:01:44 : fetchcuisine.php : I : Food Cuisine fetched successfully
24-10-17 00:01:44 : fetchtrendingrecipes.php : I : Trending Recipes fetched successfully
24-10-17 00:01:45 : fetchtrendingrecipes.php : I : Trending Recipes fetched successfully
24-10-17 00:01:45 : fetchqty.php : I : Quantity fetched successfully
24-10-17 00:01:45 : fetchtastes.php : I : Tastes fetched successfully
24-10-17 00:01:53 : fetchuserrecipesreviews.php : I : 
24-10-17 00:03:55 : fetchfoodtype.php : I : Food Type fetched successfully
24-10-17 00:03:55 : fetchcuisine.php : I : Food Cuisine fetched successfully
24-10-17 00:03:56 : fetchqty.php : I : Quantity fetched successfully
24-10-17 00:03:56 : fetchtastes.php : I : Tastes fetched successfully
24-10-17 00:04:01 : fetchuserrecipesreviews.php : I : 
24-10-17 00:04:02 : fetchtrendingrecipes.php : I : Trending Recipes fetched successfully
24-10-17 00:04:02 : fetchtrendingrecipes.php : I : Trending Recipes fetched successfully
24-10-17 00:06:20 : fetchtrendingrecipes.php : I : Trending Recipes fetched successfully
24-10-17 00:06:20 : fetchfoodtype.php : I : Food Type fetched successfully
24-10-17 00:06:21 : fetchcuisine.php : I : Food Cuisine fetched successfully
24-10-17 00:06:21 : fetchtrendingrecipes.php : I : Trending Recipes fetched successfully
24-10-17 00:06:21 : fetchqty.php : I : Quantity fetched successfully
24-10-17 00:06:21 : fetchtrendingrecipes.php : I : Trending Recipes fetched successfully
24-10-17 00:06:21 : fetchtastes.php : I : Tastes fetched successfully
24-10-17 00:06:28 : fetchuserrecipesreviews.php : I : 
