29-10-17 16:08:46 : fetchfoodtype.php : I : Food Type fetched successfully
29-10-17 16:08:46 : fetchtrendingrecipes.php : I : Trending Recipes fetched successfully
29-10-17 16:08:47 : fetchcuisine.php : I : Food Cuisine fetched successfully
29-10-17 16:08:47 : fetchtrendingrecipes.php : I : Trending Recipes fetched successfully
29-10-17 16:08:48 : fetchqty.php : I : Quantity fetched successfully
29-10-17 16:08:48 : fetchtrendingrecipes.php : I : Trending Recipes fetched successfully
29-10-17 16:08:49 : fetchtastes.php : I : Tastes fetched successfully
[v0.1] : 29-10-17 16:12:01 : fetchusertimeline.php : I : 
[v0.1] : 29-10-17 16:12:01 : fetchusertimeline.php : I : -------------fetchusertimeline.php-------------
[v0.1] : 29-10-17 16:12:01 : fetchusertimeline.php : I : REQUEST PARAM : user_id(1)
[v0.1] : 29-10-17 16:12:01 : fetchusertimeline.php : I : REQUEST PARAM : index(10)
[v0.1] : 29-10-17 16:12:51 : fetchusertimeline.php : I : 
[v0.1] : 29-10-17 16:12:51 : fetchusertimeline.php : I : -------------fetchusertimeline.php-------------
[v0.1] : 29-10-17 16:12:51 : fetchusertimeline.php : I : REQUEST PARAM : user_id(1)
[v0.1] : 29-10-17 16:12:51 : fetchusertimeline.php : I : REQUEST PARAM : index(10)
[v0.1] : 29-10-17 16:13:41 : fetchusertimeline.php : I : 
[v0.1] : 29-10-17 16:13:41 : fetchusertimeline.php : I : -------------fetchusertimeline.php-------------
[v0.1] : 29-10-17 16:13:41 : fetchusertimeline.php : I : REQUEST PARAM : user_id(1)
[v0.1] : 29-10-17 16:13:41 : fetchusertimeline.php : I : REQUEST PARAM : index(10)
[v0.1] : 29-10-17 16:14:05 : fetchusertimeline.php : I : 
[v0.1] : 29-10-17 16:14:05 : fetchusertimeline.php : I : -------------fetchusertimeline.php-------------
[v0.1] : 29-10-17 16:14:05 : fetchusertimeline.php : I : REQUEST PARAM : user_id(1)
[v0.1] : 29-10-17 16:14:05 : fetchusertimeline.php : I : REQUEST PARAM : index(10)
[v0.1] : 29-10-17 16:17:32 : fetchusertimeline.php : I : 
[v0.1] : 29-10-17 16:17:32 : fetchusertimeline.php : I : -------------fetchusertimeline.php-------------
[v0.1] : 29-10-17 16:17:32 : fetchusertimeline.php : I : REQUEST PARAM : user_id(1)
[v0.1] : 29-10-17 16:17:32 : fetchusertimeline.php : I : REQUEST PARAM : index(10)
[v0.1] : 29-10-17 16:18:25 : fetchusertimeline.php : I : 
[v0.1] : 29-10-17 16:18:25 : fetchusertimeline.php : I : -------------fetchusertimeline.php-------------
[v0.1] : 29-10-17 16:18:25 : fetchusertimeline.php : I : REQUEST PARAM : user_id(1)
[v0.1] : 29-10-17 16:18:25 : fetchusertimeline.php : I : REQUEST PARAM : index(10)
[v0.1] : 29-10-17 16:19:53 : fetchusertimeline.php : I : 
[v0.1] : 29-10-17 16:19:53 : fetchusertimeline.php : I : -------------fetchusertimeline.php-------------
[v0.1] : 29-10-17 16:19:53 : fetchusertimeline.php : I : REQUEST PARAM : user_id(1)
[v0.1] : 29-10-17 16:19:53 : fetchusertimeline.php : I : REQUEST PARAM : index(10)
[v0.1] : 29-10-17 16:21:47 : fetchusertimeline.php : I : 
[v0.1] : 29-10-17 16:21:47 : fetchusertimeline.php : I : -------------fetchusertimeline.php-------------
[v0.1] : 29-10-17 16:21:47 : fetchusertimeline.php : I : REQUEST PARAM : user_id(1)
[v0.1] : 29-10-17 16:21:47 : fetchusertimeline.php : I : REQUEST PARAM : index(10)
[v0.1] : 29-10-17 16:29:00 : fetchusertimeline.php : I : 
[v0.1] : 29-10-17 16:29:00 : fetchusertimeline.php : I : -------------fetchusertimeline.php-------------
[v0.1] : 29-10-17 16:29:00 : fetchusertimeline.php : I : REQUEST PARAM : user_id(1)
[v0.1] : 29-10-17 16:29:00 : fetchusertimeline.php : I : REQUEST PARAM : index(10)
[v0.1] : 29-10-17 16:29:00 : fetchusertimeline.php : I : -------------fetchusertimeline.php-------------
[v0.1] : 29-10-17 16:32:57 : fetchusertimeline.php : I : 
[v0.1] : 29-10-17 16:32:57 : fetchusertimeline.php : I : -------------fetchusertimeline.php-------------
[v0.1] : 29-10-17 16:32:57 : fetchusertimeline.php : I : REQUEST PARAM : user_id(1)
[v0.1] : 29-10-17 16:32:57 : fetchusertimeline.php : I : REQUEST PARAM : index(10)
[v0.1] : 29-10-17 16:32:57 : fetchusertimeline.php : I : -------------fetchusertimeline.php-------------
[v0.1] : 29-10-17 16:33:31 : fetchusertimeline.php : I : 
[v0.1] : 29-10-17 16:33:31 : fetchusertimeline.php : I : -------------fetchusertimeline.php-------------
[v0.1] : 29-10-17 16:33:31 : fetchusertimeline.php : I : REQUEST PARAM : user_id(1)
[v0.1] : 29-10-17 16:33:31 : fetchusertimeline.php : I : REQUEST PARAM : index(10)
[v0.1] : 29-10-17 16:33:31 : fetchusertimeline.php : I : -------------fetchusertimeline.php-------------
29-10-17 16:34:29 : fetchfoodtype.php : I : Food Type fetched successfully
29-10-17 16:34:29 : fetchtrendingrecipes.php : I : Trending Recipes fetched successfully
29-10-17 16:34:29 : fetchcuisine.php : I : Food Cuisine fetched successfully
29-10-17 16:34:30 : fetchtrendingrecipes.php : I : Trending Recipes fetched successfully
29-10-17 16:34:30 : fetchqty.php : I : Quantity fetched successfully
29-10-17 16:34:30 : fetchtrendingrecipes.php : I : Trending Recipes fetched successfully
29-10-17 16:34:30 : fetchqty.php : I : Quantity fetched successfully
29-10-17 16:34:30 : fetchtastes.php : I : Tastes fetched successfully
[v0.1] : 29-10-17 16:36:05 : fetchusertimeline.php : I : 
[v0.1] : 29-10-17 16:36:05 : fetchusertimeline.php : I : -------------fetchusertimeline.php-------------
[v0.1] : 29-10-17 16:36:05 : fetchusertimeline.php : I : REQUEST PARAM : user_id(1)
[v0.1] : 29-10-17 16:36:05 : fetchusertimeline.php : I : REQUEST PARAM : index(10)
[v0.1] : 29-10-17 16:36:05 : fetchusertimeline.php : I : -------------fetchusertimeline.php-------------
29-10-17 16:38:05 : fetchtrendingrecipes.php : I : Trending Recipes fetched successfully
29-10-17 16:38:05 : fetchfoodtype.php : I : Food Type fetched successfully
29-10-17 16:38:05 : fetchcuisine.php : I : Food Cuisine fetched successfully
29-10-17 16:38:05 : fetchtrendingrecipes.php : I : Trending Recipes fetched successfully
29-10-17 16:38:06 : fetchqty.php : I : Quantity fetched successfully
29-10-17 16:38:06 : fetchtrendingrecipes.php : I : Trending Recipes fetched successfully
29-10-17 16:38:06 : fetchtastes.php : I : Tastes fetched successfully
[v0.1] : 29-10-17 16:38:14 : fetchusertimeline.php : I : 
[v0.1] : 29-10-17 16:38:14 : fetchusertimeline.php : I : -------------fetchusertimeline.php-------------
[v0.1] : 29-10-17 16:38:14 : fetchusertimeline.php : I : REQUEST PARAM : user_id(1)
[v0.1] : 29-10-17 16:38:14 : fetchusertimeline.php : I : REQUEST PARAM : index(10)
[v0.1] : 29-10-17 16:38:14 : fetchusertimeline.php : I : -------------fetchusertimeline.php-------------
29-10-17 16:41:28 : fetchfoodtype.php : I : Food Type fetched successfully
29-10-17 16:41:28 : fetchtrendingrecipes.php : I : Trending Recipes fetched successfully
29-10-17 16:41:28 : fetchtrendingrecipes.php : I : Trending Recipes fetched successfully
29-10-17 16:41:28 : fetchcuisine.php : I : Food Cuisine fetched successfully
29-10-17 16:41:28 : fetchqty.php : I : Quantity fetched successfully
29-10-17 16:41:29 : fetchtrendingrecipes.php : I : Trending Recipes fetched successfully
29-10-17 16:41:29 : fetchtastes.php : I : Tastes fetched successfully
[v0.1] : 29-10-17 16:41:38 : fetchusertimeline.php : I : 
[v0.1] : 29-10-17 16:41:38 : fetchusertimeline.php : I : -------------fetchusertimeline.php-------------
[v0.1] : 29-10-17 16:41:38 : fetchusertimeline.php : I : REQUEST PARAM : user_id(1)
[v0.1] : 29-10-17 16:41:38 : fetchusertimeline.php : I : REQUEST PARAM : index(10)
[v0.1] : 29-10-17 16:41:38 : fetchusertimeline.php : I : -------------fetchusertimeline.php-------------
29-10-17 17:58:12 : fetchfoodtype.php : I : Food Type fetched successfully
29-10-17 17:58:12 : fetchtrendingrecipes.php : I : Trending Recipes fetched successfully
29-10-17 17:58:12 : fetchcuisine.php : I : Food Cuisine fetched successfully
29-10-17 17:58:13 : fetchtrendingrecipes.php : I : Trending Recipes fetched successfully
29-10-17 17:58:13 : fetchqty.php : I : Quantity fetched successfully
29-10-17 17:58:13 : fetchcuisine.php : I : Food Cuisine fetched successfully
29-10-17 17:58:13 : fetchtrendingrecipes.php : I : Trending Recipes fetched successfully
29-10-17 17:58:13 : fetchtastes.php : I : Tastes fetched successfully
29-10-17 20:10:20 : fetchtrendingrecipes.php : I : Trending Recipes fetched successfully
29-10-17 20:10:20 : fetchfoodtype.php : I : Food Type fetched successfully
29-10-17 20:10:21 : fetchcuisine.php : I : Food Cuisine fetched successfully
29-10-17 20:10:21 : fetchtrendingrecipes.php : I : Trending Recipes fetched successfully
29-10-17 20:10:22 : fetchqty.php : I : Quantity fetched successfully
29-10-17 20:10:22 : fetchtastes.php : I : Tastes fetched successfully
29-10-17 20:10:22 : fetchtrendingrecipes.php : I : Trending Recipes fetched successfully
29-10-17 20:11:09 : config.php : I : Ingredient auto - search successully
29-10-17 20:11:09 : config.php : I : Ingredient auto - search successully
29-10-17 20:13:28 : addrecipe.php : I : New Recipe inserted but not committed to the table with recipe id as 28
29-10-17 20:13:28 : addrecipe.php : I : Insertion in Dish table with recipe id as 28 and ingredient id as 2 but not committed
29-10-17 20:13:28 : addrecipe.php : I : Insertion in RECIPE_TASTE table with recipe id as 28 and taste id as 1 but not committed
29-10-17 20:13:28 : addrecipe.php : I : Insertion in RECIPE_TASTE table with recipe id as 28 and taste id as 2 but not committed
29-10-17 20:13:28 : addrecipe.php : I : Insertion in RECIPE_TASTE table with recipe id as 28 and taste id as 3 but not committed
29-10-17 20:13:28 : addrecipe.php : I : Insertion in RECIPE_IMG table with recipe id as 28 and image no 0
29-10-17 20:13:28 : addrecipe.php : I : Image uploaded successfully as /images/appuploads/28plus0.jpg
29-10-17 20:13:28 : addrecipe.php : I : Recipe Added Successfully with Recipe Id as 28
29-10-17 20:15:10 : fetchtrendingrecipes.php : I : Trending Recipes fetched successfully
29-10-17 20:15:11 : fetchfoodtype.php : I : Food Type fetched successfully
29-10-17 20:15:11 : fetchtrendingrecipes.php : I : Trending Recipes fetched successfully
29-10-17 20:15:11 : fetchcuisine.php : I : Food Cuisine fetched successfully
29-10-17 20:15:11 : fetchtrendingrecipes.php : I : Trending Recipes fetched successfully
29-10-17 20:15:11 : fetchqty.php : I : Quantity fetched successfully
29-10-17 20:15:12 : fetchtastes.php : I : Tastes fetched successfully
29-10-17 20:15:50 : config.php : I : Ingredient auto - search successully
29-10-17 20:15:50 : config.php : I : Ingredient auto - search successully
29-10-17 20:15:57 : config.php : I : Ingredient auto - search successully
29-10-17 20:16:00 : config.php : I : Ingredient auto - search successully
29-10-17 20:16:00 : config.php : I : Ingredient auto - search successully
29-10-17 20:16:35 : addrecipe.php : I : New Recipe inserted but not committed to the table with recipe id as 29
29-10-17 20:16:35 : addrecipe.php : I : Insertion in Dish table with recipe id as 29 and ingredient id as 1 but not committed
29-10-17 20:16:35 : addrecipe.php : I : Insertion in RECIPE_TASTE table with recipe id as 29 and taste id as 1 but not committed
29-10-17 20:16:35 : addrecipe.php : I : Insertion in RECIPE_TASTE table with recipe id as 29 and taste id as 2 but not committed
29-10-17 20:16:35 : addrecipe.php : I : Insertion in RECIPE_TASTE table with recipe id as 29 and taste id as 3 but not committed
29-10-17 20:16:35 : addrecipe.php : I : Insertion in RECIPE_IMG table with recipe id as 29 and image no 0
29-10-17 20:16:35 : addrecipe.php : I : Image uploaded successfully as /images/appuploads/29plus0.jpg
29-10-17 20:16:35 : addrecipe.php : I : Recipe Added Successfully with Recipe Id as 29
29-10-17 20:19:45 : fetchfoodtype.php : I : Food Type fetched successfully
29-10-17 20:19:45 : fetchtrendingrecipes.php : I : Trending Recipes fetched successfully
29-10-17 20:19:45 : fetchtrendingrecipes.php : I : Trending Recipes fetched successfully
29-10-17 20:19:45 : fetchcuisine.php : I : Food Cuisine fetched successfully
29-10-17 20:19:46 : fetchqty.php : I : Quantity fetched successfully
29-10-17 20:19:46 : fetchtrendingrecipes.php : I : Trending Recipes fetched successfully
29-10-17 20:19:46 : fetchtastes.php : I : Tastes fetched successfully
29-10-17 20:19:59 : config.php : I : Ingredient auto - search successully
29-10-17 20:20:30 : addrecipe.php : I : New Recipe inserted but not committed to the table with recipe id as 30
29-10-17 20:20:30 : addrecipe.php : I : Insertion in Dish table with recipe id as 30 and ingredient id as 1 but not committed
29-10-17 20:20:30 : addrecipe.php : I : Insertion in RECIPE_TASTE table with recipe id as 30 and taste id as 1 but not committed
29-10-17 20:20:30 : addrecipe.php : I : Insertion in RECIPE_TASTE table with recipe id as 30 and taste id as 2 but not committed
29-10-17 20:20:30 : addrecipe.php : I : Insertion in RECIPE_TASTE table with recipe id as 30 and taste id as 3 but not committed
29-10-17 20:20:30 : addrecipe.php : I : Insertion in RECIPE_IMG table with recipe id as 30 and image no 0
29-10-17 20:20:30 : addrecipe.php : I : Image uploaded successfully as /images/appuploads/30plus0.jpg
29-10-17 20:20:31 : addrecipe.php : I : Recipe Added Successfully with Recipe Id as 30
29-10-17 20:22:14 : fetchtrendingrecipes.php : I : Trending Recipes fetched successfully
29-10-17 20:22:14 : fetchfoodtype.php : I : Food Type fetched successfully
29-10-17 20:22:15 : fetchtrendingrecipes.php : I : Trending Recipes fetched successfully
29-10-17 20:22:15 : fetchcuisine.php : I : Food Cuisine fetched successfully
29-10-17 20:22:15 : fetchtrendingrecipes.php : I : Trending Recipes fetched successfully
29-10-17 20:22:15 : fetchqty.php : I : Quantity fetched successfully
29-10-17 20:22:16 : fetchtastes.php : I : Tastes fetched successfully
29-10-17 20:26:20 : fetchfoodtype.php : I : Food Type fetched successfully
29-10-17 20:26:20 : fetchtrendingrecipes.php : I : Trending Recipes fetched successfully
29-10-17 20:26:21 : fetchcuisine.php : I : Food Cuisine fetched successfully
29-10-17 20:26:21 : fetchtrendingrecipes.php : I : Trending Recipes fetched successfully
29-10-17 20:26:21 : fetchqty.php : I : Quantity fetched successfully
29-10-17 20:26:21 : fetchtrendingrecipes.php : I : Trending Recipes fetched successfully
29-10-17 20:26:21 : fetchtastes.php : I : Tastes fetched successfully
29-10-17 20:26:38 : config.php : I : Ingredient auto - search successully
29-10-17 20:27:06 : addrecipe.php : I : New Recipe inserted but not committed to the table with recipe id as 31
29-10-17 20:27:06 : addrecipe.php : I : Insertion in Dish table with recipe id as 31 and ingredient id as 1 but not committed
29-10-17 20:27:06 : addrecipe.php : I : Insertion in RECIPE_TASTE table with recipe id as 31 and taste id as 1 but not committed
29-10-17 20:27:06 : addrecipe.php : I : Insertion in RECIPE_TASTE table with recipe id as 31 and taste id as 2 but not committed
29-10-17 20:27:06 : addrecipe.php : I : Insertion in RECIPE_TASTE table with recipe id as 31 and taste id as 3 but not committed
29-10-17 20:27:06 : addrecipe.php : I : Insertion in RECIPE_IMG table with recipe id as 31 and image no 0
29-10-17 20:27:06 : addrecipe.php : I : Image uploaded successfully as /images/appuploads/31plus0.jpg
29-10-17 20:27:06 : addrecipe.php : I : Recipe Added Successfully with Recipe Id as 31
29-10-17 20:37:56 : fetchfoodtype.php : I : Food Type fetched successfully
29-10-17 20:37:56 : fetchtrendingrecipes.php : I : Trending Recipes fetched successfully
29-10-17 20:37:56 : fetchcuisine.php : I : Food Cuisine fetched successfully
29-10-17 20:37:56 : fetchtrendingrecipes.php : I : Trending Recipes fetched successfully
29-10-17 20:37:57 : fetchqty.php : I : Quantity fetched successfully
29-10-17 20:37:57 : fetchtrendingrecipes.php : I : Trending Recipes fetched successfully
29-10-17 20:37:57 : fetchtastes.php : I : Tastes fetched successfully
29-10-17 20:38:23 : config.php : I : Ingredient auto - search successully
29-10-17 20:38:48 : addrecipe.php : I : New Recipe inserted but not committed to the table with recipe id as 32
29-10-17 20:38:48 : addrecipe.php : I : Insertion in Dish table with recipe id as 32 and ingredient id as 2 but not committed
29-10-17 20:38:48 : addrecipe.php : I : Insertion in RECIPE_TASTE table with recipe id as 32 and taste id as 1 but not committed
29-10-17 20:38:48 : addrecipe.php : I : Insertion in RECIPE_TASTE table with recipe id as 32 and taste id as 2 but not committed
29-10-17 20:38:48 : addrecipe.php : I : Insertion in RECIPE_TASTE table with recipe id as 32 and taste id as 3 but not committed
29-10-17 20:38:48 : addrecipe.php : I : Insertion in RECIPE_IMG table with recipe id as 32 and image no 0
29-10-17 20:38:48 : addrecipe.php : I : Image uploaded successfully as /images/appuploads/32plus0.jpg
29-10-17 20:38:48 : addrecipe.php : I : Recipe Added Successfully with Recipe Id as 32
29-10-17 20:38:48 : addrecipe.php : I : New Recipe inserted but not committed to the table with recipe id as 33
[v0.1] : 29-10-17 20:38:48 : registerusertimeline.php : I : 
[v0.1] : 29-10-17 20:38:48 : registerusertimeline.php : I : -------------registerusertimeline.php-------------
[v0.1] : 29-10-17 20:38:48 : registerusertimeline.php : I : REQUEST PARAM : user_id()
[v0.1] : 29-10-17 20:38:48 : registerusertimeline.php : I : REQUEST PARAM : type()
[v0.1] : 29-10-17 20:38:48 : registerusertimeline.php : I : REQUEST PARAM : type_id()
[v0.1] : 29-10-17 20:38:48 : registerusertimeline.php : I : Registered a timeline for the user() for the type() with type id()
[v0.1] : 29-10-17 20:38:48 : registerusertimeline.php : I : -------------registerusertimeline.php-------------
29-10-17 20:47:17 : fetchtrendingrecipes.php : I : Trending Recipes fetched successfully
29-10-17 20:47:18 : fetchfoodtype.php : I : Food Type fetched successfully
29-10-17 20:47:18 : fetchcuisine.php : I : Food Cuisine fetched successfully
29-10-17 20:47:18 : fetchtrendingrecipes.php : I : Trending Recipes fetched successfully
29-10-17 20:47:18 : fetchqty.php : I : Quantity fetched successfully
29-10-17 20:47:18 : fetchtrendingrecipes.php : I : Trending Recipes fetched successfully
29-10-17 20:47:19 : fetchtastes.php : I : Tastes fetched successfully
29-10-17 20:47:41 : config.php : I : Ingredient auto - search successully
29-10-17 20:48:04 : addrecipe.php : I : New Recipe inserted but not committed to the table with recipe id as 34
29-10-17 20:48:04 : addrecipe.php : I : Insertion in Dish table with recipe id as 34 and ingredient id as 1 but not committed
29-10-17 20:48:04 : addrecipe.php : I : Insertion in RECIPE_TASTE table with recipe id as 34 and taste id as 1 but not committed
29-10-17 20:48:04 : addrecipe.php : I : Insertion in RECIPE_TASTE table with recipe id as 34 and taste id as 2 but not committed
29-10-17 20:48:04 : addrecipe.php : I : Insertion in RECIPE_TASTE table with recipe id as 34 and taste id as 3 but not committed
29-10-17 20:48:04 : addrecipe.php : I : Insertion in RECIPE_IMG table with recipe id as 34 and image no 0
29-10-17 20:48:04 : addrecipe.php : I : Image uploaded successfully as /images/appuploads/34plus0.jpg
29-10-17 20:48:04 : addrecipe.php : I : Recipe Added Successfully with Recipe Id as 34
[v0.1] : 29-10-17 20:48:05 : registerusertimeline.php : I : 
[v0.1] : 29-10-17 20:48:05 : registerusertimeline.php : I : -------------registerusertimeline.php-------------
[v0.1] : 29-10-17 20:48:05 : registerusertimeline.php : I : REQUEST PARAM : user_id()
[v0.1] : 29-10-17 20:48:05 : registerusertimeline.php : I : REQUEST PARAM : type()
[v0.1] : 29-10-17 20:48:05 : registerusertimeline.php : I : REQUEST PARAM : type_id()
[v0.1] : 29-10-17 20:48:05 : registerusertimeline.php : I : Registered a timeline for the user() for the type() with type id()
[v0.1] : 29-10-17 20:48:05 : registerusertimeline.php : I : -------------registerusertimeline.php-------------
[v0.1] : 29-10-17 20:51:52 : registerusertimeline.php : I : 
[v0.1] : 29-10-17 20:51:52 : registerusertimeline.php : I : -------------registerusertimeline.php-------------
[v0.1] : 29-10-17 20:51:52 : registerusertimeline.php : I : REQUEST PARAM : user_id(1)
[v0.1] : 29-10-17 20:51:52 : registerusertimeline.php : I : REQUEST PARAM : type(RECIPE_ADD)
[v0.1] : 29-10-17 20:51:52 : registerusertimeline.php : I : REQUEST PARAM : type_id(34)
[v0.1] : 29-10-17 20:51:52 : registerusertimeline.php : I : Registered a timeline for the user(1) for the type(RECIPE_ADD) with type id(34)
[v0.1] : 29-10-17 20:51:52 : registerusertimeline.php : I : -------------registerusertimeline.php-------------
29-10-17 20:54:10 : fetchtrendingrecipes.php : I : Trending Recipes fetched successfully
29-10-17 20:54:10 : fetchfoodtype.php : I : Food Type fetched successfully
29-10-17 20:54:11 : fetchcuisine.php : I : Food Cuisine fetched successfully
29-10-17 20:54:11 : fetchtrendingrecipes.php : I : Trending Recipes fetched successfully
29-10-17 20:54:11 : fetchqty.php : I : Quantity fetched successfully
29-10-17 20:54:11 : fetchtrendingrecipes.php : I : Trending Recipes fetched successfully
29-10-17 20:54:11 : fetchtastes.php : I : Tastes fetched successfully
29-10-17 20:54:54 : config.php : I : Ingredient auto - search successully
29-10-17 20:55:15 : addrecipe.php : I : New Recipe inserted but not committed to the table with recipe id as 35
29-10-17 20:55:15 : addrecipe.php : I : Insertion in Dish table with recipe id as 35 and ingredient id as 1 but not committed
29-10-17 20:55:15 : addrecipe.php : I : Insertion in RECIPE_TASTE table with recipe id as 35 and taste id as 1 but not committed
29-10-17 20:55:15 : addrecipe.php : I : Insertion in RECIPE_TASTE table with recipe id as 35 and taste id as 2 but not committed
29-10-17 20:55:15 : addrecipe.php : I : Insertion in RECIPE_TASTE table with recipe id as 35 and taste id as 3 but not committed
29-10-17 20:55:15 : addrecipe.php : I : Insertion in RECIPE_IMG table with recipe id as 35 and image no 0
29-10-17 20:55:15 : addrecipe.php : I : Image uploaded successfully as /images/appuploads/35plus0.jpg
29-10-17 20:55:15 : addrecipe.php : I : Recipe Added Successfully with Recipe Id as 35
29-10-17 20:55:15 : addrecipe.php : I : A 35
29-10-17 20:55:15 : addrecipe.php : I : B RECIPE_ADD
29-10-17 20:55:15 : addrecipe.php : I : C 35
[v0.1] : 29-10-17 20:55:15 : registerusertimeline.php : I : 
[v0.1] : 29-10-17 20:55:15 : registerusertimeline.php : I : -------------registerusertimeline.php-------------
[v0.1] : 29-10-17 20:55:15 : registerusertimeline.php : I : REQUEST PARAM : user_id()
[v0.1] : 29-10-17 20:55:15 : registerusertimeline.php : I : REQUEST PARAM : type()
[v0.1] : 29-10-17 20:55:15 : registerusertimeline.php : I : REQUEST PARAM : type_id()
[v0.1] : 29-10-17 20:55:15 : registerusertimeline.php : I : Registered a timeline for the user() for the type() with type id()
[v0.1] : 29-10-17 20:55:15 : registerusertimeline.php : I : -------------registerusertimeline.php-------------
[v0.1] : 29-10-17 21:00:55 : registerusertimeline.php : I : 
[v0.1] : 29-10-17 21:00:55 : registerusertimeline.php : I : -------------registerusertimeline.php-------------
[v0.1] : 29-10-17 21:00:55 : registerusertimeline.php : I : REQUEST PARAM : user_id()
[v0.1] : 29-10-17 21:00:55 : registerusertimeline.php : I : REQUEST PARAM : type()
[v0.1] : 29-10-17 21:00:55 : registerusertimeline.php : I : REQUEST PARAM : type_id()
[v0.1] : 29-10-17 21:00:55 : registerusertimeline.php : I : Registered a timeline for the user() for the type() with type id()
[v0.1] : 29-10-17 21:00:55 : registerusertimeline.php : I : -------------registerusertimeline.php-------------
[v0.1] : 29-10-17 21:01:07 : registerusertimeline.php : I : 
[v0.1] : 29-10-17 21:01:07 : registerusertimeline.php : I : -------------registerusertimeline.php-------------
[v0.1] : 29-10-17 21:01:07 : registerusertimeline.php : I : REQUEST PARAM : user_id()
[v0.1] : 29-10-17 21:01:07 : registerusertimeline.php : I : REQUEST PARAM : type()
[v0.1] : 29-10-17 21:01:07 : registerusertimeline.php : I : REQUEST PARAM : type_id()
[v0.1] : 29-10-17 21:01:07 : registerusertimeline.php : I : Registered a timeline for the user() for the type() with type id()
[v0.1] : 29-10-17 21:01:07 : registerusertimeline.php : I : -------------registerusertimeline.php-------------
[v0.1] : 29-10-17 21:01:27 : registerusertimeline.php : I : 
[v0.1] : 29-10-17 21:01:27 : registerusertimeline.php : I : -------------registerusertimeline.php-------------
[v0.1] : 29-10-17 21:01:27 : registerusertimeline.php : I : REQUEST PARAM : user_id()
[v0.1] : 29-10-17 21:01:27 : registerusertimeline.php : I : REQUEST PARAM : type()
[v0.1] : 29-10-17 21:01:27 : registerusertimeline.php : I : REQUEST PARAM : type_id()
[v0.1] : 29-10-17 21:01:27 : registerusertimeline.php : I : Registered a timeline for the user() for the type() with type id()
[v0.1] : 29-10-17 21:01:27 : registerusertimeline.php : I : -------------registerusertimeline.php-------------
[v0.1] : 29-10-17 21:02:06 : registerusertimeline.php : I : 
[v0.1] : 29-10-17 21:02:06 : registerusertimeline.php : I : -------------registerusertimeline.php-------------
[v0.1] : 29-10-17 21:02:06 : registerusertimeline.php : I : REQUEST PARAM : user_id(1)
[v0.1] : 29-10-17 21:02:06 : registerusertimeline.php : I : REQUEST PARAM : type(RECIPE_ADD)
[v0.1] : 29-10-17 21:02:06 : registerusertimeline.php : I : REQUEST PARAM : type_id(34)
[v0.1] : 29-10-17 21:02:06 : registerusertimeline.php : I : Registered a timeline for the user(1) for the type(RECIPE_ADD) with type id(34)
[v0.1] : 29-10-17 21:02:06 : registerusertimeline.php : I : -------------registerusertimeline.php-------------
[v0.1] : 29-10-17 21:02:22 : registerusertimeline.php : I : 
[v0.1] : 29-10-17 21:02:22 : registerusertimeline.php : I : -------------registerusertimeline.php-------------
[v0.1] : 29-10-17 21:02:22 : registerusertimeline.php : I : REQUEST PARAM : user_id(1)
[v0.1] : 29-10-17 21:02:22 : registerusertimeline.php : I : REQUEST PARAM : type(RECIPE_ADD)
[v0.1] : 29-10-17 21:02:22 : registerusertimeline.php : I : REQUEST PARAM : type_id(34)
[v0.1] : 29-10-17 21:02:22 : registerusertimeline.php : I : Registered a timeline for the user(1) for the type(RECIPE_ADD) with type id(34)
[v0.1] : 29-10-17 21:02:22 : registerusertimeline.php : I : -------------registerusertimeline.php-------------
[v0.1] : 29-10-17 21:02:59 : registerusertimeline.php : I : 
[v0.1] : 29-10-17 21:02:59 : registerusertimeline.php : I : -------------registerusertimeline.php-------------
[v0.1] : 29-10-17 21:02:59 : registerusertimeline.php : I : REQUEST PARAM : user_id(1)
[v0.1] : 29-10-17 21:02:59 : registerusertimeline.php : I : REQUEST PARAM : type(RECIPE_ADD)
[v0.1] : 29-10-17 21:02:59 : registerusertimeline.php : I : REQUEST PARAM : type_id(34)
[v0.1] : 29-10-17 21:02:59 : registerusertimeline.php : I : Registered a timeline for the user(1) for the type(RECIPE_ADD) with type id(34)
[v0.1] : 29-10-17 21:02:59 : registerusertimeline.php : I : -------------registerusertimeline.php-------------
29-10-17 21:05:00 : addrecipe.php : I : New Recipe inserted but not committed to the table with recipe id as 36
29-10-17 21:05:51 : addrecipe.php : I : New Recipe inserted but not committed to the table with recipe id as 37
29-10-17 21:06:33 : fetchtrendingrecipes.php : I : Trending Recipes fetched successfully
29-10-17 21:06:33 : fetchtrendingrecipes.php : I : Trending Recipes fetched successfully
29-10-17 21:06:34 : fetchtrendingrecipes.php : I : Trending Recipes fetched successfully
29-10-17 21:06:34 : fetchfoodtype.php : I : Food Type fetched successfully
29-10-17 21:06:34 : fetchcuisine.php : I : Food Cuisine fetched successfully
29-10-17 21:06:35 : fetchqty.php : I : Quantity fetched successfully
29-10-17 21:06:35 : fetchtastes.php : I : Tastes fetched successfully
29-10-17 21:06:49 : config.php : I : Ingredient auto - search successully
29-10-17 21:07:12 : addrecipe.php : I : New Recipe inserted but not committed to the table with recipe id as 38
29-10-17 21:07:12 : addrecipe.php : I : Insertion in Dish table with recipe id as 38 and ingredient id as 1 but not committed
29-10-17 21:07:12 : addrecipe.php : I : Insertion in RECIPE_TASTE table with recipe id as 38 and taste id as 1 but not committed
29-10-17 21:07:12 : addrecipe.php : I : Insertion in RECIPE_TASTE table with recipe id as 38 and taste id as 2 but not committed
29-10-17 21:07:12 : addrecipe.php : I : Insertion in RECIPE_TASTE table with recipe id as 38 and taste id as 3 but not committed
29-10-17 21:07:12 : addrecipe.php : I : Insertion in RECIPE_IMG table with recipe id as 38 and image no 0
29-10-17 21:07:12 : addrecipe.php : I : Image uploaded successfully as /images/appuploads/38plus0.jpg
29-10-17 21:07:12 : addrecipe.php : I : Recipe Added Successfully with Recipe Id as 38
[v0.1] : 29-10-17 21:07:13 : registerusertimeline.php : I : 
[v0.1] : 29-10-17 21:07:13 : registerusertimeline.php : I : -------------registerusertimeline.php-------------
[v0.1] : 29-10-17 21:07:13 : registerusertimeline.php : I : REQUEST PARAM : user_id()
[v0.1] : 29-10-17 21:07:13 : registerusertimeline.php : I : REQUEST PARAM : type()
[v0.1] : 29-10-17 21:07:13 : registerusertimeline.php : I : REQUEST PARAM : type_id()
[v0.1] : 29-10-17 21:07:13 : registerusertimeline.php : I : Registered a timeline for the user() for the type() with type id()
[v0.1] : 29-10-17 21:07:13 : registerusertimeline.php : I : -------------registerusertimeline.php-------------
29-10-17 21:11:38 : fetchfoodtype.php : I : Food Type fetched successfully
29-10-17 21:11:38 : fetchtrendingrecipes.php : I : Trending Recipes fetched successfully
29-10-17 21:11:38 : fetchcuisine.php : I : Food Cuisine fetched successfully
29-10-17 21:11:38 : fetchtrendingrecipes.php : I : Trending Recipes fetched successfully
29-10-17 21:11:39 : fetchqty.php : I : Quantity fetched successfully
29-10-17 21:11:39 : fetchtrendingrecipes.php : I : Trending Recipes fetched successfully
29-10-17 21:11:39 : fetchtastes.php : I : Tastes fetched successfully
29-10-17 21:12:13 : config.php : I : Ingredient auto - search successully
29-10-17 21:12:49 : addrecipe.php : I : New Recipe inserted but not committed to the table with recipe id as 39
29-10-17 21:12:49 : addrecipe.php : I : Insertion in Dish table with recipe id as 39 and ingredient id as 2 but not committed
29-10-17 21:12:49 : addrecipe.php : I : Insertion in RECIPE_TASTE table with recipe id as 39 and taste id as 1 but not committed
29-10-17 21:12:49 : addrecipe.php : I : Insertion in RECIPE_TASTE table with recipe id as 39 and taste id as 2 but not committed
29-10-17 21:12:49 : addrecipe.php : I : Insertion in RECIPE_TASTE table with recipe id as 39 and taste id as 3 but not committed
29-10-17 21:12:49 : addrecipe.php : I : Insertion in RECIPE_IMG table with recipe id as 39 and image no 0
29-10-17 21:12:49 : addrecipe.php : I : Image uploaded successfully as /images/appuploads/39plus0.jpg
29-10-17 21:12:49 : addrecipe.php : I : Recipe Added Successfully with Recipe Id as 39
[v0.1] : 29-10-17 21:12:49 : registerusertimeline.php : I : 
[v0.1] : 29-10-17 21:12:49 : registerusertimeline.php : I : -------------registerusertimeline.php-------------
[v0.1] : 29-10-17 21:12:49 : registerusertimeline.php : I : REQUEST PARAM : user_id()
[v0.1] : 29-10-17 21:12:49 : registerusertimeline.php : I : REQUEST PARAM : type()
[v0.1] : 29-10-17 21:12:49 : registerusertimeline.php : I : REQUEST PARAM : type_id()
[v0.1] : 29-10-17 21:12:49 : registerusertimeline.php : I : Registered a timeline for the user() for the type() with type id()
[v0.1] : 29-10-17 21:12:49 : registerusertimeline.php : I : -------------registerusertimeline.php-------------
29-10-17 21:16:08 : addrecipe.php : I : New Recipe inserted but not committed to the table with recipe id as 40
29-10-17 21:16:08 : addrecipe.php : I : Insertion in Dish table with recipe id as 40 and ingredient id as 1 but not committed
29-10-17 21:16:08 : addrecipe.php : I : Insertion in RECIPE_TASTE table with recipe id as 40 and taste id as 1 but not committed
29-10-17 21:16:08 : addrecipe.php : I : Recipe Added Successfully with Recipe Id as 40
[v0.1] : 29-10-17 21:16:08 : registerusertimeline.php : I : 
[v0.1] : 29-10-17 21:16:08 : registerusertimeline.php : I : -------------registerusertimeline.php-------------
[v0.1] : 29-10-17 21:16:08 : registerusertimeline.php : I : REQUEST PARAM : user_id(1)
[v0.1] : 29-10-17 21:16:08 : registerusertimeline.php : I : REQUEST PARAM : type(RECIPE_ADD)
[v0.1] : 29-10-17 21:16:08 : registerusertimeline.php : I : REQUEST PARAM : type_id(35)
[v0.1] : 29-10-17 21:16:08 : registerusertimeline.php : I : Registered a timeline for the user(1) for the type(RECIPE_ADD) with type id(35)
[v0.1] : 29-10-17 21:16:08 : registerusertimeline.php : I : -------------registerusertimeline.php-------------
29-10-17 21:16:48 : addrecipe.php : I : New Recipe inserted but not committed to the table with recipe id as 41
29-10-17 21:16:48 : addrecipe.php : I : Insertion in Dish table with recipe id as 41 and ingredient id as 1 but not committed
29-10-17 21:16:48 : addrecipe.php : I : Insertion in RECIPE_TASTE table with recipe id as 41 and taste id as 1 but not committed
29-10-17 21:16:48 : addrecipe.php : I : Recipe Added Successfully with Recipe Id as 41
[v0.1] : 29-10-17 21:16:48 : registerusertimeline.php : I : 
[v0.1] : 29-10-17 21:16:48 : registerusertimeline.php : I : -------------registerusertimeline.php-------------
[v0.1] : 29-10-17 21:16:48 : registerusertimeline.php : I : REQUEST PARAM : user_id(1)
[v0.1] : 29-10-17 21:16:48 : registerusertimeline.php : I : REQUEST PARAM : type(RECIPE_ADD)
[v0.1] : 29-10-17 21:16:48 : registerusertimeline.php : I : REQUEST PARAM : type_id(35)
[v0.1] : 29-10-17 21:16:48 : registerusertimeline.php : I : Registered a timeline for the user(1) for the type(RECIPE_ADD) with type id(35)
[v0.1] : 29-10-17 21:16:48 : registerusertimeline.php : I : -------------registerusertimeline.php-------------
29-10-17 21:19:44 : fetchfoodtype.php : I : Food Type fetched successfully
29-10-17 21:19:44 : fetchtrendingrecipes.php : I : Trending Recipes fetched successfully
29-10-17 21:19:44 : fetchcuisine.php : I : Food Cuisine fetched successfully
29-10-17 21:19:44 : fetchtrendingrecipes.php : I : Trending Recipes fetched successfully
29-10-17 21:19:44 : fetchqty.php : I : Quantity fetched successfully
29-10-17 21:19:45 : fetchtastes.php : I : Tastes fetched successfully
29-10-17 21:19:46 : fetchtrendingrecipes.php : I : Trending Recipes fetched successfully
29-10-17 21:20:27 : config.php : I : Ingredient auto - search successully
29-10-17 21:46:13 : addrecipe.php : I : New Recipe inserted but not committed to the table with recipe id as 42
29-10-17 21:46:13 : addrecipe.php : I : Insertion in Dish table with recipe id as 42 and ingredient id as 1 but not committed
29-10-17 21:46:13 : addrecipe.php : I : Insertion in RECIPE_TASTE table with recipe id as 42 and taste id as 1 but not committed
29-10-17 21:46:13 : addrecipe.php : I : Recipe Added Successfully with Recipe Id as 42
[v0.1] : 29-10-17 21:46:14 : registerusertimeline.php : I : 
[v0.1] : 29-10-17 21:46:14 : registerusertimeline.php : I : -------------registerusertimeline.php-------------
[v0.1] : 29-10-17 21:46:14 : registerusertimeline.php : I : REQUEST PARAM : user_id(1)
[v0.1] : 29-10-17 21:46:14 : registerusertimeline.php : I : REQUEST PARAM : type(RECIPE_ADD)
[v0.1] : 29-10-17 21:46:14 : registerusertimeline.php : I : REQUEST PARAM : type_id(35)
[v0.1] : 29-10-17 21:46:14 : registerusertimeline.php : I : Registered a timeline for the user(1) for the type(RECIPE_ADD) with type id(35)
[v0.1] : 29-10-17 21:46:14 : registerusertimeline.php : I : -------------registerusertimeline.php-------------
29-10-17 21:47:41 : addrecipe.php : I : New Recipe inserted but not committed to the table with recipe id as 43
29-10-17 21:47:41 : addrecipe.php : I : Insertion in Dish table with recipe id as 43 and ingredient id as 1 but not committed
29-10-17 21:47:41 : addrecipe.php : I : Insertion in RECIPE_TASTE table with recipe id as 43 and taste id as 1 but not committed
29-10-17 21:47:41 : addrecipe.php : I : Recipe Added Successfully with Recipe Id as 43
[v0.1] : 29-10-17 21:47:42 : registerusertimeline.php : I : 
[v0.1] : 29-10-17 21:47:42 : registerusertimeline.php : I : -------------registerusertimeline.php-------------
[v0.1] : 29-10-17 21:47:42 : registerusertimeline.php : I : REQUEST PARAM : user_id(1)
[v0.1] : 29-10-17 21:47:42 : registerusertimeline.php : I : REQUEST PARAM : type(RECIPE_ADD)
[v0.1] : 29-10-17 21:47:42 : registerusertimeline.php : I : REQUEST PARAM : type_id(35)
[v0.1] : 29-10-17 21:47:42 : registerusertimeline.php : I : Registered a timeline for the user(1) for the type(RECIPE_ADD) with type id(35)
[v0.1] : 29-10-17 21:47:42 : registerusertimeline.php : I : -------------registerusertimeline.php-------------
29-10-17 21:48:37 : addrecipe.php : I : New Recipe inserted but not committed to the table with recipe id as 44
29-10-17 21:48:37 : addrecipe.php : I : Insertion in Dish table with recipe id as 44 and ingredient id as 1 but not committed
29-10-17 21:48:37 : addrecipe.php : I : Insertion in RECIPE_TASTE table with recipe id as 44 and taste id as 1 but not committed
29-10-17 21:48:37 : addrecipe.php : I : Recipe Added Successfully with Recipe Id as 44
[v0.1] : 29-10-17 21:48:37 : registerusertimeline.php : I : 
[v0.1] : 29-10-17 21:48:37 : registerusertimeline.php : I : -------------registerusertimeline.php-------------
[v0.1] : 29-10-17 21:48:37 : registerusertimeline.php : I : REQUEST PARAM : user_id()
[v0.1] : 29-10-17 21:48:37 : registerusertimeline.php : I : REQUEST PARAM : type(RECIPE_ADD)
[v0.1] : 29-10-17 21:48:37 : registerusertimeline.php : I : REQUEST PARAM : type_id(44)
[v0.1] : 29-10-17 21:48:37 : registerusertimeline.php : I : Registered a timeline for the user() for the type(RECIPE_ADD) with type id(44)
[v0.1] : 29-10-17 21:48:37 : registerusertimeline.php : I : -------------registerusertimeline.php-------------
29-10-17 21:49:52 : fetchtrendingrecipes.php : I : Trending Recipes fetched successfully
29-10-17 21:49:52 : fetchtrendingrecipes.php : I : Trending Recipes fetched successfully
29-10-17 21:49:53 : fetchtrendingrecipes.php : I : Trending Recipes fetched successfully
29-10-17 21:49:53 : fetchfoodtype.php : I : Food Type fetched successfully
29-10-17 21:49:54 : fetchcuisine.php : I : Food Cuisine fetched successfully
29-10-17 21:49:54 : fetchqty.php : I : Quantity fetched successfully
29-10-17 21:49:54 : fetchtastes.php : I : Tastes fetched successfully
29-10-17 21:50:12 : config.php : I : Ingredient auto - search successully
29-10-17 21:50:39 : addrecipe.php : I : New Recipe inserted but not committed to the table with recipe id as 45
29-10-17 21:50:39 : addrecipe.php : I : Insertion in Dish table with recipe id as 45 and ingredient id as 1 but not committed
29-10-17 21:50:39 : addrecipe.php : I : Insertion in RECIPE_TASTE table with recipe id as 45 and taste id as 1 but not committed
29-10-17 21:50:39 : addrecipe.php : I : Insertion in RECIPE_TASTE table with recipe id as 45 and taste id as 2 but not committed
29-10-17 21:50:39 : addrecipe.php : I : Insertion in RECIPE_TASTE table with recipe id as 45 and taste id as 3 but not committed
29-10-17 21:50:39 : addrecipe.php : I : Insertion in RECIPE_IMG table with recipe id as 45 and image no 0
29-10-17 21:50:39 : addrecipe.php : I : Image uploaded successfully as /images/appuploads/45plus0.jpg
29-10-17 21:50:39 : addrecipe.php : I : Recipe Added Successfully with Recipe Id as 45
[v0.1] : 29-10-17 21:50:39 : registerusertimeline.php : I : 
[v0.1] : 29-10-17 21:50:39 : registerusertimeline.php : I : -------------registerusertimeline.php-------------
[v0.1] : 29-10-17 21:50:39 : registerusertimeline.php : I : REQUEST PARAM : user_id()
[v0.1] : 29-10-17 21:50:39 : registerusertimeline.php : I : REQUEST PARAM : type()
[v0.1] : 29-10-17 21:50:39 : registerusertimeline.php : I : REQUEST PARAM : type_id()
[v0.1] : 29-10-17 21:50:39 : registerusertimeline.php : I : Registered a timeline for the user() for the type() with type id()
[v0.1] : 29-10-17 21:50:39 : registerusertimeline.php : I : -------------registerusertimeline.php-------------
29-10-17 21:55:24 : fetchfoodtype.php : I : Food Type fetched successfully
29-10-17 21:55:24 : fetchtrendingrecipes.php : I : Trending Recipes fetched successfully
29-10-17 21:55:25 : fetchcuisine.php : I : Food Cuisine fetched successfully
29-10-17 21:55:25 : fetchtrendingrecipes.php : I : Trending Recipes fetched successfully
29-10-17 21:55:25 : fetchqty.php : I : Quantity fetched successfully
29-10-17 21:55:25 : fetchtrendingrecipes.php : I : Trending Recipes fetched successfully
29-10-17 21:55:25 : fetchtastes.php : I : Tastes fetched successfully
29-10-17 21:55:42 : config.php : I : Ingredient auto - search successully
29-10-17 21:56:05 : addrecipe.php : I : New Recipe inserted but not committed to the table with recipe id as 46
29-10-17 21:56:05 : addrecipe.php : I : Insertion in Dish table with recipe id as 46 and ingredient id as 1 but not committed
29-10-17 21:56:05 : addrecipe.php : I : Insertion in RECIPE_TASTE table with recipe id as 46 and taste id as 1 but not committed
29-10-17 21:56:05 : addrecipe.php : I : Insertion in RECIPE_TASTE table with recipe id as 46 and taste id as 2 but not committed
29-10-17 21:56:05 : addrecipe.php : I : Insertion in RECIPE_TASTE table with recipe id as 46 and taste id as 3 but not committed
29-10-17 21:56:05 : addrecipe.php : I : Insertion in RECIPE_IMG table with recipe id as 46 and image no 0
29-10-17 21:56:05 : addrecipe.php : I : Image uploaded successfully as /images/appuploads/46plus0.jpg
29-10-17 21:56:05 : addrecipe.php : I : Recipe Added Successfully with Recipe Id as 46
29-10-17 21:56:05 : addrecipe.php : I : XXX 1
[v0.1] : 29-10-17 21:56:06 : registerusertimeline.php : I : 
[v0.1] : 29-10-17 21:56:06 : registerusertimeline.php : I : -------------registerusertimeline.php-------------
[v0.1] : 29-10-17 21:56:06 : registerusertimeline.php : I : REQUEST PARAM : user_id()
[v0.1] : 29-10-17 21:56:06 : registerusertimeline.php : I : REQUEST PARAM : type()
[v0.1] : 29-10-17 21:56:06 : registerusertimeline.php : I : REQUEST PARAM : type_id()
[v0.1] : 29-10-17 21:56:06 : registerusertimeline.php : I : Registered a timeline for the user() for the type() with type id()
[v0.1] : 29-10-17 21:56:06 : registerusertimeline.php : I : -------------registerusertimeline.php-------------
29-10-17 21:58:50 : fetchtrendingrecipes.php : I : Trending Recipes fetched successfully
29-10-17 21:58:51 : fetchfoodtype.php : I : Food Type fetched successfully
29-10-17 21:58:51 : fetchcuisine.php : I : Food Cuisine fetched successfully
29-10-17 21:58:51 : fetchtrendingrecipes.php : I : Trending Recipes fetched successfully
29-10-17 21:58:51 : fetchqty.php : I : Quantity fetched successfully
29-10-17 21:58:52 : fetchtrendingrecipes.php : I : Trending Recipes fetched successfully
29-10-17 21:58:52 : fetchtastes.php : I : Tastes fetched successfully
29-10-17 21:59:58 : config.php : I : Ingredient auto - search successully
29-10-17 22:00:20 : addrecipe.php : I : New Recipe inserted but not committed to the table with recipe id as 47
29-10-17 22:00:20 : addrecipe.php : I : Insertion in Dish table with recipe id as 47 and ingredient id as 1 but not committed
29-10-17 22:00:20 : addrecipe.php : I : Insertion in RECIPE_TASTE table with recipe id as 47 and taste id as 1 but not committed
29-10-17 22:00:20 : addrecipe.php : I : Insertion in RECIPE_TASTE table with recipe id as 47 and taste id as 2 but not committed
29-10-17 22:00:20 : addrecipe.php : I : Insertion in RECIPE_TASTE table with recipe id as 47 and taste id as 3 but not committed
29-10-17 22:00:20 : addrecipe.php : I : Insertion in RECIPE_IMG table with recipe id as 47 and image no 0
29-10-17 22:00:20 : addrecipe.php : I : Image uploaded successfully as /images/appuploads/47plus0.jpg
29-10-17 22:00:21 : addrecipe.php : I : Recipe Added Successfully with Recipe Id as 47
29-10-17 22:01:16 : fetchfoodtype.php : I : Food Type fetched successfully
29-10-17 22:01:16 : fetchtrendingrecipes.php : I : Trending Recipes fetched successfully
29-10-17 22:01:17 : fetchtrendingrecipes.php : I : Trending Recipes fetched successfully
29-10-17 22:01:17 : fetchcuisine.php : I : Food Cuisine fetched successfully
29-10-17 22:01:17 : fetchqty.php : I : Quantity fetched successfully
29-10-17 22:01:17 : fetchtrendingrecipes.php : I : Trending Recipes fetched successfully
29-10-17 22:01:17 : fetchtastes.php : I : Tastes fetched successfully
29-10-17 22:01:28 : config.php : I : Ingredient auto - search successully
29-10-17 22:01:59 : addrecipe.php : I : New Recipe inserted but not committed to the table with recipe id as 48
29-10-17 22:01:59 : addrecipe.php : I : Insertion in Dish table with recipe id as 48 and ingredient id as 0 but not committed
29-10-17 22:01:59 : addrecipe.php : I : Insertion in RECIPE_TASTE table with recipe id as 48 and taste id as 1 but not committed
29-10-17 22:01:59 : addrecipe.php : I : Insertion in RECIPE_TASTE table with recipe id as 48 and taste id as 2 but not committed
29-10-17 22:01:59 : addrecipe.php : I : Insertion in RECIPE_TASTE table with recipe id as 48 and taste id as 3 but not committed
29-10-17 22:01:59 : addrecipe.php : I : Insertion in RECIPE_IMG table with recipe id as 48 and image no 0
29-10-17 22:01:59 : addrecipe.php : I : Image uploaded successfully as /images/appuploads/48plus0.jpg
29-10-17 22:02:00 : addrecipe.php : I : Recipe Added Successfully with Recipe Id as 48
29-10-17 22:03:04 : fetchtrendingrecipes.php : I : Trending Recipes fetched successfully
29-10-17 22:03:04 : fetchfoodtype.php : I : Food Type fetched successfully
29-10-17 22:03:04 : fetchcuisine.php : I : Food Cuisine fetched successfully
29-10-17 22:03:05 : fetchtrendingrecipes.php : I : Trending Recipes fetched successfully
29-10-17 22:03:05 : fetchqty.php : I : Quantity fetched successfully
29-10-17 22:03:05 : fetchtrendingrecipes.php : I : Trending Recipes fetched successfully
29-10-17 22:03:05 : fetchtastes.php : I : Tastes fetched successfully
29-10-17 22:03:06 : fetchfoodtype.php : I : Food Type fetched successfully
29-10-17 22:03:07 : fetchcuisine.php : I : Food Cuisine fetched successfully
29-10-17 22:03:08 : fetchqty.php : I : Quantity fetched successfully
29-10-17 22:03:08 : fetchtastes.php : I : Tastes fetched successfully
29-10-17 22:03:20 : config.php : I : Ingredient auto - search successully
29-10-17 22:03:52 : addrecipe.php : I : New Recipe inserted but not committed to the table with recipe id as 49
29-10-17 22:03:52 : addrecipe.php : I : Insertion in Dish table with recipe id as 49 and ingredient id as 1 but not committed
29-10-17 22:03:52 : addrecipe.php : I : Insertion in RECIPE_TASTE table with recipe id as 49 and taste id as 1 but not committed
29-10-17 22:03:52 : addrecipe.php : I : Insertion in RECIPE_TASTE table with recipe id as 49 and taste id as 2 but not committed
29-10-17 22:03:52 : addrecipe.php : I : Insertion in RECIPE_TASTE table with recipe id as 49 and taste id as 3 but not committed
29-10-17 22:03:52 : addrecipe.php : I : Insertion in RECIPE_IMG table with recipe id as 49 and image no 0
29-10-17 22:03:52 : addrecipe.php : I : Image uploaded successfully as /images/appuploads/49plus0.jpg
29-10-17 22:03:52 : addrecipe.php : I : Recipe Added Successfully with Recipe Id as 49
[v0.1] : 29-10-17 22:03:53 : registerusertimeline.php : I : 
[v0.1] : 29-10-17 22:03:53 : registerusertimeline.php : I : -------------registerusertimeline.php-------------
29-10-17 22:03:53 : registerusertimeline.php : I : ZZZ 
[v0.1] : 29-10-17 22:03:53 : registerusertimeline.php : I : REQUEST PARAM : user_id()
[v0.1] : 29-10-17 22:03:53 : registerusertimeline.php : I : REQUEST PARAM : type()
[v0.1] : 29-10-17 22:03:53 : registerusertimeline.php : I : REQUEST PARAM : type_id()
[v0.1] : 29-10-17 22:03:53 : registerusertimeline.php : I : Registered a timeline for the user() for the type() with type id()
[v0.1] : 29-10-17 22:03:53 : registerusertimeline.php : I : -------------registerusertimeline.php-------------
29-10-17 22:18:49 : fetchtrendingrecipes.php : I : Trending Recipes fetched successfully
29-10-17 22:18:49 : fetchfoodtype.php : I : Food Type fetched successfully
29-10-17 22:18:50 : fetchcuisine.php : I : Food Cuisine fetched successfully
29-10-17 22:18:50 : fetchtrendingrecipes.php : I : Trending Recipes fetched successfully
29-10-17 22:18:50 : fetchqty.php : I : Quantity fetched successfully
29-10-17 22:18:50 : fetchtrendingrecipes.php : I : Trending Recipes fetched successfully
29-10-17 22:18:51 : fetchtastes.php : I : Tastes fetched successfully
29-10-17 22:19:05 : config.php : I : Ingredient auto - search successully
29-10-17 22:19:54 : addrecipe.php : I : New Recipe inserted but not committed to the table with recipe id as 50
29-10-17 22:19:54 : addrecipe.php : I : Insertion in Dish table with recipe id as 50 and ingredient id as 1 but not committed
29-10-17 22:19:54 : addrecipe.php : I : Insertion in RECIPE_TASTE table with recipe id as 50 and taste id as 1 but not committed
29-10-17 22:19:54 : addrecipe.php : I : Insertion in RECIPE_TASTE table with recipe id as 50 and taste id as 2 but not committed
29-10-17 22:19:54 : addrecipe.php : I : Insertion in RECIPE_TASTE table with recipe id as 50 and taste id as 3 but not committed
29-10-17 22:19:54 : addrecipe.php : I : Insertion in RECIPE_IMG table with recipe id as 50 and image no 0
29-10-17 22:19:54 : addrecipe.php : I : Image uploaded successfully as /images/appuploads/50plus0.jpg
29-10-17 22:19:54 : addrecipe.php : I : Recipe Added Successfully with Recipe Id as 50
[v0.1] : 29-10-17 22:19:54 : addrecipe.php : I : Registered a timeline for the user(1) for the type() with type id()
