26-09-17 01:10:05 : getrecipedetails.php : I : Ingredient data fetched successfully
26-09-17 01:10:05 : getrecipedetails.php : I : Recipe images fetched successfully
26-09-17 22:08:36 : fetchqty.php : I : Quantity fetched successfully
26-09-17 22:08:36 : fetchtrendingrecipes.php : I : Trending Recipes fetched successfully
26-09-17 22:08:36 : fetchtastes.php : I : Tastes fetched successfully
26-09-17 22:08:49 : fetchtrendingrecipes.php : I : Trending Recipes fetched successfully
26-09-17 22:08:49 : fetchfoodtype.php : I : Food Type fetched successfully
26-09-17 22:08:50 : fetchcuisine.php : I : Food Cuisine fetched successfully
26-09-17 22:08:52 : fetchqty.php : I : Quantity fetched successfully
26-09-17 22:08:53 : fetchtastes.php : I : Tastes fetched successfully
26-09-17 22:09:46 : fetchtrendingrecipes.php : I : Trending Recipes fetched successfully
26-09-17 22:10:36 : fetchtrendingrecipes.php : I : Trending Recipes fetched successfully
26-09-17 22:15:53 : fetchtrendingrecipes.php : I : Trending Recipes fetched successfully
26-09-17 22:15:53 : fetchfoodtype.php : I : Food Type fetched successfully
26-09-17 22:15:54 : fetchcuisine.php : I : Food Cuisine fetched successfully
26-09-17 22:15:55 : fetchqty.php : I : Quantity fetched successfully
26-09-17 22:15:55 : fetchtastes.php : I : Tastes fetched successfully
26-09-17 22:16:51 : fetchtrendingrecipes.php : I : Trending Recipes fetched successfully
26-09-17 22:17:58 : fetchtrendingrecipes.php : I : Trending Recipes fetched successfully
26-09-17 22:21:39 : fetchtrendingrecipes.php : I : Trending Recipes fetched successfully
26-09-17 22:21:39 : fetchfoodtype.php : I : Food Type fetched successfully
26-09-17 22:21:39 : fetchtrendingrecipes.php : I : Trending Recipes fetched successfully
26-09-17 22:21:39 : fetchtrendingrecipes.php : I : Trending Recipes fetched successfully
26-09-17 22:21:39 : fetchcuisine.php : I : Food Cuisine fetched successfully
26-09-17 22:21:40 : fetchqty.php : I : Quantity fetched successfully
26-09-17 22:21:41 : fetchtastes.php : I : Tastes fetched successfully
26-09-17 22:27:33 : fetchtrendingrecipes.php : I : Trending Recipes fetched successfully
26-09-17 22:27:33 : fetchfoodtype.php : I : Food Type fetched successfully
26-09-17 22:27:34 : fetchtrendingrecipes.php : I : Trending Recipes fetched successfully
26-09-17 22:27:34 : fetchtrendingrecipes.php : I : Trending Recipes fetched successfully
26-09-17 22:27:34 : fetchcuisine.php : I : Food Cuisine fetched successfully
26-09-17 22:27:35 : fetchqty.php : I : Quantity fetched successfully
26-09-17 22:27:36 : fetchtastes.php : I : Tastes fetched successfully
26-09-17 22:28:23 : fetchfoodtype.php : I : Food Type fetched successfully
26-09-17 22:28:23 : fetchtrendingrecipes.php : I : Trending Recipes fetched successfully
26-09-17 22:28:24 : fetchtrendingrecipes.php : I : Trending Recipes fetched successfully
26-09-17 22:28:24 : fetchcuisine.php : I : Food Cuisine fetched successfully
26-09-17 22:28:24 : fetchtrendingrecipes.php : I : Trending Recipes fetched successfully
26-09-17 22:28:25 : fetchqty.php : I : Quantity fetched successfully
26-09-17 22:28:25 : fetchtastes.php : I : Tastes fetched successfully
26-09-17 22:29:07 : fetchfoodtype.php : I : Food Type fetched successfully
26-09-17 22:29:07 : fetchtrendingrecipes.php : I : Trending Recipes fetched successfully
26-09-17 22:29:08 : fetchtrendingrecipes.php : I : Trending Recipes fetched successfully
26-09-17 22:29:08 : fetchtrendingrecipes.php : I : Trending Recipes fetched successfully
26-09-17 22:29:08 : fetchcuisine.php : I : Food Cuisine fetched successfully
26-09-17 22:29:09 : fetchqty.php : I : Quantity fetched successfully
26-09-17 22:29:10 : fetchtastes.php : I : Tastes fetched successfully
26-09-17 22:30:58 : fetchfoodtype.php : I : Food Type fetched successfully
26-09-17 22:30:58 : fetchtrendingrecipes.php : I : Trending Recipes fetched successfully
26-09-17 22:30:59 : fetchtrendingrecipes.php : I : Trending Recipes fetched successfully
26-09-17 22:30:59 : fetchcuisine.php : I : Food Cuisine fetched successfully
26-09-17 22:30:59 : fetchtrendingrecipes.php : I : Trending Recipes fetched successfully
26-09-17 22:31:01 : fetchqty.php : I : Quantity fetched successfully
26-09-17 22:31:01 : fetchtastes.php : I : Tastes fetched successfully
26-09-17 22:31:20 : fetchfoodtype.php : I : Food Type fetched successfully
26-09-17 22:31:20 : fetchtrendingrecipes.php : I : Trending Recipes fetched successfully
26-09-17 22:31:21 : fetchcuisine.php : I : Food Cuisine fetched successfully
26-09-17 22:31:21 : fetchtrendingrecipes.php : I : Trending Recipes fetched successfully
26-09-17 22:31:21 : fetchtrendingrecipes.php : I : Trending Recipes fetched successfully
26-09-17 22:31:22 : fetchqty.php : I : Quantity fetched successfully
26-09-17 22:31:22 : fetchtastes.php : I : Tastes fetched successfully
26-09-17 22:31:42 : fetchfoodtype.php : I : Food Type fetched successfully
26-09-17 22:31:42 : fetchtrendingrecipes.php : I : Trending Recipes fetched successfully
26-09-17 22:31:42 : fetchtrendingrecipes.php : I : Trending Recipes fetched successfully
26-09-17 22:31:42 : fetchcuisine.php : I : Food Cuisine fetched successfully
26-09-17 22:31:43 : fetchtrendingrecipes.php : I : Trending Recipes fetched successfully
26-09-17 22:31:43 : fetchqty.php : I : Quantity fetched successfully
26-09-17 22:31:44 : fetchtastes.php : I : Tastes fetched successfully
26-09-17 22:31:59 : fetchtrendingrecipes.php : I : Trending Recipes fetched successfully
26-09-17 22:31:59 : fetchfoodtype.php : I : Food Type fetched successfully
26-09-17 22:32:00 : fetchtrendingrecipes.php : I : Trending Recipes fetched successfully
26-09-17 22:32:00 : fetchtrendingrecipes.php : I : Trending Recipes fetched successfully
26-09-17 22:32:00 : fetchcuisine.php : I : Food Cuisine fetched successfully
26-09-17 22:32:01 : fetchqty.php : I : Quantity fetched successfully
26-09-17 22:32:01 : fetchtastes.php : I : Tastes fetched successfully
26-09-17 23:18:26 : fetchfoodtype.php : I : Food Type fetched successfully
26-09-17 23:18:26 : fetchtrendingrecipes.php : I : Trending Recipes fetched successfully
26-09-17 23:18:27 : fetchcuisine.php : I : Food Cuisine fetched successfully
26-09-17 23:18:28 : fetchtrendingrecipes.php : I : Trending Recipes fetched successfully
26-09-17 23:18:28 : fetchtrendingrecipes.php : I : Trending Recipes fetched successfully
26-09-17 23:18:28 : fetchqty.php : I : Quantity fetched successfully
26-09-17 23:18:28 : fetchtastes.php : I : Tastes fetched successfully
26-09-17 23:18:49 : config.php : I : Ingredient auto - search successully
26-09-17 23:18:49 : config.php : I : Ingredient auto - search successully
26-09-17 23:21:38 : fetchtrendingrecipes.php : I : Trending Recipes fetched successfully
26-09-17 23:21:41 : fetchfoodtype.php : I : Food Type fetched successfully
26-09-17 23:21:42 : fetchtrendingrecipes.php : I : Trending Recipes fetched successfully
26-09-17 23:21:42 : fetchcuisine.php : I : Food Cuisine fetched successfully
26-09-17 23:21:42 : fetchtrendingrecipes.php : I : Trending Recipes fetched successfully
26-09-17 23:21:43 : fetchqty.php : I : Quantity fetched successfully
26-09-17 23:21:44 : fetchtastes.php : I : Tastes fetched successfully
26-09-17 23:22:09 : config.php : I : Ingredient auto - search successully
26-09-17 23:22:09 : config.php : I : Ingredient auto - search successully
26-09-17 23:22:15 : config.php : I : Ingredient auto - search successully
26-09-17 23:22:15 : config.php : I : Ingredient auto - search successully
26-09-17 23:23:45 : fetchtrendingrecipes.php : I : Trending Recipes fetched successfully
26-09-17 23:23:45 : fetchfoodtype.php : I : Food Type fetched successfully
26-09-17 23:23:45 : fetchtrendingrecipes.php : I : Trending Recipes fetched successfully
26-09-17 23:23:45 : fetchtrendingrecipes.php : I : Trending Recipes fetched successfully
26-09-17 23:23:45 : fetchcuisine.php : I : Food Cuisine fetched successfully
26-09-17 23:23:47 : fetchqty.php : I : Quantity fetched successfully
26-09-17 23:23:48 : fetchtastes.php : I : Tastes fetched successfully
26-09-17 23:23:59 : config.php : I : Ingredient auto - search successully
26-09-17 23:24:00 : config.php : I : Ingredient auto - search successully
26-09-17 23:26:49 : fetchfoodtype.php : I : Food Type fetched successfully
26-09-17 23:26:49 : fetchtrendingrecipes.php : I : Trending Recipes fetched successfully
26-09-17 23:26:49 : fetchcuisine.php : I : Food Cuisine fetched successfully
26-09-17 23:26:50 : fetchtrendingrecipes.php : I : Trending Recipes fetched successfully
26-09-17 23:26:51 : fetchqty.php : I : Quantity fetched successfully
26-09-17 23:26:51 : fetchtastes.php : I : Tastes fetched successfully
26-09-17 23:26:51 : fetchtrendingrecipes.php : I : Trending Recipes fetched successfully
26-09-17 23:27:03 : config.php : I : Ingredient auto - search successully
26-09-17 23:27:09 : config.php : I : Ingredient auto - search successully
26-09-17 23:27:09 : config.php : I : Ingredient auto - search successully
26-09-17 23:34:10 : addrecipe.php : I : New Recipe inserted but not committed to the table with recipe id as 26
26-09-17 23:34:10 : addrecipe.php : I : Insertion in Dish table with recipe id as 26 and ingredient id as 1 but not committed
26-09-17 23:34:10 : addrecipe.php : I : Insertion in RECIPE_TASTE table with recipe id as 26 and taste id as 1 but not committed
26-09-17 23:34:10 : addrecipe.php : I : Insertion in RECIPE_TASTE table with recipe id as 26 and taste id as 2 but not committed
26-09-17 23:34:10 : addrecipe.php : I : Insertion in RECIPE_TASTE table with recipe id as 26 and taste id as 3 but not committed
26-09-17 23:34:10 : addrecipe.php : I : Insertion in RECIPE_IMG table with recipe id as 26 and image no 0
26-09-17 23:34:10 : addrecipe.php : I : Image uploaded successfully as /images/appuploads/26plus0.jpg
26-09-17 23:34:10 : addrecipe.php : I : Insertion in RECIPE_IMG table with recipe id as 26 and image no 1
26-09-17 23:34:10 : addrecipe.php : I : Image uploaded successfully as /images/appuploads/26plus1.jpg
26-09-17 23:34:10 : addrecipe.php : I : Recipe Added Successfully with Recipe Id as 26
26-09-17 23:38:53 : fetchtrendingrecipes.php : I : Trending Recipes fetched successfully
26-09-17 23:38:53 : fetchfoodtype.php : I : Food Type fetched successfully
26-09-17 23:38:53 : fetchtrendingrecipes.php : I : Trending Recipes fetched successfully
26-09-17 23:38:54 : fetchtrendingrecipes.php : I : Trending Recipes fetched successfully
26-09-17 23:38:55 : fetchcuisine.php : I : Food Cuisine fetched successfully
26-09-17 23:38:55 : fetchqty.php : I : Quantity fetched successfully
26-09-17 23:38:56 : fetchtastes.php : I : Tastes fetched successfully
26-09-17 23:41:46 : fetchtrendingrecipes.php : I : Trending Recipes fetched successfully
26-09-17 23:41:47 : fetchtrendingrecipes.php : I : Trending Recipes fetched successfully
26-09-17 23:41:51 : fetchtrendingrecipes.php : I : Trending Recipes fetched successfully
26-09-17 23:41:55 : fetchfoodtype.php : I : Food Type fetched successfully
26-09-17 23:41:55 : fetchcuisine.php : I : Food Cuisine fetched successfully
26-09-17 23:41:55 : fetchqty.php : I : Quantity fetched successfully
26-09-17 23:41:57 : fetchtastes.php : I : Tastes fetched successfully
26-09-17 23:42:08 : getrecipedetails.php : I : Recipe data fetched successfully
26-09-17 23:42:08 : getrecipedetails.php : I : Ingredient data fetched successfully
26-09-17 23:42:08 : getrecipedetails.php : I : Recipe images fetched successfully
26-09-17 23:45:52 : fetchtrendingrecipes.php : I : Trending Recipes fetched successfully
26-09-17 23:45:53 : fetchtrendingrecipes.php : I : Trending Recipes fetched successfully
26-09-17 23:45:53 : fetchtrendingrecipes.php : I : Trending Recipes fetched successfully
26-09-17 23:45:58 : fetchfoodtype.php : I : Food Type fetched successfully
26-09-17 23:46:01 : fetchcuisine.php : I : Food Cuisine fetched successfully
26-09-17 23:46:01 : fetchqty.php : I : Quantity fetched successfully
26-09-17 23:46:01 : fetchtastes.php : I : Tastes fetched successfully
26-09-17 23:55:17 : fetchtrendingrecipes.php : I : Trending Recipes fetched successfully
26-09-17 23:55:17 : fetchfoodtype.php : I : Food Type fetched successfully
26-09-17 23:55:18 : fetchtrendingrecipes.php : I : Trending Recipes fetched successfully
26-09-17 23:55:18 : fetchcuisine.php : I : Food Cuisine fetched successfully
26-09-17 23:55:18 : fetchqty.php : I : Quantity fetched successfully
26-09-17 23:55:18 : fetchtrendingrecipes.php : I : Trending Recipes fetched successfully
26-09-17 23:55:18 : fetchtastes.php : I : Tastes fetched successfully
26-09-17 23:55:34 : config.php : I : Ingredient auto - search successully
26-09-17 23:55:34 : config.php : I : Ingredient auto - search successully
26-09-17 23:55:56 : addrecipe.php : I : New Recipe inserted but not committed to the table with recipe id as 27
26-09-17 23:55:56 : addrecipe.php : I : Insertion in Dish table with recipe id as 27 and ingredient id as 1 but not committed
26-09-17 23:55:56 : addrecipe.php : I : Insertion in RECIPE_TASTE table with recipe id as 27 and taste id as 1 but not committed
26-09-17 23:55:56 : addrecipe.php : I : Insertion in RECIPE_TASTE table with recipe id as 27 and taste id as 2 but not committed
26-09-17 23:55:56 : addrecipe.php : I : Insertion in RECIPE_TASTE table with recipe id as 27 and taste id as 3 but not committed
26-09-17 23:55:56 : addrecipe.php : I : Insertion in RECIPE_IMG table with recipe id as 27 and image no 0
26-09-17 23:55:56 : addrecipe.php : I : Image uploaded successfully as /images/appuploads/27plus0.jpg
26-09-17 23:55:56 : addrecipe.php : I : Recipe Added Successfully with Recipe Id as 27
26-09-17 23:56:02 : getrecipedetails.php : I : Recipe data fetched successfully
26-09-17 23:56:02 : getrecipedetails.php : I : Ingredient data fetched successfully
26-09-17 23:56:02 : getrecipedetails.php : I : Recipe images fetched successfully
26-09-17 23:57:10 : fetchtrendingrecipes.php : I : Trending Recipes fetched successfully
26-09-17 23:57:10 : fetchfoodtype.php : I : Food Type fetched successfully
26-09-17 23:57:10 : fetchtrendingrecipes.php : I : Trending Recipes fetched successfully
26-09-17 23:57:10 : fetchcuisine.php : I : Food Cuisine fetched successfully
26-09-17 23:57:10 : fetchqty.php : I : Quantity fetched successfully
26-09-17 23:57:10 : fetchtrendingrecipes.php : I : Trending Recipes fetched successfully
26-09-17 23:57:11 : fetchtastes.php : I : Tastes fetched successfully
27-09-17 00:02:06 : fetchtrendingrecipes.php : I : Trending Recipes fetched successfully
27-09-17 00:02:06 : fetchfoodtype.php : I : Food Type fetched successfully
27-09-17 00:02:06 : fetchcuisine.php : I : Food Cuisine fetched successfully
27-09-17 00:02:07 : fetchtrendingrecipes.php : I : Trending Recipes fetched successfully
27-09-17 00:02:07 : fetchqty.php : I : Quantity fetched successfully
27-09-17 00:02:07 : fetchtrendingrecipes.php : I : Trending Recipes fetched successfully
27-09-17 00:02:07 : fetchtastes.php : I : Tastes fetched successfully
27-09-17 00:02:21 : getrecipedetails.php : I : Recipe data fetched successfully
27-09-17 00:02:48 : fetchtrendingrecipes.php : I : Trending Recipes fetched successfully
27-09-17 00:02:48 : fetchfoodtype.php : I : Food Type fetched successfully
27-09-17 00:02:49 : fetchcuisine.php : I : Food Cuisine fetched successfully
27-09-17 00:02:55 : fetchtrendingrecipes.php : I : Trending Recipes fetched successfully
27-09-17 00:03:05 : fetchtrendingrecipes.php : I : Trending Recipes fetched successfully
27-09-17 00:03:05 : fetchqty.php : I : Quantity fetched successfully
27-09-17 00:03:05 : fetchtastes.php : I : Tastes fetched successfully
27-09-17 00:03:23 : fetchfoodtype.php : I : Food Type fetched successfully
27-09-17 00:03:23 : fetchtrendingrecipes.php : I : Trending Recipes fetched successfully
27-09-17 00:03:23 : fetchcuisine.php : I : Food Cuisine fetched successfully
27-09-17 00:03:23 : fetchtrendingrecipes.php : I : Trending Recipes fetched successfully
27-09-17 00:03:24 : fetchtrendingrecipes.php : I : Trending Recipes fetched successfully
27-09-17 00:03:24 : fetchqty.php : I : Quantity fetched successfully
27-09-17 00:03:24 : fetchtrendingrecipes.php : I : Trending Recipes fetched successfully
27-09-17 00:03:24 : fetchtastes.php : I : Tastes fetched successfully
27-09-17 00:04:36 : fetchfoodtype.php : I : Food Type fetched successfully
27-09-17 00:04:36 : fetchtrendingrecipes.php : I : Trending Recipes fetched successfully
27-09-17 00:04:37 : fetchcuisine.php : I : Food Cuisine fetched successfully
27-09-17 00:04:38 : fetchtrendingrecipes.php : I : Trending Recipes fetched successfully
27-09-17 00:04:38 : fetchqty.php : I : Quantity fetched successfully
27-09-17 00:04:39 : fetchtastes.php : I : Tastes fetched successfully
27-09-17 00:04:41 : fetchtrendingrecipes.php : I : Trending Recipes fetched successfully
27-09-17 00:05:19 : fetchtrendingrecipes.php : I : Trending Recipes fetched successfully
27-09-17 00:06:46 : fetchtrendingrecipes.php : I : Trending Recipes fetched successfully
27-09-17 00:06:46 : fetchfoodtype.php : I : Food Type fetched successfully
27-09-17 00:06:47 : fetchcuisine.php : I : Food Cuisine fetched successfully
27-09-17 00:06:48 : fetchqty.php : I : Quantity fetched successfully
27-09-17 00:06:49 : fetchtastes.php : I : Tastes fetched successfully
27-09-17 00:06:49 : fetchtrendingrecipes.php : I : Trending Recipes fetched successfully
27-09-17 00:06:51 : fetchtrendingrecipes.php : I : Trending Recipes fetched successfully
27-09-17 00:07:02 : fetchtrendingrecipes.php : I : Trending Recipes fetched successfully
27-09-17 00:08:32 : fetchfoodtype.php : I : Food Type fetched successfully
27-09-17 00:08:32 : fetchtrendingrecipes.php : I : Trending Recipes fetched successfully
27-09-17 00:08:32 : fetchcuisine.php : I : Food Cuisine fetched successfully
27-09-17 00:08:33 : fetchqty.php : I : Quantity fetched successfully
27-09-17 00:08:34 : fetchtrendingrecipes.php : I : Trending Recipes fetched successfully
27-09-17 00:08:34 : fetchtastes.php : I : Tastes fetched successfully
27-09-17 00:08:35 : fetchtrendingrecipes.php : I : Trending Recipes fetched successfully
27-09-17 00:08:47 : fetchtrendingrecipes.php : I : Trending Recipes fetched successfully
27-09-17 00:10:47 : fetchfoodtype.php : I : Food Type fetched successfully
27-09-17 00:10:47 : fetchtrendingrecipes.php : I : Trending Recipes fetched successfully
27-09-17 00:10:48 : fetchcuisine.php : I : Food Cuisine fetched successfully
27-09-17 00:10:49 : fetchqty.php : I : Quantity fetched successfully
27-09-17 00:10:49 : fetchtastes.php : I : Tastes fetched successfully
27-09-17 00:10:49 : fetchtrendingrecipes.php : I : Trending Recipes fetched successfully
27-09-17 00:10:51 : fetchtrendingrecipes.php : I : Trending Recipes fetched successfully
27-09-17 00:16:42 : fetchfoodtype.php : I : Food Type fetched successfully
27-09-17 00:16:42 : fetchtrendingrecipes.php : I : Trending Recipes fetched successfully
27-09-17 00:16:42 : fetchcuisine.php : I : Food Cuisine fetched successfully
27-09-17 00:16:43 : fetchqty.php : I : Quantity fetched successfully
27-09-17 00:16:44 : fetchtastes.php : I : Tastes fetched successfully
27-09-17 00:16:44 : fetchtrendingrecipes.php : I : Trending Recipes fetched successfully
27-09-17 00:16:46 : fetchtrendingrecipes.php : I : Trending Recipes fetched successfully
27-09-17 00:17:04 : fetchtrendingrecipes.php : I : Trending Recipes fetched successfully
27-09-17 00:21:18 : fetchtrendingrecipes.php : I : Trending Recipes fetched successfully
27-09-17 00:21:18 : fetchfoodtype.php : I : Food Type fetched successfully
27-09-17 00:21:18 : fetchcuisine.php : I : Food Cuisine fetched successfully
27-09-17 00:21:19 : fetchqty.php : I : Quantity fetched successfully
27-09-17 00:21:20 : fetchtastes.php : I : Tastes fetched successfully
27-09-17 00:21:20 : fetchtrendingrecipes.php : I : Trending Recipes fetched successfully
27-09-17 00:21:22 : fetchtrendingrecipes.php : I : Trending Recipes fetched successfully
27-09-17 00:21:29 : fetchtrendingrecipes.php : I : Trending Recipes fetched successfully
27-09-17 00:30:04 : fetchtrendingrecipes.php : I : Trending Recipes fetched successfully
27-09-17 00:30:04 : fetchfoodtype.php : I : Food Type fetched successfully
27-09-17 00:30:04 : fetchcuisine.php : I : Food Cuisine fetched successfully
27-09-17 00:30:05 : fetchqty.php : I : Quantity fetched successfully
27-09-17 00:30:05 : fetchtastes.php : I : Tastes fetched successfully
27-09-17 00:30:06 : fetchtrendingrecipes.php : I : Trending Recipes fetched successfully
27-09-17 00:30:07 : fetchtrendingrecipes.php : I : Trending Recipes fetched successfully
27-09-17 00:30:11 : mastersearch.php : I : Recipe data fetched successfully
27-09-17 00:30:13 : fetchtrendingrecipes.php : I : Trending Recipes fetched successfully
