[v0.1] : 07-11-17 00:25:45 : fetchusertimeline.php : I : -------------fetchusertimeline.php-------------
[v0.1] : 07-11-17 00:25:45 : fetchusertimeline.php : I : REQUEST PARAM : user_id(1)
[v0.1] : 07-11-17 00:25:45 : fetchusertimeline.php : I : REQUEST PARAM : index(0)
[v0.1] : 07-11-17 00:25:45 : fetchusertimeline.php : I : -------------fetchusertimeline.php-------------
[v0.1] : 07-11-17 00:25:54 : fetchuserrecipes.php : I : -------------fetchuserrecipes.php-------------
[v0.1] : 07-11-17 00:25:54 : fetchuserrecipes.php : I : REQUEST PARAM : user_id(1)
[v0.1] : 07-11-17 00:26:03 : fetchuserfavrecipes.php : I : -------------fetchuserfavrecipes.php-------------
[v0.1] : 07-11-17 00:26:03 : fetchuserfavrecipes.php : I : REQUEST PARAM : user_id(1)
[v0.1] : 07-11-17 00:26:03 : fetchuserfavrecipes.php : I : Total Recipes fetched : 1
[v0.1] : 07-11-17 00:26:03 : fetchuserfavrecipes.php : I : -------------fetchuserfavrecipes.php-------------
[v0.1] : 07-11-17 00:26:04 : fetchuserviewedrecipes.php : I : REQUEST PARAM : user_id(1)
[v0.1] : 07-11-17 00:26:05 : fetchuserviewedrecipes.php : I : Total Recipes fetched : 2
[v0.1] : 07-11-17 00:26:05 : fetchuserviewedrecipes.php : I : -------------fetchuserviewedrecipes.php-------------
[v0.1] : 07-11-17 00:26:06 : fetchuserreviewedrecipes.php : I : -------------fetchuserreviewedrecipes.php-------------
[v0.1] : 07-11-17 00:26:06 : fetchuserreviewedrecipes.php : I : REQUEST PARAM : user_id(1)
[v0.1] : 07-11-17 00:26:06 : fetchuserrecipes.php : I : Total Recipes fetched : 31
[v0.1] : 07-11-17 00:26:06 : fetchuserrecipes.php : I : -------------fetchuserrecipes.php-------------
[v0.1] : 07-11-17 00:26:07 : fetchuserreviewedrecipes.php : I : Total Recipes fetched : 1
[v0.1] : 07-11-17 00:26:07 : fetchuserreviewedrecipes.php : I : -------------fetchuserreviewedrecipes.php-------------
[v0.1] : 07-11-17 00:27:26 : fetchrecipedetails.php : I : -------------fetchrecipedetails.php-------------
[v0.1] : 07-11-17 00:34:20 : fetchusertimeline.php : I : -------------fetchusertimeline.php-------------
[v0.1] : 07-11-17 00:34:20 : fetchusertimeline.php : I : REQUEST PARAM : user_id(1)
[v0.1] : 07-11-17 00:34:20 : fetchusertimeline.php : I : REQUEST PARAM : index(0)
[v0.1] : 07-11-17 00:34:20 : fetchusertimeline.php : I : -------------fetchusertimeline.php-------------
[v0.1] : 07-11-17 00:34:28 : fetchuserrecipesreviews.php : I : -------------fetchuserrecipesreviews.php-------------
[v0.1] : 07-11-17 00:34:28 : fetchuserrecipesreviews.php : I : REQUEST PARAM : user_id(1)
[v0.1] : 07-11-17 00:34:28 : fetchuserrecipesreviews.php : I : Total Recipes Reviews fetched : 1
[v0.1] : 07-11-17 00:34:28 : fetchuserrecipesreviews.php : I : -------------fetchuserrecipesreviews.php-------------
[v0.1] : 07-11-17 00:34:59 : fetchuserrecipes.php : I : -------------fetchuserrecipes.php-------------
[v0.1] : 07-11-17 00:34:59 : fetchuserrecipes.php : I : REQUEST PARAM : user_id(1)
[v0.1] : 07-11-17 00:35:11 : fetchuserrecipes.php : I : Total Recipes fetched : 31
[v0.1] : 07-11-17 00:35:11 : fetchuserrecipes.php : I : -------------fetchuserrecipes.php-------------
[v0.1] : 07-11-17 00:36:18 : fetchuserrecipes.php : I : -------------fetchuserrecipes.php-------------
[v0.1] : 07-11-17 00:36:18 : fetchuserrecipes.php : I : REQUEST PARAM : user_id(1)
[v0.1] : 07-11-17 00:36:30 : fetchuserrecipes.php : I : Total Recipes fetched : 31
[v0.1] : 07-11-17 00:36:30 : fetchuserrecipes.php : I : -------------fetchuserrecipes.php-------------
[v0.1] : 07-11-17 00:36:49 : fetchuserrecipesreviews.php : I : -------------fetchuserrecipesreviews.php-------------
[v0.1] : 07-11-17 00:36:49 : fetchuserrecipesreviews.php : I : REQUEST PARAM : user_id(1)
[v0.1] : 07-11-17 00:36:50 : fetchuserrecipesreviews.php : I : Total Recipes Reviews fetched : 1
[v0.1] : 07-11-17 00:36:50 : fetchuserrecipesreviews.php : I : -------------fetchuserrecipesreviews.php-------------
[v0.1] : 07-11-17 00:36:57 : fetchrecipedetails.php : I : -------------fetchrecipedetails.php-------------
[v0.1] : 07-11-17 00:37:18 : fetchrecipedetails.php : I : -------------fetchrecipedetails.php-------------
[v0.1] : 07-11-17 00:37:27 : fetchrecipedetails.php : I : -------------fetchrecipedetails.php-------------
[v0.1] : 07-11-17 00:37:36 : fetchrecipedetails.php : I : -------------fetchrecipedetails.php-------------
[v0.1] : 07-11-17 00:38:15 : fetchrecipedetails.php : I : -------------fetchrecipedetails.php-------------
[v0.1] : 07-11-17 00:43:36 : fetchrecipedetails.php : I : -------------fetchrecipedetails.php-------------
[v0.1] : 07-11-17 00:43:37 : fetchrecipedetails.php : I : -------------fetchrecipedetails.php-------------
[v0.1] : 07-11-17 00:43:39 : fetchrecipedetails.php : I : -------------fetchrecipedetails.php-------------
[v0.1] : 07-11-17 00:43:40 : fetchrecipedetails.php : I : -------------fetchrecipedetails.php-------------
[v0.1] : 07-11-17 00:43:51 : fetchrecipedetails.php : I : -------------fetchrecipedetails.php-------------
[v0.1] : 07-11-17 00:45:56 : fetchrecipedetails.php : I : -------------fetchrecipedetails.php-------------
[v0.1] : 07-11-17 00:46:45 : fetchrecipedetails.php : I : -------------fetchrecipedetails.php-------------
[v0.1] : 07-11-17 00:47:13 : fetchrecipedetails.php : I : -------------fetchrecipedetails.php-------------
[v0.1] : 07-11-17 00:47:33 : fetchrecipedetails.php : I : -------------fetchrecipedetails.php-------------
[v0.1] : 07-11-17 00:49:01 : fetchrecipedetails.php : I : -------------fetchrecipedetails.php-------------
[v0.1] : 07-11-17 00:49:01 : fetchrecipedetails.php : I : -------------fetchrecipedetails.php-------------
[v0.1] : 07-11-17 00:49:27 : fetchrecipedetails.php : I : -------------fetchrecipedetails.php-------------
[v0.1] : 07-11-17 00:49:28 : fetchrecipedetails.php : I : -------------fetchrecipedetails.php-------------
[v0.1] : 07-11-17 00:49:56 : fetchrecipedetails.php : I : -------------fetchrecipedetails.php-------------
[v0.1] : 07-11-17 00:49:57 : fetchrecipedetails.php : I : -------------fetchrecipedetails.php-------------
[v0.1] : 07-11-17 00:50:03 : fetchrecipedetails.php : I : -------------fetchrecipedetails.php-------------
[v0.1] : 07-11-17 00:50:04 : fetchrecipedetails.php : I : -------------fetchrecipedetails.php-------------
[v0.1] : 07-11-17 00:51:45 : fetchrecipereview.php : I : -------------fetchrecipereview.php-------------
[v0.1] : 07-11-17 00:51:45 : fetchrecipereview.php : I : REQUEST PARAM : rcp_id(50)
[v0.1] : 07-11-17 00:51:45 : fetchrecipereview.php : I : REQUEST PARAM : user_id(1)
[v0.1] : 07-11-17 00:51:45 : fetchrecipereview.php : I : -------------fetchrecipereview.php-------------
[v0.1] : 07-11-17 00:52:08 : submitlike.php : I : -------------submitlike.php-------------
[v0.1] : 07-11-17 00:52:08 : submitlike.php : I : REQUEST PARAM : user_id(1)
[v0.1] : 07-11-17 00:52:08 : submitlike.php : I : REQUEST PARAM : type(RECIPE)
[v0.1] : 07-11-17 00:52:08 : submitlike.php : I : REQUEST PARAM : type_id(50)
[v0.1] : 07-11-17 00:52:08 : submitlike.php : I : -------------submitlike.php-------------
[v0.1] : 07-11-17 00:52:08 : submitlike.php : I : REQUEST PARAM : user_id(1)
[v0.1] : 07-11-17 00:52:08 : submitlike.php : I : REQUEST PARAM : type(RECIPE)
[v0.1] : 07-11-17 00:52:08 : submitlike.php : I : REQUEST PARAM : type_id(50)
[v0.1] : 07-11-17 00:52:08 : submitlike.php : I : The user(1) has not yet liked the type(RECIPE) with type id(50). So liking it
[v0.1] : 07-11-17 00:52:08 : submitlike.php : I : The user(1) has not yet liked the type(RECIPE) with type id(50). So liking it
[v0.1] : 07-11-17 00:52:08 : submitlike.php : I : The user(1) has liked the type(RECIPE) with type id(50) successfully.
[v0.1] : 07-11-17 00:52:08 : submitlike.php : I : The user(1) has liked the type(RECIPE) with type id(50) successfully.
[v0.1] : 07-11-17 00:52:08 : registerusertimeline.php : I : 
[v0.1] : 07-11-17 00:52:08 : registerusertimeline.php : I : -------------registerusertimeline.php-------------
[v0.1] : 07-11-17 00:52:08 : registerusertimeline.php : I : 
[v0.1] : 07-11-17 00:52:08 : registerusertimeline.php : I : -------------registerusertimeline.php-------------
[v0.1] : 07-11-17 00:52:08 : registerusertimeline.php : I : The user(1) for the type(RECIPE) with type id(50) has liked ? 
[v0.1] : 07-11-17 00:52:08 : registerusertimeline.php : I : The user(1) for the type(RECIPE) with type id(50) has liked ? 
[v0.1] : 07-11-17 00:52:08 : registerusertimeline.php : I : The type(RECIPE) with type id(50) has been liked 0 times
[v0.1] : 07-11-17 00:52:08 : registerusertimeline.php : I : The type(RECIPE) with type id(50) has been liked 0 times
[v0.1] : 07-11-17 00:52:08 : registerusertimeline.php : I : -------------registerusertimeline.php-------------
[v0.1] : 07-11-17 00:52:08 : registerusertimeline.php : I : -------------registerusertimeline.php-------------
[v0.1] : 07-11-17 00:52:22 : fetchrecipedetails.php : I : -------------fetchrecipedetails.php-------------
[v0.1] : 07-11-17 00:52:22 : fetchrecipedetails.php : I : -------------fetchrecipedetails.php-------------
[v0.1] : 07-11-17 00:55:06 : fetchrecipedetails.php : I : -------------fetchrecipedetails.php-------------
[v0.1] : 07-11-17 00:55:06 : fetchrecipedetails.php : I : -------------fetchrecipedetails.php-------------
[v0.1] : 07-11-17 00:55:09 : fetchrecipereview.php : I : -------------fetchrecipereview.php-------------
[v0.1] : 07-11-17 00:55:09 : fetchrecipereview.php : I : REQUEST PARAM : rcp_id(50)
[v0.1] : 07-11-17 00:55:09 : fetchrecipereview.php : I : REQUEST PARAM : user_id(1)
[v0.1] : 07-11-17 00:55:09 : fetchrecipereview.php : I : -------------fetchrecipereview.php-------------
[v0.1] : 07-11-17 00:55:29 : submitlike.php : I : -------------submitlike.php-------------
[v0.1] : 07-11-17 00:55:29 : submitlike.php : I : REQUEST PARAM : user_id(1)
[v0.1] : 07-11-17 00:55:29 : submitlike.php : I : REQUEST PARAM : type(RECIPE)
[v0.1] : 07-11-17 00:55:29 : submitlike.php : I : REQUEST PARAM : type_id(50)
[v0.1] : 07-11-17 00:55:30 : submitlike.php : I : The user(1) has not yet liked the type(RECIPE) with type id(50). So liking it
[v0.1] : 07-11-17 00:55:30 : submitlike.php : I : The user(1) has liked the type(RECIPE) with type id(50) successfully.
[v0.1] : 07-11-17 00:55:30 : registerusertimeline.php : I : 
[v0.1] : 07-11-17 00:55:30 : registerusertimeline.php : I : -------------registerusertimeline.php-------------
[v0.1] : 07-11-17 00:55:30 : registerusertimeline.php : I : The user(1) for the type(RECIPE) with type id(50) has liked ? 
[v0.1] : 07-11-17 00:55:30 : registerusertimeline.php : I : The type(RECIPE) with type id(50) has been liked 0 times
[v0.1] : 07-11-17 00:55:30 : registerusertimeline.php : I : -------------registerusertimeline.php-------------
[v0.1] : 07-11-17 00:55:30 : submitlike.php : I : -------------submitlike.php-------------
[v0.1] : 07-11-17 00:55:30 : submitlike.php : I : REQUEST PARAM : user_id(1)
[v0.1] : 07-11-17 00:55:30 : submitlike.php : I : REQUEST PARAM : type(RECIPE)
[v0.1] : 07-11-17 00:55:30 : submitlike.php : I : REQUEST PARAM : type_id(50)
[v0.1] : 07-11-17 00:55:31 : submitlike.php : I : The user(1) has not yet liked the type(RECIPE) with type id(50). So liking it
[v0.1] : 07-11-17 00:55:31 : submitlike.php : I : The user(1) has liked the type(RECIPE) with type id(50) successfully.
[v0.1] : 07-11-17 00:55:31 : registerusertimeline.php : I : 
[v0.1] : 07-11-17 00:55:31 : registerusertimeline.php : I : -------------registerusertimeline.php-------------
[v0.1] : 07-11-17 00:55:31 : submitlike.php : I : -------------submitlike.php-------------
[v0.1] : 07-11-17 00:55:31 : submitlike.php : I : REQUEST PARAM : user_id(1)
[v0.1] : 07-11-17 00:55:31 : submitlike.php : I : REQUEST PARAM : type(RECIPE)
[v0.1] : 07-11-17 00:55:31 : submitlike.php : I : REQUEST PARAM : type_id(50)
[v0.1] : 07-11-17 00:55:31 : registerusertimeline.php : I : The user(1) for the type(RECIPE) with type id(50) has liked ? 
[v0.1] : 07-11-17 00:55:31 : submitlike.php : I : The user(1) has not yet liked the type(RECIPE) with type id(50). So liking it
[v0.1] : 07-11-17 00:55:31 : submitlike.php : I : The user(1) has liked the type(RECIPE) with type id(50) successfully.
[v0.1] : 07-11-17 00:55:31 : registerusertimeline.php : I : The type(RECIPE) with type id(50) has been liked 0 times
[v0.1] : 07-11-17 00:55:31 : registerusertimeline.php : I : -------------registerusertimeline.php-------------
[v0.1] : 07-11-17 00:55:31 : registerusertimeline.php : I : 
[v0.1] : 07-11-17 00:55:31 : registerusertimeline.php : I : -------------registerusertimeline.php-------------
[v0.1] : 07-11-17 00:55:31 : registerusertimeline.php : I : The user(1) for the type(RECIPE) with type id(50) has liked ? 
[v0.1] : 07-11-17 00:55:31 : registerusertimeline.php : I : The type(RECIPE) with type id(50) has been liked 0 times
[v0.1] : 07-11-17 00:55:31 : registerusertimeline.php : I : -------------registerusertimeline.php-------------
[v0.1] : 07-11-17 00:56:04 : fetchusertimeline.php : I : -------------fetchusertimeline.php-------------
[v0.1] : 07-11-17 00:56:04 : fetchusertimeline.php : I : REQUEST PARAM : user_id(1)
[v0.1] : 07-11-17 00:56:04 : fetchusertimeline.php : I : REQUEST PARAM : index(0)
[v0.1] : 07-11-17 00:56:04 : fetchusertimeline.php : I : -------------fetchusertimeline.php-------------
[v0.1] : 07-11-17 00:57:39 : fetchusertimeline.php : I : -------------fetchusertimeline.php-------------
[v0.1] : 07-11-17 00:57:39 : fetchusertimeline.php : I : REQUEST PARAM : user_id(1)
[v0.1] : 07-11-17 00:57:39 : fetchusertimeline.php : I : REQUEST PARAM : index(0)
[v0.1] : 07-11-17 00:57:39 : fetchusertimeline.php : I : -------------fetchusertimeline.php-------------
[v0.1] : 07-11-17 00:59:46 : fetchusertimeline.php : I : -------------fetchusertimeline.php-------------
[v0.1] : 07-11-17 00:59:46 : fetchusertimeline.php : I : REQUEST PARAM : user_id(1)
[v0.1] : 07-11-17 00:59:46 : fetchusertimeline.php : I : REQUEST PARAM : index(0)
[v0.1] : 07-11-17 00:59:46 : fetchusertimeline.php : I : -------------fetchusertimeline.php-------------
[v0.1] : 07-11-17 01:00:20 : fetchusertimeline.php : I : -------------fetchusertimeline.php-------------
[v0.1] : 07-11-17 01:00:20 : fetchusertimeline.php : I : REQUEST PARAM : user_id(1)
[v0.1] : 07-11-17 01:00:20 : fetchusertimeline.php : I : REQUEST PARAM : index(1)
[v0.1] : 07-11-17 01:00:20 : fetchusertimeline.php : I : -------------fetchusertimeline.php-------------
[v0.1] : 07-11-17 01:00:22 : fetchusertimeline.php : I : -------------fetchusertimeline.php-------------
[v0.1] : 07-11-17 01:00:22 : fetchusertimeline.php : I : REQUEST PARAM : user_id(1)
[v0.1] : 07-11-17 01:00:22 : fetchusertimeline.php : I : REQUEST PARAM : index(1)
[v0.1] : 07-11-17 01:00:22 : fetchusertimeline.php : I : -------------fetchusertimeline.php-------------
[v0.1] : 07-11-17 01:00:24 : fetchusertimeline.php : I : -------------fetchusertimeline.php-------------
[v0.1] : 07-11-17 01:00:24 : fetchusertimeline.php : I : REQUEST PARAM : user_id(1)
[v0.1] : 07-11-17 01:00:24 : fetchusertimeline.php : I : REQUEST PARAM : index(1)
[v0.1] : 07-11-17 01:00:24 : fetchusertimeline.php : I : -------------fetchusertimeline.php-------------
[v0.1] : 07-11-17 01:00:27 : fetchusertimeline.php : I : -------------fetchusertimeline.php-------------
[v0.1] : 07-11-17 01:00:27 : fetchusertimeline.php : I : REQUEST PARAM : user_id(1)
[v0.1] : 07-11-17 01:00:27 : fetchusertimeline.php : I : REQUEST PARAM : index(1)
[v0.1] : 07-11-17 01:00:28 : fetchusertimeline.php : I : -------------fetchusertimeline.php-------------
[v0.1] : 07-11-17 01:00:30 : fetchusertimeline.php : I : -------------fetchusertimeline.php-------------
[v0.1] : 07-11-17 01:00:30 : fetchusertimeline.php : I : REQUEST PARAM : user_id(1)
[v0.1] : 07-11-17 01:00:30 : fetchusertimeline.php : I : REQUEST PARAM : index(1)
[v0.1] : 07-11-17 01:00:31 : fetchusertimeline.php : I : -------------fetchusertimeline.php-------------
[v0.1] : 07-11-17 01:00:46 : fetchuserrecipesreviews.php : I : -------------fetchuserrecipesreviews.php-------------
[v0.1] : 07-11-17 01:00:46 : fetchuserrecipesreviews.php : I : REQUEST PARAM : user_id(1)
[v0.1] : 07-11-17 01:00:46 : fetchuserrecipesreviews.php : I : Total Recipes Reviews fetched : 1
[v0.1] : 07-11-17 01:00:46 : fetchuserrecipesreviews.php : I : -------------fetchuserrecipesreviews.php-------------
[v0.1] : 07-11-17 01:02:08 : fetchusertimeline.php : I : -------------fetchusertimeline.php-------------
[v0.1] : 07-11-17 01:02:08 : fetchusertimeline.php : I : REQUEST PARAM : user_id(1)
[v0.1] : 07-11-17 01:02:08 : fetchusertimeline.php : I : REQUEST PARAM : index(0)
[v0.1] : 07-11-17 01:02:08 : fetchusertimeline.php : I : -------------fetchusertimeline.php-------------
[v0.1] : 07-11-17 01:02:48 : fetchuserrecipes.php : I : -------------fetchuserrecipes.php-------------
[v0.1] : 07-11-17 01:02:48 : fetchuserrecipes.php : I : REQUEST PARAM : user_id(1)
[v0.1] : 07-11-17 01:03:00 : fetchuserrecipes.php : I : Total Recipes fetched : 31
[v0.1] : 07-11-17 01:03:00 : fetchuserrecipes.php : I : -------------fetchuserrecipes.php-------------
[v0.1] : 07-11-17 01:03:37 : fetchrecipedetails.php : I : -------------fetchrecipedetails.php-------------
[v0.1] : 07-11-17 01:03:38 : fetchrecipedetails.php : I : -------------fetchrecipedetails.php-------------
[v0.1] : 07-11-17 01:05:47 : fetchusertimeline.php : I : -------------fetchusertimeline.php-------------
[v0.1] : 07-11-17 01:05:47 : fetchusertimeline.php : I : REQUEST PARAM : user_id()
[v0.1] : 07-11-17 01:05:47 : fetchusertimeline.php : I : REQUEST PARAM : index()
[v0.1] : 07-11-17 01:07:32 : fetchrecipedetails.php : I : -------------fetchrecipedetails.php-------------
[v0.1] : 07-11-17 01:07:33 : fetchrecipedetails.php : I : -------------fetchrecipedetails.php-------------
[v0.1] : 07-11-17 01:07:37 : submitlike.php : I : -------------submitlike.php-------------
[v0.1] : 07-11-17 01:07:37 : submitlike.php : I : REQUEST PARAM : user_id(1)
[v0.1] : 07-11-17 01:07:37 : submitlike.php : I : REQUEST PARAM : type(RECIPE)
[v0.1] : 07-11-17 01:07:37 : submitlike.php : I : REQUEST PARAM : type_id(50)
[v0.1] : 07-11-17 01:07:37 : submitlike.php : I : The user(1) has not yet liked the type(RECIPE) with type id(50). So liking it
[v0.1] : 07-11-17 01:07:37 : submitlike.php : I : The user(1) has liked the type(RECIPE) with type id(50) successfully.
[v0.1] : 07-11-17 01:07:37 : registerusertimeline.php : I : 
[v0.1] : 07-11-17 01:07:37 : registerusertimeline.php : I : -------------registerusertimeline.php-------------
[v0.1] : 07-11-17 01:07:37 : registerusertimeline.php : I : The user(1) for the type(RECIPE) with type id(50) has liked ? 
[v0.1] : 07-11-17 01:07:37 : registerusertimeline.php : I : The type(RECIPE) with type id(50) has been liked 0 times
[v0.1] : 07-11-17 01:07:37 : registerusertimeline.php : I : -------------registerusertimeline.php-------------
[v0.1] : 07-11-17 01:09:21 : fetchrecipedetails.php : I : -------------fetchrecipedetails.php-------------
[v0.1] : 07-11-17 01:09:22 : fetchrecipedetails.php : I : -------------fetchrecipedetails.php-------------
[v0.1] : 07-11-17 01:09:27 : submitlike.php : I : -------------submitlike.php-------------
[v0.1] : 07-11-17 01:09:27 : submitlike.php : I : REQUEST PARAM : user_id(1)
[v0.1] : 07-11-17 01:09:27 : submitlike.php : I : REQUEST PARAM : type(RECIPE)
[v0.1] : 07-11-17 01:09:27 : submitlike.php : I : REQUEST PARAM : type_id(50)
[v0.1] : 07-11-17 01:09:27 : submitlike.php : I : The user(1) has not yet liked the type(RECIPE) with type id(50). So liking it
[v0.1] : 07-11-17 01:09:27 : submitlike.php : I : The user(1) has liked the type(RECIPE) with type id(50) successfully.
[v0.1] : 07-11-17 01:09:27 : registerusertimeline.php : I : 
[v0.1] : 07-11-17 01:09:27 : registerusertimeline.php : I : -------------registerusertimeline.php-------------
[v0.1] : 07-11-17 01:09:27 : registerusertimeline.php : I : The user(1) for the type(RECIPE) with type id(50) has liked ? 
[v0.1] : 07-11-17 01:09:27 : registerusertimeline.php : I : The type(RECIPE) with type id(50) has been liked 0 times
[v0.1] : 07-11-17 01:09:27 : registerusertimeline.php : I : -------------registerusertimeline.php-------------
[v0.1] : 07-11-17 01:09:33 : submitlike.php : I : -------------submitlike.php-------------
[v0.1] : 07-11-17 01:09:33 : submitlike.php : I : REQUEST PARAM : user_id(1)
[v0.1] : 07-11-17 01:09:33 : submitlike.php : I : REQUEST PARAM : type(RECIPE)
[v0.1] : 07-11-17 01:09:33 : submitlike.php : I : REQUEST PARAM : type_id(50)
[v0.1] : 07-11-17 01:09:33 : submitlike.php : I : The user(1) has not yet liked the type(RECIPE) with type id(50). So liking it
[v0.1] : 07-11-17 01:09:33 : submitlike.php : I : The user(1) has liked the type(RECIPE) with type id(50) successfully.
[v0.1] : 07-11-17 01:09:34 : registerusertimeline.php : I : 
[v0.1] : 07-11-17 01:09:34 : registerusertimeline.php : I : -------------registerusertimeline.php-------------
[v0.1] : 07-11-17 01:09:34 : registerusertimeline.php : I : The user(1) for the type(RECIPE) with type id(50) has liked ? 
[v0.1] : 07-11-17 01:09:34 : registerusertimeline.php : I : The type(RECIPE) with type id(50) has been liked 0 times
[v0.1] : 07-11-17 01:09:34 : registerusertimeline.php : I : -------------registerusertimeline.php-------------
[v0.1] : 07-11-17 01:12:01 : fetchrecipedetails.php : I : -------------fetchrecipedetails.php-------------
[v0.1] : 07-11-17 01:12:02 : fetchrecipedetails.php : I : -------------fetchrecipedetails.php-------------
[v0.1] : 07-11-17 01:12:07 : submitlike.php : I : -------------submitlike.php-------------
[v0.1] : 07-11-17 01:12:07 : submitlike.php : I : REQUEST PARAM : user_id(1)
[v0.1] : 07-11-17 01:12:07 : submitlike.php : I : REQUEST PARAM : type(RECIPE)
[v0.1] : 07-11-17 01:12:07 : submitlike.php : I : REQUEST PARAM : type_id(50)
[v0.1] : 07-11-17 01:12:08 : submitlike.php : I : The user(1) has not yet liked the type(RECIPE) with type id(50). So liking it
[v0.1] : 07-11-17 01:12:08 : submitlike.php : I : The user(1) has liked the type(RECIPE) with type id(50) successfully.
[v0.1] : 07-11-17 01:12:08 : registerusertimeline.php : I : 
[v0.1] : 07-11-17 01:12:08 : registerusertimeline.php : I : -------------registerusertimeline.php-------------
[v0.1] : 07-11-17 01:13:41 : fetchrecipedetails.php : I : -------------fetchrecipedetails.php-------------
[v0.1] : 07-11-17 01:13:42 : fetchrecipedetails.php : I : -------------fetchrecipedetails.php-------------
[v0.1] : 07-11-17 01:13:45 : submitlike.php : I : -------------submitlike.php-------------
[v0.1] : 07-11-17 01:13:45 : submitlike.php : I : REQUEST PARAM : user_id(1)
[v0.1] : 07-11-17 01:13:45 : submitlike.php : I : REQUEST PARAM : type(RECIPE)
[v0.1] : 07-11-17 01:13:45 : submitlike.php : I : REQUEST PARAM : type_id(50)
[v0.1] : 07-11-17 01:13:45 : submitlike.php : I : The user(1) has not yet liked the type(RECIPE) with type id(50). So liking it
[v0.1] : 07-11-17 01:13:45 : submitlike.php : I : The user(1) has liked the type(RECIPE) with type id(50) successfully.
[v0.1] : 07-11-17 01:13:46 : registerusertimeline.php : I : 
[v0.1] : 07-11-17 01:13:46 : registerusertimeline.php : I : -------------registerusertimeline.php-------------
[v0.1] : 07-11-17 01:13:46 : submitlike.php : I : -------------submitlike.php-------------
[v0.1] : 07-11-17 01:13:46 : submitlike.php : I : REQUEST PARAM : user_id()
[v0.1] : 07-11-17 01:13:46 : submitlike.php : I : REQUEST PARAM : type()
[v0.1] : 07-11-17 01:13:46 : submitlike.php : I : REQUEST PARAM : type_id()
[v0.1] : 07-11-17 01:13:46 : submitlike.php : I : The user() has not yet liked the type() with type id(). So liking it
[v0.1] : 07-11-17 01:13:46 : submitlike.php : I : The user() for the type() with type id() has liked ? 
[v0.1] : 07-11-17 01:13:46 : submitlike.php : I : The type() with type id() has been liked 0 times
[v0.1] : 07-11-17 01:13:46 : submitlike.php : I : -------------submitlike.php-------------
[v0.1] : 07-11-17 01:14:53 : fetchrecipedetails.php : I : -------------fetchrecipedetails.php-------------
[v0.1] : 07-11-17 01:14:54 : fetchrecipedetails.php : I : -------------fetchrecipedetails.php-------------
[v0.1] : 07-11-17 01:14:58 : submitlike.php : I : -------------submitlike.php-------------
[v0.1] : 07-11-17 01:14:58 : submitlike.php : I : REQUEST PARAM : user_id(1)
[v0.1] : 07-11-17 01:14:58 : submitlike.php : I : REQUEST PARAM : type(RECIPE)
[v0.1] : 07-11-17 01:14:58 : submitlike.php : I : REQUEST PARAM : type_id(50)
[v0.1] : 07-11-17 01:14:58 : submitlike.php : I : The user(1) has not yet liked the type(RECIPE) with type id(50). So liking it
[v0.1] : 07-11-17 01:14:58 : submitlike.php : I : The user(1) has liked the type(RECIPE) with type id(50) successfully.
[v0.1] : 07-11-17 01:16:03 : fetchrecipedetails.php : I : -------------fetchrecipedetails.php-------------
[v0.1] : 07-11-17 01:16:04 : fetchrecipedetails.php : I : -------------fetchrecipedetails.php-------------
[v0.1] : 07-11-17 01:16:12 : submitlike.php : I : -------------submitlike.php-------------
[v0.1] : 07-11-17 01:16:12 : submitlike.php : I : REQUEST PARAM : user_id(1)
[v0.1] : 07-11-17 01:16:12 : submitlike.php : I : REQUEST PARAM : type(RECIPE)
[v0.1] : 07-11-17 01:16:12 : submitlike.php : I : REQUEST PARAM : type_id(50)
[v0.1] : 07-11-17 01:16:12 : submitlike.php : I : The user(1) has not yet liked the type(RECIPE) with type id(50). So liking it
[v0.1] : 07-11-17 01:16:12 : submitlike.php : I : The user(1) has liked the type(RECIPE) with type id(50) successfully.
[v0.1] : 07-11-17 01:16:12 : registerusertimeline.php : I : 
[v0.1] : 07-11-17 01:16:12 : registerusertimeline.php : I : -------------registerusertimeline.php-------------
[v0.1] : 07-11-17 01:16:59 : fetchrecipedetails.php : I : -------------fetchrecipedetails.php-------------
[v0.1] : 07-11-17 01:17:00 : fetchrecipedetails.php : I : -------------fetchrecipedetails.php-------------
[v0.1] : 07-11-17 01:17:04 : submitlike.php : I : -------------submitlike.php-------------
[v0.1] : 07-11-17 01:17:04 : submitlike.php : I : REQUEST PARAM : user_id(1)
[v0.1] : 07-11-17 01:17:04 : submitlike.php : I : REQUEST PARAM : type(RECIPE)
[v0.1] : 07-11-17 01:17:04 : submitlike.php : I : REQUEST PARAM : type_id(50)
[v0.1] : 07-11-17 01:17:04 : submitlike.php : I : The user(1) has not yet liked the type(RECIPE) with type id(50). So liking it
[v0.1] : 07-11-17 01:17:04 : submitlike.php : I : The user(1) has liked the type(RECIPE) with type id(50) successfully.
[v0.1] : 07-11-17 01:17:05 : registerusertimeline.php : I : 
[v0.1] : 07-11-17 01:17:05 : registerusertimeline.php : I : -------------registerusertimeline.php-------------
[v0.1] : 07-11-17 12:48:35 : submitlike.php : I : 
[v0.1] : 07-11-17 12:48:35 : submitlike.php : I : -------------submitlike.php-------------
[v0.1] : 07-11-17 12:48:35 : submitlike.php : I : REQUEST PARAM : user_id(1)
[v0.1] : 07-11-17 12:48:35 : submitlike.php : I : REQUEST PARAM : type(LIKE_RECIPE)
[v0.1] : 07-11-17 12:48:35 : submitlike.php : I : REQUEST PARAM : type_id(27)
[v0.1] : 07-11-17 12:48:35 : submitlike.php : I : The user(1) has not yet liked the type(LIKE_RECIPE) with type id(27). So liking it
[v0.1] : 07-11-17 12:48:35 : submitlike.php : I : The user(1) has liked the type(LIKE_RECIPE) with type id(27) successfully.
[v0.1] : 07-11-17 12:49:06 : submitlike.php : I : 
[v0.1] : 07-11-17 12:49:06 : submitlike.php : I : -------------submitlike.php-------------
[v0.1] : 07-11-17 12:49:06 : submitlike.php : I : REQUEST PARAM : user_id(1)
[v0.1] : 07-11-17 12:49:06 : submitlike.php : I : REQUEST PARAM : type(LIKE_RECIPE)
[v0.1] : 07-11-17 12:49:06 : submitlike.php : I : REQUEST PARAM : type_id(27)
[v0.1] : 07-11-17 12:49:06 : submitlike.php : I : The user(1) has not yet liked the type(LIKE_RECIPE) with type id(27). So liking it
[v0.1] : 07-11-17 12:49:06 : submitlike.php : I : The user(1) has liked the type(LIKE_RECIPE) with type id(27) successfully.
[v0.1] : 07-11-17 12:51:10 : submitlike.php : I : 
[v0.1] : 07-11-17 12:51:10 : submitlike.php : I : -------------submitlike.php-------------
[v0.1] : 07-11-17 12:51:10 : submitlike.php : I : REQUEST PARAM : user_id(1)
[v0.1] : 07-11-17 12:51:10 : submitlike.php : I : REQUEST PARAM : type(LIKE_RECIPE)
[v0.1] : 07-11-17 12:51:10 : submitlike.php : I : REQUEST PARAM : type_id(27)
[v0.1] : 07-11-17 12:51:10 : submitlike.php : I : The user(1) has not yet liked the type(LIKE_RECIPE) with type id(27). So liking it
[v0.1] : 07-11-17 12:51:10 : submitlike.php : I : The user(1) has liked the type(LIKE_RECIPE) with type id(27) successfully.
[v0.1] : 07-11-17 12:52:08 : submitlike.php : I : 
[v0.1] : 07-11-17 12:52:08 : submitlike.php : I : -------------submitlike.php-------------
[v0.1] : 07-11-17 12:52:08 : submitlike.php : I : REQUEST PARAM : user_id(1)
[v0.1] : 07-11-17 12:52:08 : submitlike.php : I : REQUEST PARAM : type(LIKE_RECIPE)
[v0.1] : 07-11-17 12:52:08 : submitlike.php : I : REQUEST PARAM : type_id(27)
[v0.1] : 07-11-17 12:52:08 : submitlike.php : I : The user(1) has not yet liked the type(LIKE_RECIPE) with type id(27). So liking it
[v0.1] : 07-11-17 12:52:08 : submitlike.php : I : The user(1) has liked the type(LIKE_RECIPE) with type id(27) successfully.
[v0.1] : 07-11-17 12:53:08 : submitlike.php : I : 
[v0.1] : 07-11-17 12:53:08 : submitlike.php : I : -------------submitlike.php-------------
[v0.1] : 07-11-17 12:53:08 : submitlike.php : I : REQUEST PARAM : user_id(1)
[v0.1] : 07-11-17 12:53:08 : submitlike.php : I : REQUEST PARAM : type(RECIPE)
[v0.1] : 07-11-17 12:53:08 : submitlike.php : I : REQUEST PARAM : type_id(27)
07-11-17 12:53:08 : submitlike.php : I : The user(1) has already liked the type(RECIPE) with type id(27). unliking it.
[v0.1] : 07-11-17 12:53:08 : submitlike.php : I : The user(1) has unliked the type(RECIPE) with type id(27) successfully.
[v0.1] : 07-11-17 12:53:09 : registerusertimeline.php : I : 
[v0.1] : 07-11-17 12:53:09 : registerusertimeline.php : I : -------------registerusertimeline.php-------------
[v0.1] : 07-11-17 12:53:09 : registerusertimeline.php : I : The user(1) for the type(RECIPE) with type id(27) has liked ? 
[v0.1] : 07-11-17 12:53:09 : registerusertimeline.php : I : The type(RECIPE) with type id(27) has been liked 0 times
[v0.1] : 07-11-17 12:53:09 : registerusertimeline.php : I : -------------registerusertimeline.php-------------
[v0.1] : 07-11-17 12:57:00 : submitlike.php : I : 
[v0.1] : 07-11-17 12:57:00 : submitlike.php : I : -------------submitlike.php-------------
[v0.1] : 07-11-17 12:57:00 : submitlike.php : I : REQUEST PARAM : user_id(1)
[v0.1] : 07-11-17 12:57:00 : submitlike.php : I : REQUEST PARAM : type(RECIPE)
[v0.1] : 07-11-17 12:57:00 : submitlike.php : I : REQUEST PARAM : type_id(27)
[v0.1] : 07-11-17 12:57:01 : submitlike.php : I : The user(1) has not liked the type(RECIPE) with type id(27). liking it.
[v0.1] : 07-11-17 12:57:01 : submitlike.php : I : The user(1) has liked the type(RECIPE) with type id(27) successfully.
[v0.1] : 07-11-17 12:57:01 : registerusertimeline.php : I : 
[v0.1] : 07-11-17 12:57:01 : registerusertimeline.php : I : -------------registerusertimeline.php-------------
[v0.1] : 07-11-17 12:57:01 : registerusertimeline.php : I : The user(1) for the type(RECIPE) with type id(27) has liked ? 1
[v0.1] : 07-11-17 12:57:01 : registerusertimeline.php : I : The type(RECIPE) with type id(27) has been liked 1 times
[v0.1] : 07-11-17 12:57:01 : registerusertimeline.php : I : -------------registerusertimeline.php-------------
[v0.1] : 07-11-17 12:58:55 : submitlike.php : I : 
[v0.1] : 07-11-17 12:58:55 : submitlike.php : I : -------------submitlike.php-------------
[v0.1] : 07-11-17 12:58:55 : submitlike.php : I : REQUEST PARAM : user_id(1)
[v0.1] : 07-11-17 12:58:55 : submitlike.php : I : REQUEST PARAM : type(RECIPE)
[v0.1] : 07-11-17 12:58:55 : submitlike.php : I : REQUEST PARAM : type_id(27)
07-11-17 12:58:55 : submitlike.php : I : The user(1) has already liked the type(RECIPE) with type id(27). unliking it.
[v0.1] : 07-11-17 12:58:55 : submitlike.php : I : The user(1) has unliked the type(RECIPE) with type id(27) successfully.
[v0.1] : 07-11-17 12:58:56 : registerusertimeline.php : I : 
[v0.1] : 07-11-17 12:58:56 : registerusertimeline.php : I : -------------registerusertimeline.php-------------
[v0.1] : 07-11-17 12:58:56 : registerusertimeline.php : I : The user(1) for the type(RECIPE) with type id(27) has liked ? 
[v0.1] : 07-11-17 12:58:56 : registerusertimeline.php : I : The type(RECIPE) with type id(27) has been liked 0 times
[v0.1] : 07-11-17 12:58:56 : registerusertimeline.php : I : -------------registerusertimeline.php-------------
[v0.1] : 07-11-17 12:59:54 : submitlike.php : I : 
[v0.1] : 07-11-17 12:59:54 : submitlike.php : I : -------------submitlike.php-------------
[v0.1] : 07-11-17 12:59:54 : submitlike.php : I : REQUEST PARAM : user_id(1)
[v0.1] : 07-11-17 12:59:54 : submitlike.php : I : REQUEST PARAM : type(RECIPE)
[v0.1] : 07-11-17 12:59:54 : submitlike.php : I : REQUEST PARAM : type_id(27)
[v0.1] : 07-11-17 12:59:54 : submitlike.php : I : The user(1) has not liked the type(RECIPE) with type id(27). liking it.
[v0.1] : 07-11-17 12:59:54 : submitlike.php : I : The user(1) has liked the type(RECIPE) with type id(27) successfully.
[v0.1] : 07-11-17 12:59:55 : registerusertimeline.php : I : 
[v0.1] : 07-11-17 12:59:55 : registerusertimeline.php : I : -------------registerusertimeline.php-------------
[v0.1] : 07-11-17 13:02:01 : submitlike.php : I : 
[v0.1] : 07-11-17 13:02:01 : submitlike.php : I : -------------submitlike.php-------------
[v0.1] : 07-11-17 13:02:01 : submitlike.php : I : REQUEST PARAM : user_id(1)
[v0.1] : 07-11-17 13:02:01 : submitlike.php : I : REQUEST PARAM : type(RECIPE)
[v0.1] : 07-11-17 13:02:01 : submitlike.php : I : REQUEST PARAM : type_id(27)
07-11-17 13:02:01 : submitlike.php : I : The user(1) has already liked the type(RECIPE) with type id(27). unliking it.
[v0.1] : 07-11-17 13:02:01 : submitlike.php : I : The user(1) has unliked the type(RECIPE) with type id(27) successfully.
[v0.1] : 07-11-17 13:02:02 : registerusertimeline.php : I : 
[v0.1] : 07-11-17 13:02:02 : registerusertimeline.php : I : -------------registerusertimeline.php-------------
[v0.1] : 07-11-17 13:02:42 : submitlike.php : I : 
[v0.1] : 07-11-17 13:02:42 : submitlike.php : I : -------------submitlike.php-------------
[v0.1] : 07-11-17 13:02:42 : submitlike.php : I : REQUEST PARAM : user_id(1)
[v0.1] : 07-11-17 13:02:42 : submitlike.php : I : REQUEST PARAM : type(RECIPE)
[v0.1] : 07-11-17 13:02:42 : submitlike.php : I : REQUEST PARAM : type_id(27)
[v0.1] : 07-11-17 13:02:42 : submitlike.php : I : The user(1) has not liked the type(RECIPE) with type id(27). liking it.
[v0.1] : 07-11-17 13:02:43 : submitlike.php : I : The user(1) has liked the type(RECIPE) with type id(27) successfully.
[v0.1] : 07-11-17 13:02:43 : registerusertimeline.php : I : 
[v0.1] : 07-11-17 13:02:43 : registerusertimeline.php : I : -------------registerusertimeline.php-------------
[v0.1] : 07-11-17 13:05:06 : submitlike.php : I : 
[v0.1] : 07-11-17 13:05:06 : submitlike.php : I : -------------submitlike.php-------------
[v0.1] : 07-11-17 13:05:06 : submitlike.php : I : REQUEST PARAM : user_id(1)
[v0.1] : 07-11-17 13:05:06 : submitlike.php : I : REQUEST PARAM : type(RECIPE)
[v0.1] : 07-11-17 13:05:06 : submitlike.php : I : REQUEST PARAM : type_id(27)
07-11-17 13:05:06 : submitlike.php : I : The user(1) has already liked the type(RECIPE) with type id(27). unliking it.
[v0.1] : 07-11-17 13:05:06 : submitlike.php : I : The user(1) has unliked the type(RECIPE) with type id(27) successfully.
[v0.1] : 07-11-17 13:05:07 : registerusertimeline.php : I : 
[v0.1] : 07-11-17 13:05:07 : registerusertimeline.php : I : -------------registerusertimeline.php-------------
[v0.1] : 07-11-17 13:06:16 : submitlike.php : I : 
[v0.1] : 07-11-17 13:06:16 : submitlike.php : I : -------------submitlike.php-------------
[v0.1] : 07-11-17 13:06:16 : submitlike.php : I : REQUEST PARAM : user_id(1)
[v0.1] : 07-11-17 13:06:16 : submitlike.php : I : REQUEST PARAM : type(RECIPE)
[v0.1] : 07-11-17 13:06:16 : submitlike.php : I : REQUEST PARAM : type_id(27)
[v0.1] : 07-11-17 13:06:59 : submitlike.php : I : 
[v0.1] : 07-11-17 13:06:59 : submitlike.php : I : -------------submitlike.php-------------
[v0.1] : 07-11-17 13:06:59 : submitlike.php : I : REQUEST PARAM : user_id(1)
[v0.1] : 07-11-17 13:06:59 : submitlike.php : I : REQUEST PARAM : type(RECIPE)
[v0.1] : 07-11-17 13:06:59 : submitlike.php : I : REQUEST PARAM : type_id(27)
[v0.1] : 07-11-17 13:07:00 : submitlike.php : I : The user(1) has not liked the type(RECIPE) with type id(27). liking it.
[v0.1] : 07-11-17 13:07:00 : submitlike.php : I : The user(1) has liked the type(RECIPE) with type id(27) successfully.
[v0.1] : 07-11-17 13:07:00 : registerusertimeline.php : I : 
[v0.1] : 07-11-17 13:07:00 : registerusertimeline.php : I : -------------registerusertimeline.php-------------
[v0.1] : 07-11-17 13:08:29 : submitlike.php : I : 
[v0.1] : 07-11-17 13:08:29 : submitlike.php : I : -------------submitlike.php-------------
[v0.1] : 07-11-17 13:08:29 : submitlike.php : I : REQUEST PARAM : user_id(1)
[v0.1] : 07-11-17 13:08:29 : submitlike.php : I : REQUEST PARAM : type(RECIPE)
[v0.1] : 07-11-17 13:08:29 : submitlike.php : I : REQUEST PARAM : type_id(27)
07-11-17 13:08:29 : submitlike.php : I : The user(1) has already liked the type(RECIPE) with type id(27). unliking it.
[v0.1] : 07-11-17 13:08:29 : submitlike.php : I : The user(1) has unliked the type(RECIPE) with type id(27) successfully.
[v0.1] : 07-11-17 13:08:30 : registerusertimeline.php : I : 
[v0.1] : 07-11-17 13:08:30 : registerusertimeline.php : I : -------------registerusertimeline.php-------------
[v0.1] : 07-11-17 13:09:12 : submitlike.php : I : 
[v0.1] : 07-11-17 13:09:12 : submitlike.php : I : -------------submitlike.php-------------
[v0.1] : 07-11-17 13:09:12 : submitlike.php : I : REQUEST PARAM : user_id(1)
[v0.1] : 07-11-17 13:09:12 : submitlike.php : I : REQUEST PARAM : type(RECIPE)
[v0.1] : 07-11-17 13:09:12 : submitlike.php : I : REQUEST PARAM : type_id(27)
[v0.1] : 07-11-17 13:09:12 : submitlike.php : I : The user(1) has not liked the type(RECIPE) with type id(27). liking it.
[v0.1] : 07-11-17 13:09:13 : submitlike.php : I : The user(1) has liked the type(RECIPE) with type id(27) successfully.
[v0.1] : 07-11-17 13:09:13 : registerusertimeline.php : I : 
[v0.1] : 07-11-17 13:09:13 : registerusertimeline.php : I : -------------registerusertimeline.php-------------
[v0.1] : 07-11-17 13:10:23 : submitlike.php : I : 
[v0.1] : 07-11-17 13:10:23 : submitlike.php : I : -------------submitlike.php-------------
[v0.1] : 07-11-17 13:10:23 : submitlike.php : I : REQUEST PARAM : user_id(1)
[v0.1] : 07-11-17 13:10:23 : submitlike.php : I : REQUEST PARAM : type(RECIPE)
[v0.1] : 07-11-17 13:10:23 : submitlike.php : I : REQUEST PARAM : type_id(27)
07-11-17 13:10:23 : submitlike.php : I : The user(1) has already liked the type(RECIPE) with type id(27). unliking it.
[v0.1] : 07-11-17 13:10:23 : submitlike.php : I : The user(1) has unliked the type(RECIPE) with type id(27) successfully.
[v0.1] : 07-11-17 13:10:24 : registerusertimeline.php : I : 
[v0.1] : 07-11-17 13:10:24 : registerusertimeline.php : I : -------------registerusertimeline.php-------------
[v0.1] : 07-11-17 13:11:04 : submitlike.php : I : 
[v0.1] : 07-11-17 13:11:04 : submitlike.php : I : -------------submitlike.php-------------
[v0.1] : 07-11-17 13:11:04 : submitlike.php : I : REQUEST PARAM : user_id(1)
[v0.1] : 07-11-17 13:11:04 : submitlike.php : I : REQUEST PARAM : type(RECIPE)
[v0.1] : 07-11-17 13:11:04 : submitlike.php : I : REQUEST PARAM : type_id(27)
[v0.1] : 07-11-17 13:11:04 : submitlike.php : I : The user(1) has not liked the type(RECIPE) with type id(27). liking it.
[v0.1] : 07-11-17 13:11:04 : submitlike.php : I : The user(1) has liked the type(RECIPE) with type id(27) successfully.
[v0.1] : 07-11-17 13:11:04 : registerusertimeline.php : I : 
[v0.1] : 07-11-17 13:11:04 : registerusertimeline.php : I : -------------registerusertimeline.php-------------
[v0.1] : 07-11-17 13:11:08 : submitlike.php : I : 
[v0.1] : 07-11-17 13:11:08 : submitlike.php : I : -------------submitlike.php-------------
[v0.1] : 07-11-17 13:11:08 : submitlike.php : I : REQUEST PARAM : user_id(1)
[v0.1] : 07-11-17 13:11:08 : submitlike.php : I : REQUEST PARAM : type(RECIPE)
[v0.1] : 07-11-17 13:11:08 : submitlike.php : I : REQUEST PARAM : type_id(27)
07-11-17 13:11:08 : submitlike.php : I : The user(1) has already liked the type(RECIPE) with type id(27). unliking it.
[v0.1] : 07-11-17 13:11:08 : submitlike.php : I : The user(1) has unliked the type(RECIPE) with type id(27) successfully.
[v0.1] : 07-11-17 13:11:08 : registerusertimeline.php : I : 
[v0.1] : 07-11-17 13:11:08 : registerusertimeline.php : I : -------------registerusertimeline.php-------------
[v0.1] : 07-11-17 13:11:37 : submitlike.php : I : 
[v0.1] : 07-11-17 13:11:37 : submitlike.php : I : -------------submitlike.php-------------
[v0.1] : 07-11-17 13:11:37 : submitlike.php : I : REQUEST PARAM : user_id(1)
[v0.1] : 07-11-17 13:11:37 : submitlike.php : I : REQUEST PARAM : type(RECIPE)
[v0.1] : 07-11-17 13:11:37 : submitlike.php : I : REQUEST PARAM : type_id(27)
[v0.1] : 07-11-17 13:11:37 : submitlike.php : I : The user(1) has not liked the type(RECIPE) with type id(27). liking it.
[v0.1] : 07-11-17 13:11:37 : submitlike.php : I : The user(1) has liked the type(RECIPE) with type id(27) successfully.
[v0.1] : 07-11-17 13:11:38 : registerusertimeline.php : I : 
[v0.1] : 07-11-17 13:11:38 : registerusertimeline.php : I : -------------registerusertimeline.php-------------
[v0.1] : 07-11-17 13:11:56 : submitlike.php : I : 
[v0.1] : 07-11-17 13:11:56 : submitlike.php : I : -------------submitlike.php-------------
[v0.1] : 07-11-17 13:11:56 : submitlike.php : I : REQUEST PARAM : user_id(1)
[v0.1] : 07-11-17 13:11:56 : submitlike.php : I : REQUEST PARAM : type(RECIPE)
[v0.1] : 07-11-17 13:11:56 : submitlike.php : I : REQUEST PARAM : type_id(27)
07-11-17 13:11:56 : submitlike.php : I : The user(1) has already liked the type(RECIPE) with type id(27). unliking it.
[v0.1] : 07-11-17 13:11:57 : submitlike.php : I : The user(1) has unliked the type(RECIPE) with type id(27) successfully.
[v0.1] : 07-11-17 13:11:57 : registerusertimeline.php : I : 
[v0.1] : 07-11-17 13:11:57 : registerusertimeline.php : I : -------------registerusertimeline.php-------------
[v0.1] : 07-11-17 13:12:43 : submitlike.php : I : 
[v0.1] : 07-11-17 13:12:43 : submitlike.php : I : -------------submitlike.php-------------
[v0.1] : 07-11-17 13:12:43 : submitlike.php : I : REQUEST PARAM : user_id(1)
[v0.1] : 07-11-17 13:12:43 : submitlike.php : I : REQUEST PARAM : type(RECIPE)
[v0.1] : 07-11-17 13:12:43 : submitlike.php : I : REQUEST PARAM : type_id(27)
[v0.1] : 07-11-17 13:12:43 : submitlike.php : I : The user(1) has not liked the type(RECIPE) with type id(27). liking it.
[v0.1] : 07-11-17 13:12:43 : submitlike.php : I : The user(1) has liked the type(RECIPE) with type id(27) successfully.
[v0.1] : 07-11-17 13:14:15 : submitlike.php : I : 
[v0.1] : 07-11-17 13:14:15 : submitlike.php : I : -------------submitlike.php-------------
[v0.1] : 07-11-17 13:14:15 : submitlike.php : I : REQUEST PARAM : user_id(1)
[v0.1] : 07-11-17 13:14:15 : submitlike.php : I : REQUEST PARAM : type(RECIPE)
[v0.1] : 07-11-17 13:14:15 : submitlike.php : I : REQUEST PARAM : type_id(27)
07-11-17 13:14:15 : submitlike.php : I : The user(1) has already liked the type(RECIPE) with type id(27). unliking it.
[v0.1] : 07-11-17 13:14:15 : submitlike.php : I : The user(1) has unliked the type(RECIPE) with type id(27) successfully.
[v0.1] : 07-11-17 13:14:15 : registerusertimeline.php : I : 
[v0.1] : 07-11-17 13:14:15 : registerusertimeline.php : I : -------------registerusertimeline.php-------------
[v0.1] : 07-11-17 13:14:37 : submitlike.php : I : 
[v0.1] : 07-11-17 13:14:37 : submitlike.php : I : -------------submitlike.php-------------
[v0.1] : 07-11-17 13:14:37 : submitlike.php : I : REQUEST PARAM : user_id(1)
[v0.1] : 07-11-17 13:14:37 : submitlike.php : I : REQUEST PARAM : type(RECIPE)
[v0.1] : 07-11-17 13:14:37 : submitlike.php : I : REQUEST PARAM : type_id(27)
[v0.1] : 07-11-17 13:14:37 : submitlike.php : I : The user(1) has not liked the type(RECIPE) with type id(27). liking it.
[v0.1] : 07-11-17 13:14:37 : submitlike.php : I : The user(1) has liked the type(RECIPE) with type id(27) successfully.
[v0.1] : 07-11-17 13:14:37 : registerusertimeline.php : I : 
[v0.1] : 07-11-17 13:14:37 : registerusertimeline.php : I : -------------registerusertimeline.php-------------
[v0.1] : 07-11-17 13:23:39 : submitlike.php : I : 
[v0.1] : 07-11-17 13:23:39 : submitlike.php : I : -------------submitlike.php-------------
[v0.1] : 07-11-17 13:23:39 : submitlike.php : I : REQUEST PARAM : user_id(1)
[v0.1] : 07-11-17 13:23:39 : submitlike.php : I : REQUEST PARAM : type(RECIPE)
[v0.1] : 07-11-17 13:23:39 : submitlike.php : I : REQUEST PARAM : type_id(27)
07-11-17 13:23:39 : submitlike.php : I : The user(1) has already liked the type(RECIPE) with type id(27). unliking it.
[v0.1] : 07-11-17 13:23:39 : submitlike.php : I : The user(1) has unliked the type(RECIPE) with type id(27) successfully.
[v0.1] : 07-11-17 13:23:39 : submitlike.php : I : 
[v0.1] : 07-11-17 13:23:39 : submitlike.php : I : -------------submitlike.php-------------
[v0.1] : 07-11-17 13:48:30 : submitlike.php : I : 
[v0.1] : 07-11-17 13:48:30 : submitlike.php : I : -------------submitlike.php-------------
[v0.1] : 07-11-17 13:48:30 : submitlike.php : I : REQUEST PARAM : user_id(1)
[v0.1] : 07-11-17 13:48:30 : submitlike.php : I : REQUEST PARAM : type(RECIPE)
[v0.1] : 07-11-17 13:48:30 : submitlike.php : I : REQUEST PARAM : type_id(27)
[v0.1] : 07-11-17 13:54:08 : submitlike.php : I : 
[v0.1] : 07-11-17 13:54:08 : submitlike.php : I : -------------submitlike.php-------------
[v0.1] : 07-11-17 13:54:08 : submitlike.php : I : REQUEST PARAM : user_id(1)
[v0.1] : 07-11-17 13:54:08 : submitlike.php : I : REQUEST PARAM : type(RECIPE)
[v0.1] : 07-11-17 13:54:08 : submitlike.php : I : REQUEST PARAM : type_id(27)
[v0.1] : 07-11-17 13:56:28 : submitlike.php : I : 
[v0.1] : 07-11-17 13:56:28 : submitlike.php : I : -------------submitlike.php-------------
[v0.1] : 07-11-17 13:56:28 : submitlike.php : I : REQUEST PARAM : user_id(1)
[v0.1] : 07-11-17 13:56:28 : submitlike.php : I : REQUEST PARAM : type(RECIPE)
[v0.1] : 07-11-17 13:56:28 : submitlike.php : I : REQUEST PARAM : type_id(27)
[v0.1] : 07-11-17 14:21:22 : submitlike.php : I : 
[v0.1] : 07-11-17 14:21:22 : submitlike.php : I : -------------submitlike.php-------------
[v0.1] : 07-11-17 14:21:22 : submitlike.php : I : REQUEST PARAM : user_id(1)
[v0.1] : 07-11-17 14:21:22 : submitlike.php : I : REQUEST PARAM : type(RECIPE)
[v0.1] : 07-11-17 14:21:22 : submitlike.php : I : REQUEST PARAM : type_id(27)
[v0.1] : 07-11-17 14:22:58 : submitlike.php : I : 
[v0.1] : 07-11-17 14:22:58 : submitlike.php : I : -------------submitlike.php-------------
[v0.1] : 07-11-17 14:22:58 : submitlike.php : I : REQUEST PARAM : user_id(1)
[v0.1] : 07-11-17 14:22:58 : submitlike.php : I : REQUEST PARAM : type(RECIPE)
[v0.1] : 07-11-17 14:22:58 : submitlike.php : I : REQUEST PARAM : type_id(27)
[v0.1] : 07-11-17 14:23:52 : submitlike.php : I : 
[v0.1] : 07-11-17 14:23:52 : submitlike.php : I : -------------submitlike.php-------------
[v0.1] : 07-11-17 14:23:52 : submitlike.php : I : REQUEST PARAM : user_id(1)
[v0.1] : 07-11-17 14:23:52 : submitlike.php : I : REQUEST PARAM : type(RECIPE)
[v0.1] : 07-11-17 14:23:52 : submitlike.php : I : REQUEST PARAM : type_id(27)
[v0.1] : 07-11-17 14:25:52 : submitlike.php : I : 
[v0.1] : 07-11-17 14:25:52 : submitlike.php : I : -------------submitlike.php-------------
[v0.1] : 07-11-17 14:25:52 : submitlike.php : I : REQUEST PARAM : user_id(1)
[v0.1] : 07-11-17 14:25:52 : submitlike.php : I : REQUEST PARAM : type(RECIPE)
[v0.1] : 07-11-17 14:25:52 : submitlike.php : I : REQUEST PARAM : type_id(27)
[v0.1] : 07-11-17 14:25:53 : submitlike.php : I : The user(1) has not liked the type(RECIPE) with type id(27). liking it.
[v0.1] : 07-11-17 14:25:53 : submitlike.php : I : The user(1) has liked the type(RECIPE) with type id(27) successfully.
[v0.1] : 07-11-17 14:25:53 : registerusertimeline.php : I : 
[v0.1] : 07-11-17 14:25:53 : registerusertimeline.php : I : -------------registerusertimeline.php-------------
[v0.1] : 07-11-17 15:38:51 : submitlike.php : I : 
[v0.1] : 07-11-17 15:38:51 : submitlike.php : I : -------------submitlike.php-------------
[v0.1] : 07-11-17 15:38:51 : submitlike.php : I : REQUEST PARAM : user_id(1)
[v0.1] : 07-11-17 15:38:51 : submitlike.php : I : REQUEST PARAM : type(RECIPE)
[v0.1] : 07-11-17 15:38:51 : submitlike.php : I : REQUEST PARAM : type_id(27)
07-11-17 15:38:52 : submitlike.php : I : The user(1) has already liked the type(RECIPE) with type id(27). unliking it.
[v0.1] : 07-11-17 15:38:52 : submitlike.php : I : The user(1) has unliked the type(RECIPE) with type id(27) successfully.
[v0.1] : 07-11-17 15:38:52 : registerusertimeline.php : I : 
[v0.1] : 07-11-17 15:38:52 : registerusertimeline.php : I : -------------registerusertimeline.php-------------
[v0.1] : 07-11-17 16:00:25 : submitlike.php : I : 
[v0.1] : 07-11-17 16:00:25 : submitlike.php : I : -------------submitlike.php-------------
[v0.1] : 07-11-17 16:00:25 : submitlike.php : I : REQUEST PARAM : user_id(1)
[v0.1] : 07-11-17 16:00:25 : submitlike.php : I : REQUEST PARAM : type(RECIPE)
[v0.1] : 07-11-17 16:00:25 : submitlike.php : I : REQUEST PARAM : type_id(27)
[v0.1] : 07-11-17 16:00:25 : submitlike.php : I : The user(1) has not liked the type(RECIPE) with type id(27). liking it.
[v0.1] : 07-11-17 16:00:25 : submitlike.php : I : The user(1) has liked the type(RECIPE) with type id(27) successfully.
[v0.1] : 07-11-17 16:00:25 : registerusertimeline.php : I : 
[v0.1] : 07-11-17 16:00:25 : registerusertimeline.php : I : -------------registerusertimeline.php-------------
[v0.1] : 07-11-17 16:01:05 : submitlike.php : I : 
[v0.1] : 07-11-17 16:01:05 : submitlike.php : I : -------------submitlike.php-------------
[v0.1] : 07-11-17 16:01:05 : submitlike.php : I : REQUEST PARAM : user_id(1)
[v0.1] : 07-11-17 16:01:05 : submitlike.php : I : REQUEST PARAM : type(RECIPE)
[v0.1] : 07-11-17 16:01:05 : submitlike.php : I : REQUEST PARAM : type_id(27)
07-11-17 16:01:05 : submitlike.php : I : The user(1) has already liked the type(RECIPE) with type id(27). unliking it.
[v0.1] : 07-11-17 16:01:05 : submitlike.php : I : The user(1) has unliked the type(RECIPE) with type id(27) successfully.
[v0.1] : 07-11-17 16:01:05 : registerusertimeline.php : I : 
[v0.1] : 07-11-17 16:01:05 : registerusertimeline.php : I : -------------registerusertimeline.php-------------
[v0.1] : 07-11-17 16:01:05 : registerusertimeline.php : I : -------------registerusertimeline.php-------------
[v0.1] : 07-11-17 16:01:05 : registerusertimeline.php : I : The user(1) for the type(RECIPE) with type id(27) has liked ? 
[v0.1] : 07-11-17 16:01:05 : registerusertimeline.php : I : The type(RECIPE) with type id(27) has been liked 0 times
[v0.1] : 07-11-17 16:01:05 : registerusertimeline.php : I : -------------registerusertimeline.php-------------
[v0.1] : 07-11-17 16:01:39 : submitlike.php : I : 
[v0.1] : 07-11-17 16:01:39 : submitlike.php : I : -------------submitlike.php-------------
[v0.1] : 07-11-17 16:01:39 : submitlike.php : I : REQUEST PARAM : user_id(1)
[v0.1] : 07-11-17 16:01:39 : submitlike.php : I : REQUEST PARAM : type(RECIPE)
[v0.1] : 07-11-17 16:01:39 : submitlike.php : I : REQUEST PARAM : type_id(27)
[v0.1] : 07-11-17 16:01:39 : submitlike.php : I : The user(1) has not liked the type(RECIPE) with type id(27). liking it.
[v0.1] : 07-11-17 16:01:39 : submitlike.php : I : The user(1) has liked the type(RECIPE) with type id(27) successfully.
[v0.1] : 07-11-17 16:01:39 : registerusertimeline.php : I : 
[v0.1] : 07-11-17 16:01:39 : registerusertimeline.php : I : -------------registerusertimeline.php-------------
[v0.1] : 07-11-17 16:01:39 : registerusertimeline.php : I : Registered a timeline for the user(1) for the type(LIKE_RECIPE_ADD) with type id(2)
[v0.1] : 07-11-17 16:01:39 : registerusertimeline.php : I : -------------registerusertimeline.php-------------
[v0.1] : 07-11-17 16:01:40 : registerusertimeline.php : I : The user(1) for the type(RECIPE) with type id(27) has liked ? 1
[v0.1] : 07-11-17 16:01:40 : registerusertimeline.php : I : The type(RECIPE) with type id(27) has been liked 1 times
[v0.1] : 07-11-17 16:01:40 : registerusertimeline.php : I : -------------registerusertimeline.php-------------
[v0.1] : 07-11-17 16:16:07 : submitlike.php : I : 
[v0.1] : 07-11-17 16:16:07 : submitlike.php : I : -------------submitlike.php-------------
[v0.1] : 07-11-17 16:16:07 : submitlike.php : I : REQUEST PARAM : user_id(1)
[v0.1] : 07-11-17 16:16:07 : submitlike.php : I : REQUEST PARAM : type(RECIPE)
[v0.1] : 07-11-17 16:16:07 : submitlike.php : I : REQUEST PARAM : type_id(27)
07-11-17 16:16:07 : submitlike.php : I : The user(1) has already liked the type(RECIPE) with type id(27). unliking it.
[v0.1] : 07-11-17 16:16:08 : submitlike.php : I : The user(1) has unliked the type(RECIPE) with type id(27) successfully.
[v0.1] : 07-11-17 16:16:08 : registerusertimeline.php : I : 
[v0.1] : 07-11-17 16:16:08 : registerusertimeline.php : I : -------------registerusertimeline.php-------------
[v0.1] : 07-11-17 16:16:08 : registerusertimeline.php : I : Registered a timeline for the user(1) for the type(LIKE_RECIPE_ADD) with type id(2)
[v0.1] : 07-11-17 16:16:08 : registerusertimeline.php : I : -------------registerusertimeline.php-------------
[v0.1] : 07-11-17 16:16:08 : registerusertimeline.php : I : The user(1) for the type(RECIPE) with type id(27) has liked ? 
[v0.1] : 07-11-17 16:16:08 : registerusertimeline.php : I : The type(RECIPE) with type id(27) has been liked 0 times
[v0.1] : 07-11-17 16:16:08 : registerusertimeline.php : I : -------------registerusertimeline.php-------------
[v0.1] : 07-11-17 16:16:16 : submitlike.php : I : 
[v0.1] : 07-11-17 16:16:16 : submitlike.php : I : -------------submitlike.php-------------
[v0.1] : 07-11-17 16:16:16 : submitlike.php : I : REQUEST PARAM : user_id(1)
[v0.1] : 07-11-17 16:16:16 : submitlike.php : I : REQUEST PARAM : type(RECIPE)
[v0.1] : 07-11-17 16:16:16 : submitlike.php : I : REQUEST PARAM : type_id(27)
[v0.1] : 07-11-17 16:16:16 : submitlike.php : I : The user(1) has not liked the type(RECIPE) with type id(27). liking it.
[v0.1] : 07-11-17 16:16:17 : submitlike.php : I : The user(1) has liked the type(RECIPE) with type id(27) successfully.
[v0.1] : 07-11-17 16:16:17 : registerusertimeline.php : I : 
[v0.1] : 07-11-17 16:16:17 : registerusertimeline.php : I : -------------registerusertimeline.php-------------
[v0.1] : 07-11-17 16:16:17 : registerusertimeline.php : I : Registered a timeline for the user(1) for the type(LIKE_RECIPE_ADD) with type id(2)
[v0.1] : 07-11-17 16:16:17 : registerusertimeline.php : I : -------------registerusertimeline.php-------------
[v0.1] : 07-11-17 16:16:17 : registerusertimeline.php : I : The user(1) for the type(RECIPE) with type id(27) has liked ? 1
[v0.1] : 07-11-17 16:16:17 : registerusertimeline.php : I : The type(RECIPE) with type id(27) has been liked 1 times
[v0.1] : 07-11-17 16:16:17 : registerusertimeline.php : I : -------------registerusertimeline.php-------------
[v0.1] : 07-11-17 16:17:49 : submitlike.php : I : 
[v0.1] : 07-11-17 16:17:49 : submitlike.php : I : -------------submitlike.php-------------
[v0.1] : 07-11-17 16:17:49 : submitlike.php : I : REQUEST PARAM : user_id(1)
[v0.1] : 07-11-17 16:17:49 : submitlike.php : I : REQUEST PARAM : type(RECIPE)
[v0.1] : 07-11-17 16:17:49 : submitlike.php : I : REQUEST PARAM : type_id(27)
07-11-17 16:17:50 : submitlike.php : I : The user(1) has already liked the type(RECIPE) with type id(27). unliking it.
[v0.1] : 07-11-17 16:17:50 : submitlike.php : I : The user(1) has unliked the type(RECIPE) with type id(27) successfully.
[v0.1] : 07-11-17 16:17:50 : registerusertimeline.php : I : 
[v0.1] : 07-11-17 16:17:50 : registerusertimeline.php : I : -------------registerusertimeline.php-------------
[v0.1] : 07-11-17 16:17:50 : registerusertimeline.php : I : Registered a timeline for the user(1) for the type(LIKE_RECIPE_ADD) with type id(2)
[v0.1] : 07-11-17 16:17:50 : registerusertimeline.php : I : -------------registerusertimeline.php-------------
[v0.1] : 07-11-17 16:17:50 : registerusertimeline.php : I : The user(1) for the type(RECIPE) with type id(27) has liked ? 
[v0.1] : 07-11-17 16:17:50 : registerusertimeline.php : I : The type(RECIPE) with type id(27) has been liked 0 times
[v0.1] : 07-11-17 16:18:48 : submitlike.php : I : 
[v0.1] : 07-11-17 16:18:48 : submitlike.php : I : -------------submitlike.php-------------
[v0.1] : 07-11-17 16:18:48 : submitlike.php : I : REQUEST PARAM : user_id(1)
[v0.1] : 07-11-17 16:18:48 : submitlike.php : I : REQUEST PARAM : type(RECIPE)
[v0.1] : 07-11-17 16:18:48 : submitlike.php : I : REQUEST PARAM : type_id(27)
[v0.1] : 07-11-17 16:18:48 : submitlike.php : I : The user(1) has not liked the type(RECIPE) with type id(27). liking it.
[v0.1] : 07-11-17 16:18:49 : submitlike.php : I : The user(1) has liked the type(RECIPE) with type id(27) successfully.
[v0.1] : 07-11-17 16:18:49 : registerusertimeline.php : I : 
[v0.1] : 07-11-17 16:18:49 : registerusertimeline.php : I : -------------registerusertimeline.php-------------
[v0.1] : 07-11-17 16:18:49 : registerusertimeline.php : I : Registered a timeline for the user(1) for the type(LIKE_RECIPE_ADD) with type id(2)
[v0.1] : 07-11-17 16:18:49 : registerusertimeline.php : I : -------------registerusertimeline.php-------------
[v0.1] : 07-11-17 16:18:49 : registerusertimeline.php : I : The user(1) for the type(RECIPE) with type id(27) has liked ? 1
[v0.1] : 07-11-17 16:18:49 : registerusertimeline.php : I : The type(RECIPE) with type id(27) has been liked 1 times
[v0.1] : 07-11-17 16:19:07 : submitlike.php : I : 
[v0.1] : 07-11-17 16:19:07 : submitlike.php : I : -------------submitlike.php-------------
[v0.1] : 07-11-17 16:19:07 : submitlike.php : I : REQUEST PARAM : user_id(1)
[v0.1] : 07-11-17 16:19:07 : submitlike.php : I : REQUEST PARAM : type(RECIPE)
[v0.1] : 07-11-17 16:19:07 : submitlike.php : I : REQUEST PARAM : type_id(27)
07-11-17 16:19:07 : submitlike.php : I : The user(1) has already liked the type(RECIPE) with type id(27). unliking it.
[v0.1] : 07-11-17 16:19:07 : submitlike.php : I : The user(1) has unliked the type(RECIPE) with type id(27) successfully.
[v0.1] : 07-11-17 16:19:07 : registerusertimeline.php : I : 
[v0.1] : 07-11-17 16:19:07 : registerusertimeline.php : I : -------------registerusertimeline.php-------------
[v0.1] : 07-11-17 16:19:07 : registerusertimeline.php : I : Registered a timeline for the user(1) for the type(LIKE_RECIPE_ADD) with type id(2)
[v0.1] : 07-11-17 16:19:07 : registerusertimeline.php : I : -------------registerusertimeline.php-------------
[v0.1] : 07-11-17 16:19:07 : registerusertimeline.php : I : The user(1) for the type(RECIPE) with type id(27) has liked ? 
[v0.1] : 07-11-17 16:19:08 : registerusertimeline.php : I : The type(RECIPE) with type id(27) has been liked 0 times
[v0.1] : 07-11-17 16:19:08 : registerusertimeline.php : I : -------------registerusertimeline.php-------------
[v0.1] : 07-11-17 16:21:08 : submitlike.php : I : 
[v0.1] : 07-11-17 16:21:08 : submitlike.php : I : -------------submitlike.php-------------
[v0.1] : 07-11-17 16:21:08 : submitlike.php : I : REQUEST PARAM : user_id(1)
[v0.1] : 07-11-17 16:21:08 : submitlike.php : I : REQUEST PARAM : type(RECIPE)
[v0.1] : 07-11-17 16:21:08 : submitlike.php : I : REQUEST PARAM : type_id(27)
[v0.1] : 07-11-17 16:21:09 : submitlike.php : I : The user(1) has not liked the type(RECIPE) with type id(27). liking it.
[v0.1] : 07-11-17 16:21:09 : submitlike.php : I : The user(1) has liked the type(RECIPE) with type id(27) successfully.
[v0.1] : 07-11-17 16:21:09 : registerusertimeline.php : I : 
[v0.1] : 07-11-17 16:21:09 : registerusertimeline.php : I : -------------registerusertimeline.php-------------
[v0.1] : 07-11-17 16:21:09 : registerusertimeline.php : I : Registered a timeline for the user(1) for the type(LIKE_RECIPE_ADD) with type id(2)
[v0.1] : 07-11-17 16:21:09 : registerusertimeline.php : I : -------------registerusertimeline.php-------------
[v0.1] : 07-11-17 16:21:09 : registerusertimeline.php : I : The user(1) for the type(RECIPE) with type id(27) has liked ? 1
[v0.1] : 07-11-17 16:21:09 : registerusertimeline.php : I : The type(RECIPE) with type id(27) has been liked 1 times
[v0.1] : 07-11-17 16:21:09 : registerusertimeline.php : I : -------------registerusertimeline.php-------------
[v0.1] : 07-11-17 16:28:33 : submitlike.php : I : 
[v0.1] : 07-11-17 16:28:33 : submitlike.php : I : -------------submitlike.php-------------
[v0.1] : 07-11-17 16:28:33 : submitlike.php : I : REQUEST PARAM : user_id(1)
[v0.1] : 07-11-17 16:28:33 : submitlike.php : I : REQUEST PARAM : type(RECIPE)
[v0.1] : 07-11-17 16:28:33 : submitlike.php : I : REQUEST PARAM : type_id(27)
07-11-17 16:28:33 : submitlike.php : I : The user(1) has already liked the type(RECIPE) with type id(27). unliking it.
[v0.1] : 07-11-17 16:28:33 : submitlike.php : I : The user(1) has unliked the type(RECIPE) with type id(27) successfully.
[v0.1] : 07-11-17 16:28:33 : registerusertimeline.php : I : 
[v0.1] : 07-11-17 16:28:33 : registerusertimeline.php : I : -------------registerusertimeline.php-------------
[v0.1] : 07-11-17 16:28:33 : registerusertimeline.php : I : Registered a timeline for the user(1) for the type(LIKE_RECIPE_ADD) with type id(2)
[v0.1] : 07-11-17 16:28:33 : registerusertimeline.php : I : -------------registerusertimeline.php-------------
[v0.1] : 07-11-17 16:28:33 : registerusertimeline.php : I : The user(1) for the type(RECIPE) with type id(27) has liked ? 
[v0.1] : 07-11-17 16:28:34 : registerusertimeline.php : I : The type(RECIPE) with type id(27) has been liked 0 times
[v0.1] : 07-11-17 16:28:34 : registerusertimeline.php : I : -------------registerusertimeline.php-------------
[v0.1] : 07-11-17 16:28:36 : submitlike.php : I : 
[v0.1] : 07-11-17 16:28:36 : submitlike.php : I : -------------submitlike.php-------------
[v0.1] : 07-11-17 16:28:36 : submitlike.php : I : REQUEST PARAM : user_id(1)
[v0.1] : 07-11-17 16:28:36 : submitlike.php : I : REQUEST PARAM : type(RECIPE)
[v0.1] : 07-11-17 16:28:36 : submitlike.php : I : REQUEST PARAM : type_id(27)
[v0.1] : 07-11-17 16:28:37 : submitlike.php : I : The user(1) has not liked the type(RECIPE) with type id(27). liking it.
[v0.1] : 07-11-17 16:28:37 : submitlike.php : I : The user(1) has liked the type(RECIPE) with type id(27) successfully.
[v0.1] : 07-11-17 16:28:37 : registerusertimeline.php : I : 
[v0.1] : 07-11-17 16:28:37 : registerusertimeline.php : I : -------------registerusertimeline.php-------------
[v0.1] : 07-11-17 16:28:37 : registerusertimeline.php : I : Registered a timeline for the user(1) for the type(LIKE_RECIPE_ADD) with type id(2)
[v0.1] : 07-11-17 16:28:37 : registerusertimeline.php : I : -------------registerusertimeline.php-------------
[v0.1] : 07-11-17 16:28:37 : registerusertimeline.php : I : The user(1) for the type(RECIPE) with type id(27) has liked ? 1
[v0.1] : 07-11-17 16:28:37 : registerusertimeline.php : I : The type(RECIPE) with type id(27) has been liked 1 times
[v0.1] : 07-11-17 16:28:37 : registerusertimeline.php : I : -------------registerusertimeline.php-------------
[v0.1] : 07-11-17 16:30:56 : submitlike.php : I : 
[v0.1] : 07-11-17 16:30:56 : submitlike.php : I : -------------submitlike.php-------------
[v0.1] : 07-11-17 16:30:56 : submitlike.php : I : REQUEST PARAM : user_id(1)
[v0.1] : 07-11-17 16:30:56 : submitlike.php : I : REQUEST PARAM : type(RECIPE)
[v0.1] : 07-11-17 16:30:56 : submitlike.php : I : REQUEST PARAM : type_id(27)
07-11-17 16:30:57 : submitlike.php : I : The user(1) has already liked the type(RECIPE) with type id(27). unliking it.
[v0.1] : 07-11-17 16:30:57 : submitlike.php : I : The user(1) has unliked the type(RECIPE) with type id(27) successfully.
[v0.1] : 07-11-17 16:30:57 : submitlike.php : I : 
[v0.1] : 07-11-17 16:30:57 : submitlike.php : I : -------------submitlike.php-------------
[v0.1] : 07-11-17 16:30:57 : submitlike.php : I : Registered a timeline for the user(1) for the type(LIKE_RECIPE_ADD) with type id(2)
[v0.1] : 07-11-17 16:30:57 : submitlike.php : I : -------------submitlike.php-------------
[v0.1] : 07-11-17 16:30:57 : submitlike.php : I : The user(1) for the type(RECIPE) with type id(27) has liked ? 
[v0.1] : 07-11-17 16:30:57 : submitlike.php : I : The type(RECIPE) with type id(27) has been liked 0 times
[v0.1] : 07-11-17 16:30:57 : submitlike.php : I : -------------submitlike.php-------------
[v0.1] : 07-11-17 16:33:09 : deletecomment.php : I : 
[v0.1] : 07-11-17 16:33:09 : deletecomment.php : I : -------------deletecomment.php-------------
[v0.1] : 07-11-17 16:33:09 : deletecomment.php : I : REQUEST PARAM : com_id()
[v0.1] : 07-11-17 16:33:09 : deletecomment.php : I : REQUEST PARAM : user_id()
[v0.1] : 07-11-17 16:33:10 : deletecomment.php : I : Comment('') successfully deleted by the user('')
[v0.1] : 07-11-17 16:33:10 : deletecomment.php : I : 
[v0.1] : 07-11-17 16:33:10 : deletecomment.php : I : -------------deletecomment.php-------------
[v0.1] : 07-11-17 16:33:10 : deletecomment.php : I : -------------deletecomment.php-------------
[v0.1] : 07-11-17 16:37:00 : deletecomment.php : I : 
[v0.1] : 07-11-17 16:37:00 : deletecomment.php : I : -------------deletecomment.php-------------
[v0.1] : 07-11-17 16:37:00 : deletecomment.php : I : REQUEST PARAM : com_id()
[v0.1] : 07-11-17 16:37:00 : deletecomment.php : I : REQUEST PARAM : user_id()
