03-11-17 20:47:47 : fetchfoodtype.php : I : Food Type fetched successfully
03-11-17 20:47:48 : fetchtrendingrecipes.php : I : Trending Recipes fetched successfully
03-11-17 20:47:49 : fetchcuisine.php : I : Food Cuisine fetched successfully
03-11-17 20:47:50 : fetchtrendingrecipes.php : I : Trending Recipes fetched successfully
03-11-17 20:47:51 : fetchqty.php : I : Quantity fetched successfully
03-11-17 20:47:52 : fetchtrendingrecipes.php : I : Trending Recipes fetched successfully
03-11-17 20:47:52 : fetchtastes.php : I : Tastes fetched successfully
[v0.1] : 04-11-17 02:35:14 : fetchusertimeline.php : I : 
04-11-17 02:35:41 : fetchfoodtype.php : I : Food Type fetched successfully
04-11-17 02:35:41 : fetchtrendingrecipes.php : I : Trending Recipes fetched successfully
04-11-17 02:35:42 : fetchcuisine.php : I : Food Cuisine fetched successfully
04-11-17 02:35:43 : fetchtrendingrecipes.php : I : Trending Recipes fetched successfully
04-11-17 02:35:44 : fetchqty.php : I : Quantity fetched successfully
04-11-17 02:35:45 : fetchtrendingrecipes.php : I : Trending Recipes fetched successfully
04-11-17 02:35:46 : fetchtastes.php : I : Tastes fetched successfully
[v0.1] : 04-11-17 02:36:24 : fetchusertimeline.php : I : 
[v0.1] : 04-11-17 02:45:35 : fetchusertimeline.php : I : 
04-11-17 02:48:16 : fetchtrendingrecipes.php : I : Trending Recipes fetched successfully
04-11-17 02:48:16 : fetchfoodtype.php : I : Food Type fetched successfully
04-11-17 02:48:18 : fetchcuisine.php : I : Food Cuisine fetched successfully
04-11-17 02:48:18 : fetchtrendingrecipes.php : I : Trending Recipes fetched successfully
04-11-17 02:48:20 : fetchqty.php : I : Quantity fetched successfully
04-11-17 02:48:20 : fetchtrendingrecipes.php : I : Trending Recipes fetched successfully
04-11-17 02:48:21 : fetchtastes.php : I : Tastes fetched successfully
[v0.1] : 04-11-17 02:48:31 : fetchusertimeline.php : I : 
04-11-17 02:50:57 : fetchfoodtype.php : I : Food Type fetched successfully
04-11-17 02:50:57 : fetchtrendingrecipes.php : I : Trending Recipes fetched successfully
04-11-17 02:50:59 : fetchcuisine.php : I : Food Cuisine fetched successfully
04-11-17 02:50:59 : fetchtrendingrecipes.php : I : Trending Recipes fetched successfully
04-11-17 02:51:00 : fetchqty.php : I : Quantity fetched successfully
04-11-17 02:51:01 : fetchtrendingrecipes.php : I : Trending Recipes fetched successfully
04-11-17 02:51:02 : fetchtastes.php : I : Tastes fetched successfully
[v0.1] : 04-11-17 02:54:52 : fetchusertimeline.php : I : 
04-11-17 02:56:23 : fetchfoodtype.php : I : Food Type fetched successfully
04-11-17 02:56:24 : fetchtrendingrecipes.php : I : Trending Recipes fetched successfully
04-11-17 02:56:25 : fetchcuisine.php : I : Food Cuisine fetched successfully
04-11-17 02:56:26 : fetchtrendingrecipes.php : I : Trending Recipes fetched successfully
04-11-17 02:56:27 : fetchqty.php : I : Quantity fetched successfully
04-11-17 02:56:28 : fetchtrendingrecipes.php : I : Trending Recipes fetched successfully
04-11-17 02:56:28 : fetchtastes.php : I : Tastes fetched successfully
[v0.1] : 04-11-17 02:56:37 : fetchusertimeline.php : I : 
[v0.1] : 04-11-17 02:56:47 : fetchusertimeline.php : I : 
