24-09-17 01:03:47 : getrecipedetails.php : I : Ingredient data fetched successfully
24-09-17 01:03:47 : getrecipedetails.php : I : Recipe images fetched successfully
24-09-17 01:03:59 : getrecipedetails.php : I : Ingredient data fetched successfully
24-09-17 01:03:59 : getrecipedetails.php : I : Recipe images fetched successfully
24-09-17 01:04:58 : getrecipedetails.php : I : Ingredient data fetched successfully
24-09-17 01:04:58 : getrecipedetails.php : I : Recipe images fetched successfully
24-09-17 01:05:16 : getrecipedetails.php : I : Ingredient data fetched successfully
24-09-17 01:05:16 : getrecipedetails.php : I : Recipe images fetched successfully
24-09-17 01:07:11 : getrecipedetails.php : I : Ingredient data fetched successfully
24-09-17 01:07:11 : getrecipedetails.php : I : Recipe images fetched successfully
24-09-17 01:11:17 : addrecipe.php : I : Insertion in Dish table with recipe id as 22 and ingredient id as 1 but not committed
24-09-17 01:11:17 : addrecipe.php : I : Insertion in RECIPE_TASTE table with recipe id as 22 and taste id as 1 but not committed
24-09-17 01:11:17 : addrecipe.php : I : Insertion in RECIPE_TASTE table with recipe id as 22 and taste id as 2 but not committed
24-09-17 01:11:17 : addrecipe.php : I : Insertion in RECIPE_TASTE table with recipe id as 22 and taste id as 3 but not committed
24-09-17 01:11:17 : addrecipe.php : I : Insertion in RECIPE_IMG table with recipe id as 22 and image no 0
24-09-17 01:11:17 : addrecipe.php : I : Image uploaded successfully as /images/appuploads/22plus0.jpg
24-09-17 01:11:17 : addrecipe.php : I : Recipe Added Successfully with Recipe Id as 22
24-09-17 01:12:16 : getrecipedetails.php : I : Ingredient data fetched successfully
24-09-17 01:12:16 : getrecipedetails.php : I : Recipe images fetched successfully
24-09-17 01:31:51 : addrecipe.php : I : Insertion in Dish table with recipe id as 23 and ingredient id as 3 but not committed
24-09-17 01:31:51 : addrecipe.php : I : Insertion in RECIPE_TASTE table with recipe id as 23 and taste id as 1 but not committed
24-09-17 01:31:51 : addrecipe.php : I : Insertion in RECIPE_TASTE table with recipe id as 23 and taste id as 2 but not committed
24-09-17 01:31:51 : addrecipe.php : I : Insertion in RECIPE_TASTE table with recipe id as 23 and taste id as 3 but not committed
24-09-17 01:31:51 : addrecipe.php : I : Insertion in RECIPE_IMG table with recipe id as 23 and image no 0
24-09-17 01:31:51 : addrecipe.php : I : Image uploaded successfully as /images/appuploads/23plus0.jpg
24-09-17 01:31:52 : addrecipe.php : I : Recipe Added Successfully with Recipe Id as 23
24-09-17 01:46:54 : addrecipe.php : I : Insertion in Dish table with recipe id as 24 and ingredient id as 4 but not committed
24-09-17 01:46:54 : addrecipe.php : I : Insertion in RECIPE_TASTE table with recipe id as 24 and taste id as 1 but not committed
24-09-17 01:46:54 : addrecipe.php : I : Insertion in RECIPE_TASTE table with recipe id as 24 and taste id as 2 but not committed
24-09-17 01:46:54 : addrecipe.php : I : Insertion in RECIPE_TASTE table with recipe id as 24 and taste id as 3 but not committed
24-09-17 01:46:54 : addrecipe.php : I : Insertion in RECIPE_IMG table with recipe id as 24 and image no 0
24-09-17 01:46:54 : addrecipe.php : I : Image uploaded successfully as /images/appuploads/24plus0.jpg
24-09-17 01:46:54 : addrecipe.php : I : Recipe Added Successfully with Recipe Id as 24
24-09-17 01:47:01 : getrecipedetails.php : I : Ingredient data fetched successfully
24-09-17 01:47:01 : getrecipedetails.php : I : Recipe images fetched successfully
24-09-17 01:47:12 : getrecipedetails.php : I : Ingredient data fetched successfully
24-09-17 01:47:12 : getrecipedetails.php : I : Recipe images fetched successfully
24-09-17 01:47:42 : getrecipedetails.php : I : Ingredient data fetched successfully
24-09-17 01:47:42 : getrecipedetails.php : I : Recipe images fetched successfully
24-09-17 01:48:04 : mastersearch.php : I : Ingredient data fetched successfully
24-09-17 01:48:04 : mastersearch.php : I : Cuisine data fetched successfully
24-09-17 01:48:04 : mastersearch.php : I : Food Type fetched successfully
24-09-17 01:48:04 : mastersearch.php : I : User Data fetched successfully
24-09-17 01:48:04 : mastersearch.php : I : Full and final recipe details fetched successfully
24-09-17 01:48:26 : getrecipedetails.php : I : Ingredient data fetched successfully
24-09-17 01:48:26 : getrecipedetails.php : I : Recipe images fetched successfully
24-09-17 01:53:04 : getrecipedetails.php : I : Ingredient data fetched successfully
24-09-17 01:53:04 : getrecipedetails.php : I : Recipe images fetched successfully
24-09-17 19:03:55 : fetchtrendingrecipes.php : I : Trending Recipes fetched successfully
24-09-17 19:03:55 : fetchfoodtype.php : I : Food Type fetched successfully
24-09-17 19:04:02 : fetchcuisine.php : I : Food Cuisine fetched successfully
24-09-17 19:04:04 : fetchqty.php : I : Quantity fetched successfully
24-09-17 19:04:04 : fetchtastes.php : I : Tastes fetched successfully
24-09-17 19:04:41 : fetchtrendingrecipes.php : I : Trending Recipes fetched successfully
24-09-17 19:05:21 : config.php : I : Ingredient auto - search successully
24-09-17 19:05:22 : config.php : I : Ingredient auto - search successully
24-09-17 19:05:28 : config.php : I : Ingredient auto - search successully
24-09-17 19:05:31 : fetchtrendingrecipes.php : I : Trending Recipes fetched successfully
24-09-17 19:06:40 : fetchtrendingrecipes.php : I : Trending Recipes fetched successfully
24-09-17 19:06:40 : fetchfoodtype.php : I : Food Type fetched successfully
24-09-17 19:06:41 : fetchcuisine.php : I : Food Cuisine fetched successfully
24-09-17 19:06:43 : fetchqty.php : I : Quantity fetched successfully
24-09-17 19:06:44 : fetchtastes.php : I : Tastes fetched successfully
24-09-17 19:07:13 : config.php : I : Ingredient auto - search successully
24-09-17 19:07:13 : config.php : I : Ingredient auto - search successully
24-09-17 19:07:51 : fetchtrendingrecipes.php : I : Trending Recipes fetched successfully
24-09-17 19:08:24 : addrecipe.php : I : New Recipe inserted but not committed to the table with recipe id as 25
24-09-17 19:08:24 : addrecipe.php : I : Insertion in Dish table with recipe id as 25 and ingredient id as 4 but not committed
24-09-17 19:08:24 : addrecipe.php : I : Insertion in RECIPE_TASTE table with recipe id as 25 and taste id as 1 but not committed
24-09-17 19:08:24 : addrecipe.php : I : Insertion in RECIPE_TASTE table with recipe id as 25 and taste id as 2 but not committed
24-09-17 19:08:24 : addrecipe.php : I : Insertion in RECIPE_TASTE table with recipe id as 25 and taste id as 3 but not committed
24-09-17 19:08:24 : addrecipe.php : I : Insertion in RECIPE_IMG table with recipe id as 25 and image no 0
24-09-17 19:08:24 : addrecipe.php : I : Image uploaded successfully as /images/appuploads/25plus0.jpg
24-09-17 19:08:24 : addrecipe.php : I : Recipe Added Successfully with Recipe Id as 25
24-09-17 19:08:33 : fetchtrendingrecipes.php : I : Trending Recipes fetched successfully
24-09-17 19:08:33 : fetchfoodtype.php : I : Food Type fetched successfully
24-09-17 19:08:34 : fetchcuisine.php : I : Food Cuisine fetched successfully
24-09-17 19:08:35 : fetchqty.php : I : Quantity fetched successfully
24-09-17 19:08:36 : fetchtastes.php : I : Tastes fetched successfully
24-09-17 19:09:00 : fetchtrendingrecipes.php : I : Trending Recipes fetched successfully
24-09-17 19:09:15 : fetchfoodtype.php : I : Food Type fetched successfully
24-09-17 19:09:16 : fetchcuisine.php : I : Food Cuisine fetched successfully
24-09-17 19:09:16 : fetchtrendingrecipes.php : I : Trending Recipes fetched successfully
24-09-17 19:09:18 : fetchqty.php : I : Quantity fetched successfully
24-09-17 19:09:19 : fetchtastes.php : I : Tastes fetched successfully
24-09-17 19:09:29 : config.php : I : Ingredient auto - search successully
24-09-17 19:09:38 : config.php : I : Ingredient auto - search successully
