14-10-17 00:14:18 : getrecipedetails.php : I : Recipe data fetched successfully
14-10-17 00:14:18 : getrecipedetails.php : I : Ingredient data fetched successfully
14-10-17 00:14:18 : getrecipedetails.php : I : Recipe images fetched successfully
14-10-17 00:14:18 : getrecipedetails.php : I : Like data fetched successfully
14-10-17 00:14:18 : getrecipedetails.php : I : View data fetched successfully
14-10-17 00:20:24 : getrecipedetails.php : I : Recipe data fetched successfully
14-10-17 00:20:24 : getrecipedetails.php : I : Ingredient data fetched successfully
14-10-17 00:20:24 : getrecipedetails.php : I : Recipe images fetched successfully
14-10-17 00:20:24 : getrecipedetails.php : I : Like data fetched successfully
14-10-17 00:20:24 : getrecipedetails.php : I : View data fetched successfully
14-10-17 00:43:06 : getrecipedetails.php : I : Recipe data fetched successfully
14-10-17 00:43:06 : getrecipedetails.php : I : Ingredient data fetched successfully
14-10-17 00:43:06 : getrecipedetails.php : I : Recipe images fetched successfully
14-10-17 00:43:06 : getrecipedetails.php : I : Like data fetched successfully
14-10-17 00:43:06 : getrecipedetails.php : I : View data fetched successfully
14-10-17 00:45:00 : getrecipedetails.php : I : Recipe data fetched successfully
14-10-17 00:45:00 : getrecipedetails.php : I : Ingredient data fetched successfully
14-10-17 00:45:00 : getrecipedetails.php : I : Recipe images fetched successfully
14-10-17 00:45:00 : getrecipedetails.php : I : Like data fetched successfully
14-10-17 00:45:00 : getrecipedetails.php : I : View data fetched successfully
14-10-17 00:47:14 : getrecipedetails.php : I : Recipe data fetched successfully
14-10-17 00:47:14 : getrecipedetails.php : I : Ingredient data fetched successfully
14-10-17 00:47:14 : getrecipedetails.php : I : Recipe images fetched successfully
14-10-17 00:47:14 : getrecipedetails.php : I : Like data fetched successfully
14-10-17 00:47:14 : getrecipedetails.php : I : View data fetched successfully
