26-08-17 14:51:30 : testforlogger.php : E : Query failure : 
26-08-17 14:51:30 : testforlogger.php : E : Could not share the book. Please try again.
26-08-17 14:53:58 : testforlogger.php : E : Query failure : 
26-08-17 14:53:58 : testforlogger.php : E : Could not share the book. Please try again.
10-09-17 14:31:40 : addrecipe.php : E : Query failure : INSERT INTO `RECIPE` (`RCP_NM` , `FOOD_TYP_ID` , `FOOD_CSN_ID`, `RCP_PROC` , `RCP_PLATING` , `RCP_NOTE`, `CREATE_DTM`) VALUES 
                                          ('Chicken Dum Biriyani' , '3' , '1' , 'Kill Chicken. Fry it. Eat it.' , 'null' , 'null' , CURRENT_TIMESTAMP)
10-09-17 14:34:00 : addrecipe.php : E : Query failure : INSERT INTO `RECIPE` (`RCP_NM` , `FOOD_TYP_ID` , `FOOD_CSN_ID`, `RCP_PROC` , `RCP_PLATING` , `RCP_NOTE`, `CREATE_DTM`) VALUES 
                                          ('Chicken Dum Biriyani' , '3' , '1' , 'Kill Chicken. Fry it. Eat it.' , 'null' , 'null' , CURRENT_TIMESTAMP)
10-09-17 14:34:00 : addrecipe.php : E : Could not add recipe. Please try again.
10-09-17 14:38:04 : addrecipe.php : E : Image upload Failed
10-09-17 14:38:04 : addrecipe.php : E : Could not add recipe. Please try again.
10-09-17 14:44:48 : addrecipe.php : E : Image upload Failed
10-09-17 14:44:48 : addrecipe.php : E : Could not add recipe. Please try again.
10-09-17 14:50:07 : addrecipe.php : E : Image upload Failed
10-09-17 14:50:07 : addrecipe.php : E : Could not add recipe. Please try again.
10-09-17 14:52:13 : addrecipe.php : E : Image upload Failed
10-09-17 14:52:13 : addrecipe.php : E : Could not add recipe. Please try again.
10-09-17 14:55:27 : addrecipe.php : E : Image upload Failed
10-09-17 14:55:27 : addrecipe.php : E : 2
10-09-17 14:55:27 : addrecipe.php : E : Could not add recipe. Please try again.
10-09-17 15:03:00 : addrecipe.php : E : Image upload Failed
10-09-17 15:03:00 : addrecipe.php : E : 1
10-09-17 15:03:00 : addrecipe.php : E : Could not add recipe. Please try again.
10-09-17 15:03:08 : addrecipe.php : E : Image upload Failed
10-09-17 15:03:08 : addrecipe.php : E : 1
10-09-17 15:03:08 : addrecipe.php : E : Could not add recipe. Please try again.
10-09-17 15:06:23 : addrecipe.php : E : Image upload Failed
10-09-17 15:06:23 : addrecipe.php : E : 1
10-09-17 15:06:23 : addrecipe.php : E : Could not add recipe. Please try again.
10-09-17 15:09:55 : addrecipe.php : E : Image upload Failed
10-09-17 15:09:55 : addrecipe.php : E : 1
10-09-17 15:09:55 : addrecipe.php : E : Could not add recipe. Please try again.
10-09-17 15:11:55 : addrecipe.php : E : Image upload Failed
10-09-17 15:11:55 : addrecipe.php : E : 1
10-09-17 15:11:55 : addrecipe.php : E : Message: Image upload Failed
10-09-17 15:14:16 : addrecipe.php : E : Upload Successful : /home/cabox/workspace/images/appuploads/3plus0.jpg
10-09-17 15:14:16 : addrecipe.php : E : Image upload Failed
10-09-17 15:14:16 : addrecipe.php : E : 2
10-09-17 15:14:16 : addrecipe.php : E : Message: Image upload Failed
10-09-17 15:27:07 : addrecipe.php : E : Upload Successful : /home/cabox/workspace/images/appuploads/4plus0.jpg
10-09-17 15:27:07 : addrecipe.php : E : Image upload Failed
10-09-17 15:27:07 : addrecipe.php : E : 2
10-09-17 15:27:07 : addrecipe.php : E : Message: Image upload Failed
10-09-17 16:06:11 : addrecipe.php : E : Upload Successful : /home/cabox/workspace/images/appuploads/5plus0.jpg
10-09-17 16:06:11 : addrecipe.php : E : Upload Successful : /home/cabox/workspace/images/appuploads/5plus1.jpg
10-09-17 16:09:44 : addrecipe.php : E : Upload Successful : /home/cabox/workspace/images/appuploads/6plus0.jpg
10-09-17 16:09:44 : addrecipe.php : E : Upload Successful : /home/cabox/workspace/images/appuploads/6plus1.jpg
10-09-17 16:09:53 : addrecipe.php : E : Upload Successful : /home/cabox/workspace/images/appuploads/7plus0.jpg
10-09-17 16:09:53 : addrecipe.php : E : Upload Successful : /home/cabox/workspace/images/appuploads/7plus1.jpg
