
/home/cabox/workspace/admincontrolpanel/appcontext/controller.php__controller__68__I__=====>SETUP_MAIN_DASHBOARD
/home/cabox/workspace/admincontrolpanel/appcontext/controller.php__controller__68__I__=====>SETUP_MAIN_DASHBOARD
/home/cabox/workspace/admincontrolpanel/appcontext/controller.php__controller__68__I__=====>SETUP_MAIN_DASHBOARD
/home/cabox/workspace/admincontrolpanel/appcontext/controller.php__controller__68__I__=====>SETUP_MAIN_DASHBOARD
/home/cabox/workspace/admincontrolpanel/appcontext/controller.php__controller__68__I__=====>SETUP_MAIN_DASHBOARD
/home/cabox/workspace/admincontrolpanel/appcontext/controller.php__controller__68__I__=====>SETUP_MAIN_DASHBOARD
/home/cabox/workspace/admincontrolpanel/appcontext/controller.php__controller__68__I__=====>SETUP_FOOD_TYPE_DASHBOARD
/home/cabox/workspace/admincontrolpanel/appcontext/controller.php__controller__68__I__=====>FETCH_FOOD_TYPE
/home/cabox/workspace/admincontrolpanel/appcontext/controller.php__controller__68__I__=====>SETUP_FOOD_TYPE_DASHBOARD
/home/cabox/workspace/admincontrolpanel/appcontext/controller.php__controller__68__I__=====>FETCH_FOOD_TYPE
/home/cabox/workspace/admincontrolpanel/appcontext/controller.php__controller__68__I__=====>SETUP_FOOD_TYPE_DASHBOARD
/home/cabox/workspace/admincontrolpanel/appcontext/controller.php__controller__68__I__=====>FETCH_FOOD_TYPE
/home/cabox/workspace/admincontrolpanel/appcontext/controller.php__controller__68__I__=====>SETUP_FOOD_TYPE_DASHBOARD
/home/cabox/workspace/admincontrolpanel/appcontext/controller.php__controller__68__I__=====>FETCH_FOOD_TYPE
/home/cabox/workspace/admincontrolpanel/appcontext/controller.php__controller__68__I__=====>SETUP_FOOD_CUISINE_DASHBOARD
/home/cabox/workspace/admincontrolpanel/appcontext/controller.php__controller__68__I__=====>FETCH_FOOD_CUISINE
/home/cabox/workspace/admincontrolpanel/appcontext/controller.php__controller__68__I__=====>SETUP_MAIN_DASHBOARD
/home/cabox/workspace/admincontrolpanel/appcontext/controller.php__controller__68__I__=====>SETUP_INGREDIENTS_DASHBOARD
/home/cabox/workspace/admincontrolpanel/appcontext/controller.php__controller__68__I__=====>FETCH_ING_CATEGORY
/home/cabox/workspace/admincontrolpanel/appcontext/controller.php__controller__68__I__=====>FETCH_INGREDIENTS
/home/cabox/workspace/admincontrolpanel/appcontext/controller.php__controller__68__I__=====>FETCH_NUT_CATEGORY
/home/cabox/workspace/admincontrolpanel/appcontext/controller.php__controller__68__I__=====>FETCH_ING_BY_CATEGORY
/home/cabox/workspace/admincontrolpanel/appcontext/controller.php__controller__68__I__=====>FETCH_NUT_BY_CATEGORY
Master__Master::fetchNutByCategory__320__E__Error ! null/empty category
/home/cabox/workspace/admincontrolpanel/appcontext/controller.php__controller__68__I__=====>SETUP_USERS_DASHBOARD
/home/cabox/workspace/admincontrolpanel/appcontext/controller.php__controller__68__I__=====>ADMIN_FETCH_USERS
/home/cabox/workspace/admincontrolpanel/appcontext/controller.php__controller__68__I__=====>SETUP_USERS_DASHBOARD
/home/cabox/workspace/admincontrolpanel/appcontext/controller.php__controller__68__I__=====>ADMIN_FETCH_USERS
/home/cabox/workspace/admincontrolpanel/appcontext/controller.php__controller__68__I__=====>SETUP_INGREDIENTS_DASHBOARD
/home/cabox/workspace/admincontrolpanel/appcontext/controller.php__controller__68__I__=====>FETCH_ING_CATEGORY
/home/cabox/workspace/admincontrolpanel/appcontext/controller.php__controller__68__I__=====>FETCH_NUT_CATEGORY
/home/cabox/workspace/admincontrolpanel/appcontext/controller.php__controller__68__I__=====>FETCH_INGREDIENTS
/home/cabox/workspace/admincontrolpanel/appcontext/controller.php__controller__68__I__=====>FETCH_NUT_BY_CATEGORY
Master__Master::fetchNutByCategory__320__E__Error ! null/empty category
/home/cabox/workspace/admincontrolpanel/appcontext/controller.php__controller__68__I__=====>FETCH_ING_BY_CATEGORY
/home/cabox/workspace/admincontrolpanel/appcontext/controller.php__controller__68__I__=====>SETUP_FOOD_CUISINE_DASHBOARD
/home/cabox/workspace/admincontrolpanel/appcontext/controller.php__controller__68__I__=====>FETCH_FOOD_CUISINE
/home/cabox/workspace/admincontrolpanel/appcontext/controller.php__controller__68__I__=====>LOGOUT
/home/cabox/workspace/admincontrolpanel/appcontext/controller.php__controller__68__I__=====>AUTHENTICATE_USER
/home/cabox/workspace/admincontrolpanel/appcontext/controller.php__controller__68__I__=====>SETUP_MAIN_DASHBOARD
/home/cabox/workspace/admincontrolpanel/appcontext/controller.php__controller__68__I__=====>AUTHENTICATE_USER
/home/cabox/workspace/admincontrolpanel/appcontext/controller.php__controller__68__I__=====>SETUP_MAIN_DASHBOARD
/home/cabox/workspace/admincontrolpanel/appcontext/controller.php__controller__68__I__=====>SETUP_FOOD_CUISINE_DASHBOARD
/home/cabox/workspace/admincontrolpanel/appcontext/controller.php__controller__68__I__=====>FETCH_FOOD_CUISINE
/home/cabox/workspace/admincontrolpanel/appcontext/controller.php__controller__68__I__=====>LOGOUT